Log file open, 03/24/22 01:30:59
LogWindows: Failed to load 'aqProf.dll' (GetLastError=126)
LogWindows: File 'aqProf.dll' does not exist
LogWindows: Failed to load 'VtuneApi.dll' (GetLastError=126)
LogWindows: File 'VtuneApi.dll' does not exist
LogWindows: Failed to load 'VtuneApi32e.dll' (GetLastError=126)
LogWindows: File 'VtuneApi32e.dll' does not exist
LogConsoleResponse: Display: Failed to find resolution value strings in scalability ini. Falling back to default.
LogConsoleResponse: Display: Failed to find resolution value strings in scalability ini. Falling back to default.
LogInit: Display: Running engine for game: KIA_Game_Project
LogPlatformFile: Not using cached read wrapper
LogTaskGraph: Started task graph with 5 named threads and 26 total threads with 3 sets of task threads.
LogStats: Stats thread started at 0.989555
LogICUInternationalization: ICU TimeZone Detection - Raw Offset: +0:00, Platform Override: ''
LogInit: Display: Loading text-based GConfig....
LogPluginManager: Mounting plugin MeshPainting
LogPluginManager: Mounting plugin XGEController
LogPluginManager: Mounting plugin Paper2D
LogPluginManager: Mounting plugin LiveLink
LogPluginManager: Mounting plugin EnvironmentQueryEditor
LogPluginManager: Mounting plugin AISupport
LogPluginManager: Mounting plugin LightPropagationVolume
LogPluginManager: Mounting plugin CameraShakePreviewer
LogPluginManager: Mounting plugin GameplayCameras
LogPluginManager: Mounting plugin OodleData
LogPluginManager: Mounting plugin OodleNetwork
LogPluginManager: Mounting plugin AnimationSharing
LogPluginManager: Mounting plugin CLionSourceCodeAccess
LogPluginManager: Mounting plugin CodeLiteSourceCodeAccess
LogPluginManager: Mounting plugin GitSourceControl
LogPluginManager: Mounting plugin KDevelopSourceCodeAccess
LogPluginManager: Mounting plugin NullSourceCodeAccess
LogPluginManager: Mounting plugin PerforceSourceControl
LogPluginManager: Mounting plugin PixWinPlugin
LogPluginManager: Mounting plugin PlasticSourceControl
LogPluginManager: Mounting plugin PluginUtils
LogPluginManager: Mounting plugin PropertyAccessNode
LogPluginManager: Mounting plugin RiderSourceCodeAccess
LogPluginManager: Mounting plugin SubversionSourceControl
LogPluginManager: Mounting plugin TextureFormatOodle
LogPluginManager: Mounting plugin UObjectPlugin
LogPluginManager: Mounting plugin AssetManagerEditor
LogPluginManager: Mounting plugin VisualStudioCodeSourceCodeAccess
LogPluginManager: Mounting plugin VisualStudioSourceCodeAccess
LogPluginManager: Mounting plugin XCodeSourceCodeAccess
LogPluginManager: Mounting plugin CurveEditorTools
LogPluginManager: Mounting plugin FacialAnimation
LogPluginManager: Mounting plugin CryptoKeys
LogPluginManager: Mounting plugin DataValidation
LogPluginManager: Mounting plugin GameplayTagsEditor
LogPluginManager: Mounting plugin GeometryMode
LogPluginManager: Mounting plugin MaterialAnalyzer
LogPluginManager: Mounting plugin MacGraphicsSwitching
LogPluginManager: Mounting plugin PluginBrowser
LogPluginManager: Mounting plugin MobileLauncherProfileWizard
LogPluginManager: Mounting plugin SpeedTreeImporter
LogPluginManager: Mounting plugin DatasmithContent
LogPluginManager: Mounting plugin VariantManagerContent
LogPluginManager: Mounting plugin AlembicImporter
LogPluginManager: Mounting plugin AutomationUtils
LogPluginManager: Mounting plugin BackChannel
LogPluginManager: Mounting plugin ChaosCloth
LogPluginManager: Mounting plugin ChaosClothEditor
LogPluginManager: Mounting plugin ChaosEditor
LogPluginManager: Mounting plugin ChaosNiagara
LogPluginManager: Mounting plugin ChaosSolverPlugin
LogPluginManager: Mounting plugin CharacterAI
LogPluginManager: Mounting plugin ControlRig
LogPluginManager: Mounting plugin GeometryCache
LogPluginManager: Mounting plugin GeometryCollectionPlugin
LogPluginManager: Mounting plugin GeometryProcessing
LogPluginManager: Mounting plugin Landmass
LogPluginManager: Mounting plugin MotoSynth
LogPluginManager: Mounting plugin OpenImageDenoise
LogPluginManager: Mounting plugin PlanarCut
LogPluginManager: Mounting plugin PlatformCrypto
LogPluginManager: Mounting plugin ProxyLODPlugin
LogPluginManager: Mounting plugin PythonScriptPlugin
LogPluginManager: Mounting plugin RawInput
LogPluginManager: Mounting plugin SkeletalReduction
LogPluginManager: Mounting plugin Niagara
LogPluginManager: Mounting plugin LuminPlatformFeatures
LogPluginManager: Mounting plugin MagicLeap
LogPluginManager: Mounting plugin MagicLeapLightEstimation
LogPluginManager: Mounting plugin MagicLeapMedia
LogPluginManager: Mounting plugin MagicLeapPassableWorld
LogPluginManager: Mounting plugin MLSDK
LogPluginManager: Mounting plugin AndroidMedia
LogPluginManager: Mounting plugin AvfMedia
LogPluginManager: Mounting plugin ImgMedia
LogPluginManager: Mounting plugin MediaCompositing
LogPluginManager: Mounting plugin MediaPlayerEditor
LogPluginManager: Mounting plugin WmfMedia
LogPluginManager: Mounting plugin WebMMedia
LogPluginManager: Mounting plugin TcpMessaging
LogPluginManager: Mounting plugin ActorSequence
LogPluginManager: Mounting plugin UdpMessaging
LogPluginManager: Mounting plugin LevelSequenceEditor
LogPluginManager: Mounting plugin MatineeToLevelSequence
LogPluginManager: Mounting plugin TemplateSequence
LogPluginManager: Mounting plugin OnlineSubsystem
LogPluginManager: Mounting plugin OnlineSubsystemNull
LogPluginManager: Mounting plugin OnlineSubsystemUtils
LogPluginManager: Mounting plugin LauncherChunkInstaller
LogPluginManager: Mounting plugin ActorLayerUtilities
LogPluginManager: Mounting plugin AndroidMoviePlayer
LogPluginManager: Mounting plugin AndroidPermission
LogPluginManager: Mounting plugin AndroidDeviceProfileSelector
LogPluginManager: Mounting plugin AppleImageUtils
LogPluginManager: Mounting plugin AppleMoviePlayer
LogPluginManager: Mounting plugin ArchVisCharacter
LogPluginManager: Mounting plugin AssetTags
LogPluginManager: Mounting plugin AudioCapture
LogPluginManager: Mounting plugin AudioSynesthesia
LogPluginManager: Mounting plugin CableComponent
LogPluginManager: Mounting plugin ChunkDownloader
LogPluginManager: Mounting plugin CustomMeshComponent
LogPluginManager: Mounting plugin ExampleDeviceProfileSelector
LogPluginManager: Mounting plugin EditableMesh
LogPluginManager: Mounting plugin GoogleCloudMessaging
LogPluginManager: Mounting plugin GooglePAD
LogPluginManager: Mounting plugin IOSDeviceProfileSelector
LogPluginManager: Mounting plugin LinuxDeviceProfileSelector
LogPluginManager: Mounting plugin LocationServicesBPLibrary
LogPluginManager: Mounting plugin MobilePatchingUtils
LogPluginManager: Mounting plugin OpenXR
LogPluginManager: Mounting plugin OpenXREyeTracker
LogPluginManager: Mounting plugin OpenXRHandTracking
LogPluginManager: Mounting plugin PhysXVehicles
LogPluginManager: Mounting plugin PostSplashScreen
LogPluginManager: Mounting plugin ProceduralMeshComponent
LogPluginManager: Mounting plugin PropertyAccessEditor
LogPluginManager: Mounting plugin RuntimePhysXCooking
LogPluginManager: Mounting plugin SignificanceManager
LogPluginManager: Mounting plugin SoundFields
LogPluginManager: Mounting plugin Synthesis
LogPluginManager: Mounting plugin WebMMoviePlayer
LogPluginManager: Mounting plugin WindowsMoviePlayer
LogPluginManager: Mounting plugin ScreenshotTools
LogPluginManager: Mounting plugin Takes
LogPluginManager: Mounting plugin ContentBrowserAssetDataSource
LogPluginManager: Mounting plugin ContentBrowserClassDataSource
LogPluginManager: Mounting plugin ContentBrowserFileDataSource
LogPluginManager: Mounting plugin OnlineSubsystemGooglePlay
LogPluginManager: Mounting plugin OnlineSubsystemIOS
LogPluginManager: Mounting plugin OculusVR
LogPluginManager: Mounting plugin SteamVR
PixWinPlugin: PIX capture plugin failed to initialize! Check that the process is launched from PIX.
LogInit: Using libcurl 7.55.1-DEV
LogInit:  - built for x86_64-pc-win32
LogInit:  - supports SSL with OpenSSL/1.1.1
LogInit:  - supports HTTP deflate (compression) using libz 1.2.8
LogInit:  - other features:
LogInit:      CURL_VERSION_SSL
LogInit:      CURL_VERSION_LIBZ
LogInit:      CURL_VERSION_IPV6
LogInit:      CURL_VERSION_ASYNCHDNS
LogInit:      CURL_VERSION_LARGEFILE
LogInit:      CURL_VERSION_IDN
LogInit:  CurlRequestOptions (configurable via config and command line):
LogInit:  - bVerifyPeer = true  - Libcurl will verify peer certificate
LogInit:  - bUseHttpProxy = false  - Libcurl will NOT use HTTP proxy
LogInit:  - bDontReuseConnections = false  - Libcurl will reuse connections
LogInit:  - MaxHostConnections = 16  - Libcurl will limit the number of connections to a host
LogInit:  - LocalHostAddr = Default
LogInit:  - BufferSize = 65536
LogOnline: OSS: Creating online subsystem instance for: NULL
LogInit: WinSock: version 1.1 (2.2), MaxSocks=32767, MaxUdp=65467
LogOnline: OSS: TryLoadSubsystemAndSetDefault: Loaded subsystem for module [NULL]
LogOculusPluginWrapper: OculusPlugin initialized successfully
LogHMD: Failed initializing OVRPlugin 1.59.0
LogInit: Build: ++UE4+Release-4.27-CL-18319896
LogInit: Engine Version: 4.27.2-18319896+++UE4+Release-4.27
LogInit: Compatible Engine Version: 4.27.0-17155196+++UE4+Release-4.27
LogInit: Net CL: 17155196
LogInit: OS: Windows 10 (Release 2009) (), CPU: Intel(R) Core(TM) i7-9700F CPU @ 3.00GHz, GPU: NVIDIA GeForce RTX 2060 SUPER
LogInit: Compiled (64-bit): Nov 30 2021 07:12:08
LogInit: Compiled with Visual C++: 19.24.28315.00
LogInit: Build Configuration: Development
LogInit: Branch Name: ++UE4+Release-4.27
LogInit: Command Line: 
LogInit: Base Directory: D:/Program Files/Epic Games/UE_4.27/Engine/Binaries/Win64/
LogInit: Allocator: TBB
LogInit: Installed Engine Build: 1
LogDevObjectVersion: Number of dev versions registered: 29
LogDevObjectVersion:   Dev-Blueprints (B0D832E4-1F89-4F0D-ACCF-7EB736FD4AA2): 10
LogDevObjectVersion:   Dev-Build (E1C64328-A22C-4D53-A36C-8E866417BD8C): 0
LogDevObjectVersion:   Dev-Core (375EC13C-06E4-48FB-B500-84F0262A717E): 4
LogDevObjectVersion:   Dev-Editor (E4B068ED-F494-42E9-A231-DA0B2E46BB41): 40
LogDevObjectVersion:   Dev-Framework (CFFC743F-43B0-4480-9391-14DF171D2073): 37
LogDevObjectVersion:   Dev-Mobile (B02B49B5-BB20-44E9-A304-32B752E40360): 3
LogDevObjectVersion:   Dev-Networking (A4E4105C-59A1-49B5-A7C5-40C4547EDFEE): 0
LogDevObjectVersion:   Dev-Online (39C831C9-5AE6-47DC-9A44-9C173E1C8E7C): 0
LogDevObjectVersion:   Dev-Physics (78F01B33-EBEA-4F98-B9B4-84EACCB95AA2): 14
LogDevObjectVersion:   Dev-Platform (6631380F-2D4D-43E0-8009-CF276956A95A): 0
LogDevObjectVersion:   Dev-Rendering (12F88B9F-8875-4AFC-A67C-D90C383ABD29): 45
LogDevObjectVersion:   Dev-Sequencer (7B5AE74C-D270-4C10-A958-57980B212A5A): 13
LogDevObjectVersion:   Dev-VR (D7296918-1DD6-4BDD-9DE2-64A83CC13884): 3
LogDevObjectVersion:   Dev-LoadTimes (C2A15278-BFE7-4AFE-6C17-90FF531DF755): 1
LogDevObjectVersion:   Private-Geometry (6EACA3D4-40EC-4CC1-B786-8BED09428FC5): 3
LogDevObjectVersion:   Dev-AnimPhys (29E575DD-E0A3-4627-9D10-D276232CDCEA): 17
LogDevObjectVersion:   Dev-Anim (AF43A65D-7FD3-4947-9873-3E8ED9C1BB05): 15
LogDevObjectVersion:   Dev-ReflectionCapture (6B266CEC-1EC7-4B8F-A30B-E4D90942FC07): 1
LogDevObjectVersion:   Dev-Automation (0DF73D61-A23F-47EA-B727-89E90C41499A): 1
LogDevObjectVersion:   FortniteMain (601D1886-AC64-4F84-AA16-D3DE0DEAC7D6): 47
LogDevObjectVersion:   FortniteRelease (E7086368-6B23-4C58-8439-1B7016265E91): 1
LogDevObjectVersion:   Dev-Enterprise (9DFFBCD6-494F-0158-E221-12823C92A888): 10
LogDevObjectVersion:   Dev-Niagara (F2AED0AC-9AFE-416F-8664-AA7FFA26D6FC): 1
LogDevObjectVersion:   Dev-Destruction (174F1F0B-B4C6-45A5-B13F-2EE8D0FB917D): 10
LogDevObjectVersion:   Dev-Physics-Ext (35F94A83-E258-406C-A318-09F59610247C): 41
LogDevObjectVersion:   Dev-PhysicsMaterial-Chaos (B68FC16E-8B1B-42E2-B453-215C058844FE): 1
LogDevObjectVersion:   Dev-CineCamera (B2E18506-4273-CFC2-A54E-F4BB758BBA07): 1
LogDevObjectVersion:   Dev-VirtualProduction (64F58936-FD1B-42BA-BA96-7289D5D0FA4E): 1
LogDevObjectVersion:   Dev-MediaFramework (6F0ED827-A609-4895-9C91-998D90180EA4): 2
LogInit: Presizing for max 25165824 objects, including 0 objects not considered by GC, pre-allocating 0 bytes for permanent pool.
LogConfig: Applying CVar settings from Section [/Script/Engine.StreamingSettings] File [E:/Uni Work/Year 3/Unreal Projects/Group Project/RacingGame/KIA_Game_Project/Saved/Config/Windows/Engine.ini]
LogConfig: Setting CVar [[s.MinBulkDataSizeForAsyncLoading:131072]]
LogConfig: Setting CVar [[s.AsyncLoadingThreadEnabled:0]]
LogConfig: Setting CVar [[s.EventDrivenLoaderEnabled:1]]
LogConfig: Setting CVar [[s.WarnIfTimeLimitExceeded:0]]
LogConfig: Setting CVar [[s.TimeLimitExceededMultiplier:1.5]]
LogConfig: Setting CVar [[s.TimeLimitExceededMinTime:0.005]]
LogConfig: Setting CVar [[s.UseBackgroundLevelStreaming:1]]
LogConfig: Setting CVar [[s.PriorityAsyncLoadingExtraTime:15.0]]
LogConfig: Setting CVar [[s.LevelStreamingActorsUpdateTimeLimit:5.0]]
LogConfig: Setting CVar [[s.PriorityLevelStreamingActorsUpdateExtraTime:5.0]]
LogConfig: Setting CVar [[s.LevelStreamingComponentsRegistrationGranularity:10]]
LogConfig: Setting CVar [[s.UnregisterComponentsTimeLimit:1.0]]
LogConfig: Setting CVar [[s.LevelStreamingComponentsUnregistrationGranularity:5]]
LogConfig: Setting CVar [[s.FlushStreamingOnExit:1]]
LogInit: Object subsystem initialized
LogConfig: Setting CVar [[con.DebugEarlyDefault:1]]
LogConfig: Setting CVar [[r.setres:1280x720]]
[2022.03.24-01.31.10:733][  0]LogConfig: Setting CVar [[r.VSync:0]]
[2022.03.24-01.31.10:733][  0]LogConfig: Setting CVar [[r.RHICmdBypass:0]]
[2022.03.24-01.31.10:733][  0]LogConfig: Applying CVar settings from Section [/Script/Engine.RendererSettings] File [E:/Uni Work/Year 3/Unreal Projects/Group Project/RacingGame/KIA_Game_Project/Saved/Config/Windows/Engine.ini]
[2022.03.24-01.31.10:733][  0]LogConfig: Setting CVar [[r.GPUCrashDebugging:0]]
[2022.03.24-01.31.10:733][  0]LogConfig: Setting CVar [[r.GenerateMeshDistanceFields:1]]
[2022.03.24-01.31.10:733][  0]LogConfig: Setting CVar [[r.DefaultFeature.AutoExposure:0]]
[2022.03.24-01.31.10:733][  0]LogConfig: Setting CVar [[r.DefaultFeature.AutoExposure.Bias:0.500000]]
[2022.03.24-01.31.10:733][  0]LogConfig: Setting CVar [[r.VirtualTextures:0]]
[2022.03.24-01.31.10:733][  0]LogConfig: Applying CVar settings from Section [/Script/Engine.RendererOverrideSettings] File [E:/Uni Work/Year 3/Unreal Projects/Group Project/RacingGame/KIA_Game_Project/Saved/Config/Windows/Engine.ini]
[2022.03.24-01.31.10:733][  0]LogConfig: Applying CVar settings from Section [/Script/Engine.StreamingSettings] File [E:/Uni Work/Year 3/Unreal Projects/Group Project/RacingGame/KIA_Game_Project/Saved/Config/Windows/Engine.ini]
[2022.03.24-01.31.10:733][  0]LogConfig: Setting CVar [[s.MinBulkDataSizeForAsyncLoading:131072]]
[2022.03.24-01.31.10:733][  0]LogConfig: Setting CVar [[s.AsyncLoadingThreadEnabled:0]]
[2022.03.24-01.31.10:733][  0]LogConfig: Setting CVar [[s.EventDrivenLoaderEnabled:1]]
[2022.03.24-01.31.10:733][  0]LogConfig: Setting CVar [[s.WarnIfTimeLimitExceeded:0]]
[2022.03.24-01.31.10:733][  0]LogConfig: Setting CVar [[s.TimeLimitExceededMultiplier:1.5]]
[2022.03.24-01.31.10:733][  0]LogConfig: Setting CVar [[s.TimeLimitExceededMinTime:0.005]]
[2022.03.24-01.31.10:733][  0]LogConfig: Setting CVar [[s.UseBackgroundLevelStreaming:1]]
[2022.03.24-01.31.10:733][  0]LogConfig: Setting CVar [[s.PriorityAsyncLoadingExtraTime:15.0]]
[2022.03.24-01.31.10:733][  0]LogConfig: Setting CVar [[s.LevelStreamingActorsUpdateTimeLimit:5.0]]
[2022.03.24-01.31.10:733][  0]LogConfig: Setting CVar [[s.PriorityLevelStreamingActorsUpdateExtraTime:5.0]]
[2022.03.24-01.31.10:733][  0]LogConfig: Setting CVar [[s.LevelStreamingComponentsRegistrationGranularity:10]]
[2022.03.24-01.31.10:733][  0]LogConfig: Setting CVar [[s.UnregisterComponentsTimeLimit:1.0]]
[2022.03.24-01.31.10:734][  0]LogConfig: Setting CVar [[s.LevelStreamingComponentsUnregistrationGranularity:5]]
[2022.03.24-01.31.10:734][  0]LogConfig: Setting CVar [[s.FlushStreamingOnExit:1]]
[2022.03.24-01.31.10:734][  0]LogConfig: Applying CVar settings from Section [/Script/Engine.GarbageCollectionSettings] File [E:/Uni Work/Year 3/Unreal Projects/Group Project/RacingGame/KIA_Game_Project/Saved/Config/Windows/Engine.ini]
[2022.03.24-01.31.10:734][  0]LogConfig: Setting CVar [[gc.MaxObjectsNotConsideredByGC:1]]
[2022.03.24-01.31.10:734][  0]LogConfig: Setting CVar [[gc.SizeOfPermanentObjectPool:0]]
[2022.03.24-01.31.10:734][  0]LogConfig: Setting CVar [[gc.FlushStreamingOnGC:0]]
[2022.03.24-01.31.10:734][  0]LogConfig: Setting CVar [[gc.NumRetriesBeforeForcingGC:10]]
[2022.03.24-01.31.10:734][  0]LogConfig: Setting CVar [[gc.AllowParallelGC:1]]
[2022.03.24-01.31.10:734][  0]LogConfig: Setting CVar [[gc.TimeBetweenPurgingPendingKillObjects:61.1]]
[2022.03.24-01.31.10:734][  0]LogConfig: Setting CVar [[gc.MaxObjectsInEditor:25165824]]
[2022.03.24-01.31.10:734][  0]LogConfig: Setting CVar [[gc.IncrementalBeginDestroyEnabled:1]]
[2022.03.24-01.31.10:734][  0]LogConfig: Setting CVar [[gc.CreateGCClusters:1]]
[2022.03.24-01.31.10:734][  0]LogConfig: Setting CVar [[gc.MinGCClusterSize:5]]
[2022.03.24-01.31.10:734][  0]LogConfig: Setting CVar [[gc.ActorClusteringEnabled:0]]
[2022.03.24-01.31.10:734][  0]LogConfig: Setting CVar [[gc.BlueprintClusteringEnabled:0]]
[2022.03.24-01.31.10:734][  0]LogConfig: Setting CVar [[gc.UseDisregardForGCOnDedicatedServers:0]]
[2022.03.24-01.31.10:734][  0]LogConfig: Setting CVar [[gc.MultithreadedDestructionEnabled:1]]
[2022.03.24-01.31.10:734][  0]LogConfig: Applying CVar settings from Section [/Script/Engine.NetworkSettings] File [E:/Uni Work/Year 3/Unreal Projects/Group Project/RacingGame/KIA_Game_Project/Saved/Config/Windows/Engine.ini]
[2022.03.24-01.31.10:734][  0]LogConfig: Applying CVar settings from Section [/Script/UnrealEd.CookerSettings] File [E:/Uni Work/Year 3/Unreal Projects/Group Project/RacingGame/KIA_Game_Project/Saved/Config/Windows/Engine.ini]
[2022.03.24-01.31.10:854][  0]LogConfig: Applying CVar settings from Section [ViewDistanceQuality@3] File [E:/Uni Work/Year 3/Unreal Projects/Group Project/RacingGame/KIA_Game_Project/Saved/Config/Windows/Scalability.ini]
[2022.03.24-01.31.10:854][  0]LogConfig: Setting CVar [[r.SkeletalMeshLODBias:0]]
[2022.03.24-01.31.10:854][  0]LogConfig: Setting CVar [[r.ViewDistanceScale:1.0]]
[2022.03.24-01.31.10:854][  0]LogConfig: Applying CVar settings from Section [AntiAliasingQuality@3] File [E:/Uni Work/Year 3/Unreal Projects/Group Project/RacingGame/KIA_Game_Project/Saved/Config/Windows/Scalability.ini]
[2022.03.24-01.31.10:854][  0]LogConfig: Setting CVar [[r.PostProcessAAQuality:4]]
[2022.03.24-01.31.10:854][  0]LogConfig: Applying CVar settings from Section [ShadowQuality@3] File [E:/Uni Work/Year 3/Unreal Projects/Group Project/RacingGame/KIA_Game_Project/Saved/Config/Windows/Scalability.ini]
[2022.03.24-01.31.10:854][  0]LogConfig: Setting CVar [[r.LightFunctionQuality:1]]
[2022.03.24-01.31.10:854][  0]LogConfig: Setting CVar [[r.ShadowQuality:5]]
[2022.03.24-01.31.10:854][  0]LogConfig: Setting CVar [[r.Shadow.CSM.MaxCascades:10]]
[2022.03.24-01.31.10:854][  0]LogConfig: Setting CVar [[r.Shadow.MaxResolution:2048]]
[2022.03.24-01.31.10:854][  0]LogConfig: Setting CVar [[r.Shadow.MaxCSMResolution:2048]]
[2022.03.24-01.31.10:854][  0]LogConfig: Setting CVar [[r.Shadow.RadiusThreshold:0.01]]
[2022.03.24-01.31.10:854][  0]LogConfig: Setting CVar [[r.Shadow.DistanceScale:1.0]]
[2022.03.24-01.31.10:854][  0]LogConfig: Setting CVar [[r.Shadow.CSM.TransitionScale:1.0]]
[2022.03.24-01.31.10:854][  0]LogConfig: Setting CVar [[r.Shadow.PreShadowResolutionFactor:1.0]]
[2022.03.24-01.31.10:854][  0]LogConfig: Setting CVar [[r.DistanceFieldShadowing:1]]
[2022.03.24-01.31.10:854][  0]LogConfig: Setting CVar [[r.DistanceFieldAO:1]]
[2022.03.24-01.31.10:854][  0]LogConfig: Setting CVar [[r.AOQuality:2]]
[2022.03.24-01.31.10:854][  0]LogConfig: Setting CVar [[r.VolumetricFog:1]]
[2022.03.24-01.31.10:854][  0]LogConfig: Setting CVar [[r.VolumetricFog.GridPixelSize:8]]
[2022.03.24-01.31.10:854][  0]LogConfig: Setting CVar [[r.VolumetricFog.GridSizeZ:128]]
[2022.03.24-01.31.10:854][  0]LogConfig: Setting CVar [[r.VolumetricFog.HistoryMissSupersampleCount:4]]
[2022.03.24-01.31.10:854][  0]LogConfig: Setting CVar [[r.LightMaxDrawDistanceScale:1]]
[2022.03.24-01.31.10:854][  0]LogConfig: Setting CVar [[r.CapsuleShadows:1]]
[2022.03.24-01.31.10:854][  0]LogConfig: Applying CVar settings from Section [PostProcessQuality@3] File [E:/Uni Work/Year 3/Unreal Projects/Group Project/RacingGame/KIA_Game_Project/Saved/Config/Windows/Scalability.ini]
[2022.03.24-01.31.10:854][  0]LogConfig: Setting CVar [[r.MotionBlurQuality:4]]
[2022.03.24-01.31.10:854][  0]LogConfig: Setting CVar [[r.AmbientOcclusionMipLevelFactor:0.4]]
[2022.03.24-01.31.10:854][  0]LogConfig: Setting CVar [[r.AmbientOcclusionMaxQuality:100]]
[2022.03.24-01.31.10:854][  0]LogConfig: Setting CVar [[r.AmbientOcclusionLevels:-1]]
[2022.03.24-01.31.10:854][  0]LogConfig: Setting CVar [[r.AmbientOcclusionRadiusScale:1.0]]
[2022.03.24-01.31.10:854][  0]LogConfig: Setting CVar [[r.DepthOfFieldQuality:2]]
[2022.03.24-01.31.10:854][  0]LogConfig: Setting CVar [[r.RenderTargetPoolMin:400]]
[2022.03.24-01.31.10:854][  0]LogConfig: Setting CVar [[r.LensFlareQuality:2]]
[2022.03.24-01.31.10:854][  0]LogConfig: Setting CVar [[r.SceneColorFringeQuality:1]]
[2022.03.24-01.31.10:854][  0]LogConfig: Setting CVar [[r.EyeAdaptationQuality:2]]
[2022.03.24-01.31.10:854][  0]LogConfig: Setting CVar [[r.BloomQuality:5]]
[2022.03.24-01.31.10:854][  0]LogConfig: Setting CVar [[r.FastBlurThreshold:100]]
[2022.03.24-01.31.10:854][  0]LogConfig: Setting CVar [[r.Upscale.Quality:3]]
[2022.03.24-01.31.10:855][  0]LogConfig: Setting CVar [[r.Tonemapper.GrainQuantization:1]]
[2022.03.24-01.31.10:855][  0]LogConfig: Setting CVar [[r.LightShaftQuality:1]]
[2022.03.24-01.31.10:855][  0]LogConfig: Setting CVar [[r.Filter.SizeScale:1]]
[2022.03.24-01.31.10:855][  0]LogConfig: Setting CVar [[r.Tonemapper.Quality:5]]
[2022.03.24-01.31.10:855][  0]LogConfig: Setting CVar [[r.DOF.Gather.AccumulatorQuality:1        ; higher gathering accumulator quality]]
[2022.03.24-01.31.10:855][  0]LogConfig: Setting CVar [[r.DOF.Gather.PostfilterMethod:1          ; Median3x3 postfilering method]]
[2022.03.24-01.31.10:855][  0]LogConfig: Setting CVar [[r.DOF.Gather.EnableBokehSettings:0       ; no bokeh simulation when gathering]]
[2022.03.24-01.31.10:855][  0]LogConfig: Setting CVar [[r.DOF.Gather.RingCount:4                 ; medium number of samples when gathering]]
[2022.03.24-01.31.10:855][  0]LogConfig: Setting CVar [[r.DOF.Scatter.ForegroundCompositing:1    ; additive foreground scattering]]
[2022.03.24-01.31.10:855][  0]LogConfig: Setting CVar [[r.DOF.Scatter.BackgroundCompositing:2    ; additive background scattering]]
[2022.03.24-01.31.10:855][  0]LogConfig: Setting CVar [[r.DOF.Scatter.EnableBokehSettings:1      ; bokeh simulation when scattering]]
[2022.03.24-01.31.10:855][  0]LogConfig: Setting CVar [[r.DOF.Scatter.MaxSpriteRatio:0.1         ; only a maximum of 10% of scattered bokeh]]
[2022.03.24-01.31.10:855][  0]LogConfig: Setting CVar [[r.DOF.Recombine.Quality:1                ; cheap slight out of focus]]
[2022.03.24-01.31.10:855][  0]LogConfig: Setting CVar [[r.DOF.Recombine.EnableBokehSettings:0    ; no bokeh simulation on slight out of focus]]
[2022.03.24-01.31.10:855][  0]LogConfig: Setting CVar [[r.DOF.TemporalAAQuality:1                ; more stable temporal accumulation]]
[2022.03.24-01.31.10:855][  0]LogConfig: Setting CVar [[r.DOF.Kernel.MaxForegroundRadius:0.025]]
[2022.03.24-01.31.10:855][  0]LogConfig: Setting CVar [[r.DOF.Kernel.MaxBackgroundRadius:0.025]]
[2022.03.24-01.31.10:855][  0]LogConfig: Applying CVar settings from Section [TextureQuality@3] File [E:/Uni Work/Year 3/Unreal Projects/Group Project/RacingGame/KIA_Game_Project/Saved/Config/Windows/Scalability.ini]
[2022.03.24-01.31.10:855][  0]LogConfig: Setting CVar [[r.Streaming.MipBias:0]]
[2022.03.24-01.31.10:855][  0]LogConfig: Setting CVar [[r.Streaming.AmortizeCPUToGPUCopy:0]]
[2022.03.24-01.31.10:855][  0]LogConfig: Setting CVar [[r.Streaming.MaxNumTexturesToStreamPerFrame:0]]
[2022.03.24-01.31.10:855][  0]LogConfig: Setting CVar [[r.Streaming.Boost:1]]
[2022.03.24-01.31.10:855][  0]LogConfig: Setting CVar [[r.MaxAnisotropy:8]]
[2022.03.24-01.31.10:855][  0]LogConfig: Setting CVar [[r.VT.MaxAnisotropy:8]]
[2022.03.24-01.31.10:855][  0]LogConfig: Setting CVar [[r.Streaming.LimitPoolSizeToVRAM:0]]
[2022.03.24-01.31.10:855][  0]LogConfig: Setting CVar [[r.Streaming.PoolSize:1000]]
[2022.03.24-01.31.10:855][  0]LogConfig: Setting CVar [[r.Streaming.MaxEffectiveScreenSize:0]]
[2022.03.24-01.31.10:855][  0]LogConfig: Applying CVar settings from Section [EffectsQuality@3] File [E:/Uni Work/Year 3/Unreal Projects/Group Project/RacingGame/KIA_Game_Project/Saved/Config/Windows/Scalability.ini]
[2022.03.24-01.31.10:855][  0]LogConfig: Setting CVar [[r.TranslucencyLightingVolumeDim:64]]
[2022.03.24-01.31.10:855][  0]LogConfig: Setting CVar [[r.RefractionQuality:2]]
[2022.03.24-01.31.10:855][  0]LogConfig: Setting CVar [[r.SSR.Quality:3]]
[2022.03.24-01.31.10:855][  0]LogConfig: Setting CVar [[r.SSR.HalfResSceneColor:0]]
[2022.03.24-01.31.10:855][  0]LogConfig: Setting CVar [[r.SceneColorFormat:4]]
[2022.03.24-01.31.10:855][  0]LogConfig: Setting CVar [[r.DetailMode:2]]
[2022.03.24-01.31.10:855][  0]LogConfig: Setting CVar [[r.TranslucencyVolumeBlur:1]]
[2022.03.24-01.31.10:855][  0]LogConfig: Setting CVar [[r.MaterialQualityLevel:1 ; High quality]]
[2022.03.24-01.31.10:855][  0]LogConfig: Setting CVar [[r.AnisotropicMaterials:1]]
[2022.03.24-01.31.10:855][  0]LogConfig: Setting CVar [[r.SSS.Scale:1]]
[2022.03.24-01.31.10:855][  0]LogConfig: Setting CVar [[r.SSS.SampleSet:2]]
[2022.03.24-01.31.10:855][  0]LogConfig: Setting CVar [[r.SSS.Quality:1]]
[2022.03.24-01.31.10:855][  0]LogConfig: Setting CVar [[r.SSS.HalfRes:0]]
[2022.03.24-01.31.10:855][  0]LogConfig: Setting CVar [[r.SSGI.Quality:3]]
[2022.03.24-01.31.10:855][  0]LogConfig: Setting CVar [[r.EmitterSpawnRateScale:1.0]]
[2022.03.24-01.31.10:855][  0]LogConfig: Setting CVar [[r.ParticleLightQuality:2]]
[2022.03.24-01.31.10:855][  0]LogConfig: Setting CVar [[r.SkyAtmosphere.AerialPerspectiveLUT.FastApplyOnOpaque:1 ; Always have FastSkyLUT 1 in this case to avoid wrong sky]]
[2022.03.24-01.31.10:855][  0]LogConfig: Setting CVar [[r.SkyAtmosphere.AerialPerspectiveLUT.SampleCountMaxPerSlice:4]]
[2022.03.24-01.31.10:855][  0]LogConfig: Setting CVar [[r.SkyAtmosphere.AerialPerspectiveLUT.DepthResolution:16.0]]
[2022.03.24-01.31.10:855][  0]LogConfig: Setting CVar [[r.SkyAtmosphere.FastSkyLUT:1]]
[2022.03.24-01.31.10:855][  0]LogConfig: Setting CVar [[r.SkyAtmosphere.FastSkyLUT.SampleCountMin:4.0]]
[2022.03.24-01.31.10:855][  0]LogConfig: Setting CVar [[r.SkyAtmosphere.FastSkyLUT.SampleCountMax:128.0]]
[2022.03.24-01.31.10:855][  0]LogConfig: Setting CVar [[r.SkyAtmosphere.SampleCountMin:4.0]]
[2022.03.24-01.31.10:855][  0]LogConfig: Setting CVar [[r.SkyAtmosphere.SampleCountMax:128.0]]
[2022.03.24-01.31.10:855][  0]LogConfig: Setting CVar [[r.SkyAtmosphere.TransmittanceLUT.UseSmallFormat:0]]
[2022.03.24-01.31.10:855][  0]LogConfig: Setting CVar [[r.SkyAtmosphere.TransmittanceLUT.SampleCount:10.0]]
[2022.03.24-01.31.10:855][  0]LogConfig: Setting CVar [[r.SkyAtmosphere.MultiScatteringLUT.SampleCount:15.0]]
[2022.03.24-01.31.10:855][  0]LogConfig: Setting CVar [[r.SkyLight.RealTimeReflectionCapture:1]]
[2022.03.24-01.31.10:855][  0]LogConfig: Applying CVar settings from Section [FoliageQuality@3] File [E:/Uni Work/Year 3/Unreal Projects/Group Project/RacingGame/KIA_Game_Project/Saved/Config/Windows/Scalability.ini]
[2022.03.24-01.31.10:855][  0]LogConfig: Setting CVar [[foliage.DensityScale:1.0]]
[2022.03.24-01.31.10:855][  0]LogConfig: Setting CVar [[grass.DensityScale:1.0]]
[2022.03.24-01.31.10:855][  0]LogConfig: Applying CVar settings from Section [ShadingQuality@3] File [E:/Uni Work/Year 3/Unreal Projects/Group Project/RacingGame/KIA_Game_Project/Saved/Config/Windows/Scalability.ini]
[2022.03.24-01.31.10:855][  0]LogConfig: Setting CVar [[r.HairStrands.SkyLighting.IntegrationType:2]]
[2022.03.24-01.31.10:855][  0]LogConfig: Setting CVar [[r.HairStrands.SkyAO.SampleCount:4]]
[2022.03.24-01.31.10:855][  0]LogConfig: Setting CVar [[r.HairStrands.Visibility.MSAA.SamplePerPixel:4]]
[2022.03.24-01.31.10:856][  0]LogInit: Selected Device Profile: [Windows]
[2022.03.24-01.31.10:860][  0]LogInit: Applying CVar settings loaded from the selected device profile: [Windows]
[2022.03.24-01.31.10:866][  0]LogHAL: Display: Platform has ~ 32 GB [34272268288 / 34359738368 / 32], which maps to Largest [LargestMinGB=32, LargerMinGB=12, DefaultMinGB=8, SmallerMinGB=6, SmallestMinGB=0)
[2022.03.24-01.31.10:866][  0]LogInit: Going up to parent DeviceProfile []
[2022.03.24-01.31.10:878][  0]LogConfig: Applying CVar settings from Section [ViewDistanceQuality@3] File [E:/Uni Work/Year 3/Unreal Projects/Group Project/RacingGame/KIA_Game_Project/Saved/Config/Windows/Scalability.ini]
[2022.03.24-01.31.10:878][  0]LogConfig: Setting CVar [[r.SkeletalMeshLODBias:0]]
[2022.03.24-01.31.10:878][  0]LogConfig: Setting CVar [[r.ViewDistanceScale:1.0]]
[2022.03.24-01.31.10:878][  0]LogConfig: Applying CVar settings from Section [AntiAliasingQuality@3] File [E:/Uni Work/Year 3/Unreal Projects/Group Project/RacingGame/KIA_Game_Project/Saved/Config/Windows/Scalability.ini]
[2022.03.24-01.31.10:878][  0]LogConfig: Setting CVar [[r.PostProcessAAQuality:4]]
[2022.03.24-01.31.10:878][  0]LogConfig: Applying CVar settings from Section [ShadowQuality@3] File [E:/Uni Work/Year 3/Unreal Projects/Group Project/RacingGame/KIA_Game_Project/Saved/Config/Windows/Scalability.ini]
[2022.03.24-01.31.10:878][  0]LogConfig: Setting CVar [[r.LightFunctionQuality:1]]
[2022.03.24-01.31.10:878][  0]LogConfig: Setting CVar [[r.ShadowQuality:5]]
[2022.03.24-01.31.10:878][  0]LogConfig: Setting CVar [[r.Shadow.CSM.MaxCascades:10]]
[2022.03.24-01.31.10:878][  0]LogConfig: Setting CVar [[r.Shadow.MaxResolution:2048]]
[2022.03.24-01.31.10:878][  0]LogConfig: Setting CVar [[r.Shadow.MaxCSMResolution:2048]]
[2022.03.24-01.31.10:878][  0]LogConfig: Setting CVar [[r.Shadow.RadiusThreshold:0.01]]
[2022.03.24-01.31.10:878][  0]LogConfig: Setting CVar [[r.Shadow.DistanceScale:1.0]]
[2022.03.24-01.31.10:878][  0]LogConfig: Setting CVar [[r.Shadow.CSM.TransitionScale:1.0]]
[2022.03.24-01.31.10:878][  0]LogConfig: Setting CVar [[r.Shadow.PreShadowResolutionFactor:1.0]]
[2022.03.24-01.31.10:878][  0]LogConfig: Setting CVar [[r.DistanceFieldShadowing:1]]
[2022.03.24-01.31.10:878][  0]LogConfig: Setting CVar [[r.DistanceFieldAO:1]]
[2022.03.24-01.31.10:878][  0]LogConfig: Setting CVar [[r.AOQuality:2]]
[2022.03.24-01.31.10:878][  0]LogConfig: Setting CVar [[r.VolumetricFog:1]]
[2022.03.24-01.31.10:878][  0]LogConfig: Setting CVar [[r.VolumetricFog.GridPixelSize:8]]
[2022.03.24-01.31.10:878][  0]LogConfig: Setting CVar [[r.VolumetricFog.GridSizeZ:128]]
[2022.03.24-01.31.10:878][  0]LogConfig: Setting CVar [[r.VolumetricFog.HistoryMissSupersampleCount:4]]
[2022.03.24-01.31.10:878][  0]LogConfig: Setting CVar [[r.LightMaxDrawDistanceScale:1]]
[2022.03.24-01.31.10:878][  0]LogConfig: Setting CVar [[r.CapsuleShadows:1]]
[2022.03.24-01.31.10:878][  0]LogConfig: Applying CVar settings from Section [PostProcessQuality@3] File [E:/Uni Work/Year 3/Unreal Projects/Group Project/RacingGame/KIA_Game_Project/Saved/Config/Windows/Scalability.ini]
[2022.03.24-01.31.10:878][  0]LogConfig: Setting CVar [[r.MotionBlurQuality:4]]
[2022.03.24-01.31.10:878][  0]LogConfig: Setting CVar [[r.AmbientOcclusionMipLevelFactor:0.4]]
[2022.03.24-01.31.10:878][  0]LogConfig: Setting CVar [[r.AmbientOcclusionMaxQuality:100]]
[2022.03.24-01.31.10:878][  0]LogConfig: Setting CVar [[r.AmbientOcclusionLevels:-1]]
[2022.03.24-01.31.10:878][  0]LogConfig: Setting CVar [[r.AmbientOcclusionRadiusScale:1.0]]
[2022.03.24-01.31.10:878][  0]LogConfig: Setting CVar [[r.DepthOfFieldQuality:2]]
[2022.03.24-01.31.10:878][  0]LogConfig: Setting CVar [[r.RenderTargetPoolMin:400]]
[2022.03.24-01.31.10:878][  0]LogConfig: Setting CVar [[r.LensFlareQuality:2]]
[2022.03.24-01.31.10:878][  0]LogConfig: Setting CVar [[r.SceneColorFringeQuality:1]]
[2022.03.24-01.31.10:878][  0]LogConfig: Setting CVar [[r.EyeAdaptationQuality:2]]
[2022.03.24-01.31.10:878][  0]LogConfig: Setting CVar [[r.BloomQuality:5]]
[2022.03.24-01.31.10:878][  0]LogConfig: Setting CVar [[r.FastBlurThreshold:100]]
[2022.03.24-01.31.10:878][  0]LogConfig: Setting CVar [[r.Upscale.Quality:3]]
[2022.03.24-01.31.10:878][  0]LogConfig: Setting CVar [[r.Tonemapper.GrainQuantization:1]]
[2022.03.24-01.31.10:879][  0]LogConfig: Setting CVar [[r.LightShaftQuality:1]]
[2022.03.24-01.31.10:879][  0]LogConfig: Setting CVar [[r.Filter.SizeScale:1]]
[2022.03.24-01.31.10:879][  0]LogConfig: Setting CVar [[r.Tonemapper.Quality:5]]
[2022.03.24-01.31.10:879][  0]LogConfig: Setting CVar [[r.DOF.Gather.AccumulatorQuality:1        ; higher gathering accumulator quality]]
[2022.03.24-01.31.10:879][  0]LogConfig: Setting CVar [[r.DOF.Gather.PostfilterMethod:1          ; Median3x3 postfilering method]]
[2022.03.24-01.31.10:879][  0]LogConfig: Setting CVar [[r.DOF.Gather.EnableBokehSettings:0       ; no bokeh simulation when gathering]]
[2022.03.24-01.31.10:879][  0]LogConfig: Setting CVar [[r.DOF.Gather.RingCount:4                 ; medium number of samples when gathering]]
[2022.03.24-01.31.10:879][  0]LogConfig: Setting CVar [[r.DOF.Scatter.ForegroundCompositing:1    ; additive foreground scattering]]
[2022.03.24-01.31.10:879][  0]LogConfig: Setting CVar [[r.DOF.Scatter.BackgroundCompositing:2    ; additive background scattering]]
[2022.03.24-01.31.10:879][  0]LogConfig: Setting CVar [[r.DOF.Scatter.EnableBokehSettings:1      ; bokeh simulation when scattering]]
[2022.03.24-01.31.10:879][  0]LogConfig: Setting CVar [[r.DOF.Scatter.MaxSpriteRatio:0.1         ; only a maximum of 10% of scattered bokeh]]
[2022.03.24-01.31.10:879][  0]LogConfig: Setting CVar [[r.DOF.Recombine.Quality:1                ; cheap slight out of focus]]
[2022.03.24-01.31.10:879][  0]LogConfig: Setting CVar [[r.DOF.Recombine.EnableBokehSettings:0    ; no bokeh simulation on slight out of focus]]
[2022.03.24-01.31.10:879][  0]LogConfig: Setting CVar [[r.DOF.TemporalAAQuality:1                ; more stable temporal accumulation]]
[2022.03.24-01.31.10:879][  0]LogConfig: Setting CVar [[r.DOF.Kernel.MaxForegroundRadius:0.025]]
[2022.03.24-01.31.10:879][  0]LogConfig: Setting CVar [[r.DOF.Kernel.MaxBackgroundRadius:0.025]]
[2022.03.24-01.31.10:879][  0]LogConfig: Applying CVar settings from Section [TextureQuality@3] File [E:/Uni Work/Year 3/Unreal Projects/Group Project/RacingGame/KIA_Game_Project/Saved/Config/Windows/Scalability.ini]
[2022.03.24-01.31.10:879][  0]LogConfig: Setting CVar [[r.Streaming.MipBias:0]]
[2022.03.24-01.31.10:879][  0]LogConfig: Setting CVar [[r.Streaming.AmortizeCPUToGPUCopy:0]]
[2022.03.24-01.31.10:879][  0]LogConfig: Setting CVar [[r.Streaming.MaxNumTexturesToStreamPerFrame:0]]
[2022.03.24-01.31.10:879][  0]LogConfig: Setting CVar [[r.Streaming.Boost:1]]
[2022.03.24-01.31.10:879][  0]LogConfig: Setting CVar [[r.MaxAnisotropy:8]]
[2022.03.24-01.31.10:879][  0]LogConfig: Setting CVar [[r.VT.MaxAnisotropy:8]]
[2022.03.24-01.31.10:879][  0]LogConfig: Setting CVar [[r.Streaming.LimitPoolSizeToVRAM:0]]
[2022.03.24-01.31.10:879][  0]LogConfig: Setting CVar [[r.Streaming.PoolSize:1000]]
[2022.03.24-01.31.10:879][  0]LogConfig: Setting CVar [[r.Streaming.MaxEffectiveScreenSize:0]]
[2022.03.24-01.31.10:879][  0]LogConfig: Applying CVar settings from Section [EffectsQuality@3] File [E:/Uni Work/Year 3/Unreal Projects/Group Project/RacingGame/KIA_Game_Project/Saved/Config/Windows/Scalability.ini]
[2022.03.24-01.31.10:879][  0]LogConfig: Setting CVar [[r.TranslucencyLightingVolumeDim:64]]
[2022.03.24-01.31.10:879][  0]LogConfig: Setting CVar [[r.RefractionQuality:2]]
[2022.03.24-01.31.10:879][  0]LogConfig: Setting CVar [[r.SSR.Quality:3]]
[2022.03.24-01.31.10:879][  0]LogConfig: Setting CVar [[r.SSR.HalfResSceneColor:0]]
[2022.03.24-01.31.10:879][  0]LogConfig: Setting CVar [[r.SceneColorFormat:4]]
[2022.03.24-01.31.10:879][  0]LogConfig: Setting CVar [[r.DetailMode:2]]
[2022.03.24-01.31.10:879][  0]LogConfig: Setting CVar [[r.TranslucencyVolumeBlur:1]]
[2022.03.24-01.31.10:879][  0]LogConfig: Setting CVar [[r.MaterialQualityLevel:1 ; High quality]]
[2022.03.24-01.31.10:879][  0]LogConfig: Setting CVar [[r.AnisotropicMaterials:1]]
[2022.03.24-01.31.10:879][  0]LogConfig: Setting CVar [[r.SSS.Scale:1]]
[2022.03.24-01.31.10:879][  0]LogConfig: Setting CVar [[r.SSS.SampleSet:2]]
[2022.03.24-01.31.10:879][  0]LogConfig: Setting CVar [[r.SSS.Quality:1]]
[2022.03.24-01.31.10:879][  0]LogConfig: Setting CVar [[r.SSS.HalfRes:0]]
[2022.03.24-01.31.10:879][  0]LogConfig: Setting CVar [[r.SSGI.Quality:3]]
[2022.03.24-01.31.10:879][  0]LogConfig: Setting CVar [[r.EmitterSpawnRateScale:1.0]]
[2022.03.24-01.31.10:879][  0]LogConfig: Setting CVar [[r.ParticleLightQuality:2]]
[2022.03.24-01.31.10:879][  0]LogConfig: Setting CVar [[r.SkyAtmosphere.AerialPerspectiveLUT.FastApplyOnOpaque:1 ; Always have FastSkyLUT 1 in this case to avoid wrong sky]]
[2022.03.24-01.31.10:879][  0]LogConfig: Setting CVar [[r.SkyAtmosphere.AerialPerspectiveLUT.SampleCountMaxPerSlice:4]]
[2022.03.24-01.31.10:879][  0]LogConfig: Setting CVar [[r.SkyAtmosphere.AerialPerspectiveLUT.DepthResolution:16.0]]
[2022.03.24-01.31.10:879][  0]LogConfig: Setting CVar [[r.SkyAtmosphere.FastSkyLUT:1]]
[2022.03.24-01.31.10:879][  0]LogConfig: Setting CVar [[r.SkyAtmosphere.FastSkyLUT.SampleCountMin:4.0]]
[2022.03.24-01.31.10:879][  0]LogConfig: Setting CVar [[r.SkyAtmosphere.FastSkyLUT.SampleCountMax:128.0]]
[2022.03.24-01.31.10:879][  0]LogConfig: Setting CVar [[r.SkyAtmosphere.SampleCountMin:4.0]]
[2022.03.24-01.31.10:879][  0]LogConfig: Setting CVar [[r.SkyAtmosphere.SampleCountMax:128.0]]
[2022.03.24-01.31.10:879][  0]LogConfig: Setting CVar [[r.SkyAtmosphere.TransmittanceLUT.UseSmallFormat:0]]
[2022.03.24-01.31.10:879][  0]LogConfig: Setting CVar [[r.SkyAtmosphere.TransmittanceLUT.SampleCount:10.0]]
[2022.03.24-01.31.10:879][  0]LogConfig: Setting CVar [[r.SkyAtmosphere.MultiScatteringLUT.SampleCount:15.0]]
[2022.03.24-01.31.10:879][  0]LogConfig: Setting CVar [[r.SkyLight.RealTimeReflectionCapture:1]]
[2022.03.24-01.31.10:879][  0]LogConfig: Applying CVar settings from Section [FoliageQuality@3] File [E:/Uni Work/Year 3/Unreal Projects/Group Project/RacingGame/KIA_Game_Project/Saved/Config/Windows/Scalability.ini]
[2022.03.24-01.31.10:879][  0]LogConfig: Setting CVar [[foliage.DensityScale:1.0]]
[2022.03.24-01.31.10:879][  0]LogConfig: Setting CVar [[grass.DensityScale:1.0]]
[2022.03.24-01.31.10:879][  0]LogConfig: Applying CVar settings from Section [ShadingQuality@3] File [E:/Uni Work/Year 3/Unreal Projects/Group Project/RacingGame/KIA_Game_Project/Saved/Config/Windows/Scalability.ini]
[2022.03.24-01.31.10:879][  0]LogConfig: Setting CVar [[r.HairStrands.SkyLighting.IntegrationType:2]]
[2022.03.24-01.31.10:879][  0]LogConfig: Setting CVar [[r.HairStrands.SkyAO.SampleCount:4]]
[2022.03.24-01.31.10:879][  0]LogConfig: Setting CVar [[r.HairStrands.Visibility.MSAA.SamplePerPixel:4]]
[2022.03.24-01.31.10:879][  0]LogConfig: Applying CVar settings from Section [Startup] File [../../../Engine/Config/ConsoleVariables.ini]
[2022.03.24-01.31.10:896][  0]LogConfig: Setting CVar [[net.UseAdaptiveNetUpdateFrequency:0]]
[2022.03.24-01.31.10:896][  0]LogConfig: Setting CVar [[p.chaos.AllowCreatePhysxBodies:1]]
[2022.03.24-01.31.10:896][  0]LogConfig: Setting CVar [[fx.SkipVectorVMBackendOptimizations:1]]
[2022.03.24-01.31.10:896][  0]LogConfig: Applying CVar settings from Section [ConsoleVariables] File [E:/Uni Work/Year 3/Unreal Projects/Group Project/RacingGame/KIA_Game_Project/Saved/Config/Windows/Engine.ini]
[2022.03.24-01.31.10:896][  0]LogConfig: Applying CVar settings from Section [ConsoleVariables] File [E:/Uni Work/Year 3/Unreal Projects/Group Project/RacingGame/KIA_Game_Project/Saved/Config/Windows/Editor.ini]
[2022.03.24-01.31.10:939][  0]LogInit: Computer: DESKTOP-2RRJ4PM
[2022.03.24-01.31.10:939][  0]LogInit: User: iwane
[2022.03.24-01.31.10:939][  0]LogInit: CPU Page size=4096, Cores=8
[2022.03.24-01.31.10:939][  0]LogInit: High frequency timer resolution =10.000000 MHz
[2022.03.24-01.31.10:940][  0]LogMemory: Memory total: Physical=31.9GB (32GB approx)
[2022.03.24-01.31.10:948][  0]LogMemory: Platform Memory Stats for Windows
[2022.03.24-01.31.10:948][  0]LogMemory: Process Physical Memory: 147.80 MB used, 147.80 MB peak
[2022.03.24-01.31.10:948][  0]LogMemory: Process Virtual Memory: 130.79 MB used, 130.79 MB peak
[2022.03.24-01.31.10:948][  0]LogMemory: Physical Memory: 9488.03 MB used,  23196.55 MB free, 32684.58 MB total
[2022.03.24-01.31.10:948][  0]LogMemory: Virtual Memory: 134193184.00 MB used,  24547.49 MB free, 134217728.00 MB total
[2022.03.24-01.31.10:955][  0]LogWindows: WindowsPlatformFeatures enabled
[2022.03.24-01.31.11:904][  0]LogInit: Physics initialised using underlying interface: PhysX
[2022.03.24-01.31.11:942][  0]LogInit: Using OS detected language (en-US).
[2022.03.24-01.31.11:942][  0]LogInit: Using OS detected locale (en-GB).
[2022.03.24-01.31.12:185][  0]LogTextLocalizationManager: No specific localization for 'en-US' exists, so the 'en' localization will be used.
[2022.03.24-01.31.13:891][  0]LogInit: Setting process to per monitor DPI aware
[2022.03.24-01.31.14:154][  0]LogWindowsTextInputMethodSystem: Display: IME system deactivated.
[2022.03.24-01.31.14:742][  0]LogSlate: New Slate User Created.  User Index 0, Is Virtual User: 0
[2022.03.24-01.31.14:742][  0]LogSlate: Slate User Registered.  User Index 0, Is Virtual User: 0
[2022.03.24-01.31.18:107][  0]LogD3D11RHI: Loaded GFSDK_Aftermath_Lib.x64.dll
[2022.03.24-01.31.18:497][  0]LogHMD: Failed to initialize OpenVR with code 126
[2022.03.24-01.31.18:497][  0]LogD3D11RHI: D3D11 min allowed feature level: 11_0
[2022.03.24-01.31.18:497][  0]LogD3D11RHI: D3D11 max allowed feature level: 11_0
[2022.03.24-01.31.18:497][  0]LogD3D11RHI: D3D11 adapters:
[2022.03.24-01.31.18:634][  0]LogD3D11RHI:    0. 'NVIDIA GeForce RTX 2060 SUPER' (Feature Level 11_0)
[2022.03.24-01.31.18:634][  0]LogD3D11RHI:       8031/0/16342 MB DedicatedVideo/DedicatedSystem/SharedSystem, Outputs:1, VendorId:0x10de
[2022.03.24-01.31.18:636][  0]LogD3D11RHI:    1. 'Microsoft Basic Render Driver' (Feature Level 11_0)
[2022.03.24-01.31.18:636][  0]LogD3D11RHI:       0/0/16342 MB DedicatedVideo/DedicatedSystem/SharedSystem, Outputs:0, VendorId:0x1414
[2022.03.24-01.31.18:636][  0]LogD3D11RHI: Chosen D3D11 Adapter:
[2022.03.24-01.31.18:636][  0]LogD3D11RHI:     Description : NVIDIA GeForce RTX 2060 SUPER
[2022.03.24-01.31.18:636][  0]LogD3D11RHI:     VendorId    : 10de
[2022.03.24-01.31.18:636][  0]LogD3D11RHI:     DeviceId    : 1f06
[2022.03.24-01.31.18:636][  0]LogD3D11RHI:     SubSysId    : 30673842
[2022.03.24-01.31.18:636][  0]LogD3D11RHI:     Revision    : 00a1
[2022.03.24-01.31.18:636][  0]LogD3D11RHI:     DedicatedVideoMemory : 8421113856 bytes
[2022.03.24-01.31.18:636][  0]LogD3D11RHI:     DedicatedSystemMemory : 0 bytes
[2022.03.24-01.31.18:636][  0]LogD3D11RHI:     SharedSystemMemory : 17136134144 bytes
[2022.03.24-01.31.18:636][  0]LogD3D11RHI:     AdapterLuid : 0 65947
[2022.03.24-01.31.18:642][  0]LogD3D11RHI: Creating new Direct3DDevice
[2022.03.24-01.31.18:642][  0]LogD3D11RHI:     GPU DeviceId: 0x1f06 (for the marketing name, search the web for "GPU Device Id")
[2022.03.24-01.31.18:642][  0]LogWindows: EnumDisplayDevices:
[2022.03.24-01.31.18:642][  0]LogWindows:    0. 'NVIDIA GeForce RTX 2060 SUPER' (P:1 D:1)
[2022.03.24-01.31.18:642][  0]LogWindows:    1. 'NVIDIA GeForce RTX 2060 SUPER' (P:0 D:0)
[2022.03.24-01.31.18:643][  0]LogWindows:    2. 'NVIDIA GeForce RTX 2060 SUPER' (P:0 D:0)
[2022.03.24-01.31.18:643][  0]LogWindows:    3. 'NVIDIA GeForce RTX 2060 SUPER' (P:0 D:0)
[2022.03.24-01.31.18:643][  0]LogWindows: DebugString: FoundDriverCount:4 
[2022.03.24-01.31.18:643][  0]LogD3D11RHI:     Adapter Name: NVIDIA GeForce RTX 2060 SUPER
[2022.03.24-01.31.18:643][  0]LogD3D11RHI:   Driver Version: 511.65 (internal:30.0.15.1165, unified:511.65)
[2022.03.24-01.31.18:643][  0]LogD3D11RHI:      Driver Date: 1-28-2022
[2022.03.24-01.31.18:643][  0]LogRHI: Texture pool is 5621 MB (70% of 8031 MB)
[2022.03.24-01.31.18:643][  0]LogD3D11RHI: Creating D3DDevice using adapter:
[2022.03.24-01.31.18:643][  0]LogD3D11RHI:     Description : NVIDIA GeForce RTX 2060 SUPER
[2022.03.24-01.31.18:643][  0]LogD3D11RHI:     VendorId    : 10de
[2022.03.24-01.31.18:643][  0]LogD3D11RHI:     DeviceId    : 1f06
[2022.03.24-01.31.18:643][  0]LogD3D11RHI:     SubSysId    : 30673842
[2022.03.24-01.31.18:643][  0]LogD3D11RHI:     Revision    : 00a1
[2022.03.24-01.31.18:643][  0]LogD3D11RHI:     DedicatedVideoMemory : 8421113856 bytes
[2022.03.24-01.31.18:643][  0]LogD3D11RHI:     DedicatedSystemMemory : 0 bytes
[2022.03.24-01.31.18:643][  0]LogD3D11RHI:     SharedSystemMemory : 17136134144 bytes
[2022.03.24-01.31.18:643][  0]LogD3D11RHI:     AdapterLuid : 0 65947
[2022.03.24-01.31.18:699][  0]LogD3D11RHI: RHI has support for 64 bit atomics
[2022.03.24-01.31.18:700][  0]LogD3D11RHI: Async texture creation enabled
[2022.03.24-01.31.18:700][  0]LogD3D11RHI: Array index from any shader is supported
[2022.03.24-01.31.21:187][  0]LogD3D11RHI: GPU Timing Frequency: 1000.000000 (Debug: 2 1)
[2022.03.24-01.31.21:524][  0]LogRHI: GeForceNow SDK initialized: 1
[2022.03.24-01.31.23:917][  0]LogTargetPlatformManager: Display: Loaded TargetPlatform 'AllDesktop'
[2022.03.24-01.31.24:010][  0]LogTargetPlatformManager: Display: Loaded TargetPlatform 'Android'
[2022.03.24-01.31.24:010][  0]LogTargetPlatformManager: Display: Loaded TargetPlatform 'Android_ASTC'
[2022.03.24-01.31.24:010][  0]LogTargetPlatformManager: Display: Loaded TargetPlatform 'Android_DXT'
[2022.03.24-01.31.24:010][  0]LogTargetPlatformManager: Display: Loaded TargetPlatform 'Android_ETC2'
[2022.03.24-01.31.24:010][  0]LogTargetPlatformManager: Display: Loaded TargetPlatform 'AndroidClient'
[2022.03.24-01.31.24:010][  0]LogTargetPlatformManager: Display: Loaded TargetPlatform 'Android_ASTCClient'
[2022.03.24-01.31.24:010][  0]LogTargetPlatformManager: Display: Loaded TargetPlatform 'Android_DXTClient'
[2022.03.24-01.31.24:010][  0]LogTargetPlatformManager: Display: Loaded TargetPlatform 'Android_ETC2Client'
[2022.03.24-01.31.24:010][  0]LogTargetPlatformManager: Display: Loaded TargetPlatform 'Android_Multi'
[2022.03.24-01.31.24:010][  0]LogTargetPlatformManager: Display: Loaded TargetPlatform 'Android_MultiClient'
[2022.03.24-01.31.24:180][  0]LogTargetPlatformManager: Display: Loaded TargetPlatform 'IOSClient'
[2022.03.24-01.31.24:180][  0]LogTargetPlatformManager: Display: Loaded TargetPlatform 'IOS'
[2022.03.24-01.31.24:275][  0]LogTargetPlatformManager: Display: Loaded TargetPlatform 'Linux'
[2022.03.24-01.31.24:420][  0]LogTargetPlatformManager: Display: Loaded TargetPlatform 'LinuxNoEditor'
[2022.03.24-01.31.24:460][  0]LogTargetPlatformManager: Display: Loaded TargetPlatform 'LinuxClient'
[2022.03.24-01.31.24:604][  0]LogTargetPlatformManager: Display: Loaded TargetPlatform 'LinuxServer'
[2022.03.24-01.31.25:138][  0]LogTargetPlatformManager: Display: Loaded TargetPlatform 'LinuxAArch64NoEditor'
[2022.03.24-01.31.25:183][  0]LogTargetPlatformManager: Display: Loaded TargetPlatform 'LinuxAArch64Client'
[2022.03.24-01.31.25:203][  0]LogTargetPlatformManager: Display: Loaded TargetPlatform 'LinuxAArch64Server'
[2022.03.24-01.31.25:294][  0]LogTargetPlatformManager: Display: Loaded TargetPlatform 'Lumin'
[2022.03.24-01.31.25:294][  0]LogTargetPlatformManager: Display: Loaded TargetPlatform 'LuminClient'
[2022.03.24-01.31.25:418][  0]LogTargetPlatformManager: Display: Loaded TargetPlatform 'MacNoEditor'
[2022.03.24-01.31.25:476][  0]LogTargetPlatformManager: Display: Loaded TargetPlatform 'Mac'
[2022.03.24-01.31.25:495][  0]LogTargetPlatformManager: Display: Loaded TargetPlatform 'MacClient'
[2022.03.24-01.31.25:514][  0]LogTargetPlatformManager: Display: Loaded TargetPlatform 'MacServer'
[2022.03.24-01.31.25:568][  0]LogTargetPlatformManager: Display: Loaded TargetPlatform 'TVOSClient'
[2022.03.24-01.31.25:568][  0]LogTargetPlatformManager: Display: Loaded TargetPlatform 'TVOS'
[2022.03.24-01.31.25:628][  0]LogTargetPlatformManager: Display: Loaded TargetPlatform 'WindowsNoEditor'
[2022.03.24-01.31.25:751][  0]LogTargetPlatformManager: Display: Loaded TargetPlatform 'Windows'
[2022.03.24-01.31.25:825][  0]LogTargetPlatformManager: Display: Loaded TargetPlatform 'WindowsClient'
[2022.03.24-01.31.25:880][  0]LogTargetPlatformManager: Display: Loaded TargetPlatform 'WindowsServer'
[2022.03.24-01.31.25:880][  0]LogTargetPlatformManager: Display: Building Assets For Windows
[2022.03.24-01.31.26:280][  0]LogAudioDebug: Display: Lib vorbis DLL was dynamically loaded.
[2022.03.24-01.31.27:907][  0]LogTextureFormatOodle: Display: Oodle Texture 2.9.0 init RDO Off
[2022.03.24-01.31.29:722][  0]LogRendererCore: Ray tracing is disabled. Reason: r.RayTracing=0.
[2022.03.24-01.31.29:848][  0]LogShaderCompilers: Guid format shader working directory is -31 characters bigger than the processId version (E:/Uni Work/Year 3/Unreal Projects/Group Project/RacingGame/KIA_Game_Project/Intermediate/Shaders/WorkingDirectory/12204/).
[2022.03.24-01.31.29:848][  0]LogShaderCompilers: Cleaned the shader compiler working directory 'C:/Users/iwane/AppData/Local/Temp/UnrealShaderWorkingDir/4A7A5EAF4DE72C52183DE1A7A7839CCB/'.
[2022.03.24-01.31.29:955][  0]LogXGEController: Cannot use XGE Controller as Incredibuild is not installed on this machine.
[2022.03.24-01.31.29:956][  0]LogShaderCompilers: Cannot use XGE Shader Compiler as Incredibuild is not installed on this machine.
[2022.03.24-01.31.29:956][  0]LogShaderCompilers: Display: Using Local Shader Compiler.
[2022.03.24-01.31.38:505][  0]LogDerivedDataCache: Display: Max Cache Size: 512 MB
[2022.03.24-01.31.38:633][  0]LogDerivedDataCache: Loaded boot cache 0.13s 95MB C:/Users/iwane/AppData/Local/UnrealEngine/4.27/DerivedDataCache/Boot.ddc.
[2022.03.24-01.31.38:633][  0]LogDerivedDataCache: Display: Loaded Boot cache: C:/Users/iwane/AppData/Local/UnrealEngine/4.27/DerivedDataCache/Boot.ddc
[2022.03.24-01.31.38:633][  0]LogDerivedDataCache: FDerivedDataBackendGraph:  Pak pak cache file E:/Uni Work/Year 3/Unreal Projects/Group Project/RacingGame/KIA_Game_Project/DerivedDataCache/DDC.ddp not found, will not use a pak cache.
[2022.03.24-01.31.38:633][  0]LogDerivedDataCache: Unable to find inner node Pak for hierarchical cache Hierarchy.
[2022.03.24-01.31.38:633][  0]LogDerivedDataCache: FDerivedDataBackendGraph:  CompressedPak pak cache file E:/Uni Work/Year 3/Unreal Projects/Group Project/RacingGame/KIA_Game_Project/DerivedDataCache/Compressed.ddp not found, will not use a pak cache.
[2022.03.24-01.31.38:633][  0]LogDerivedDataCache: Unable to find inner node CompressedPak for hierarchical cache Hierarchy.
[2022.03.24-01.31.38:846][  0]LogDerivedDataCache: Display: Pak cache opened for reading ../../../Engine/DerivedDataCache/Compressed.ddp.
[2022.03.24-01.31.38:846][  0]LogDerivedDataCache: FDerivedDataBackendGraph:  EnterprisePak pak cache file ../../../Enterprise/DerivedDataCache/Compressed.ddp not found, will not use a pak cache.
[2022.03.24-01.31.38:846][  0]LogDerivedDataCache: Unable to find inner node EnterprisePak for hierarchical cache Hierarchy.
[2022.03.24-01.31.38:861][  0]LogDerivedDataCache: Speed tests for C:/Users/iwane/AppData/Local/UnrealEngine/Common/DerivedDataCache took 0.01 seconds
[2022.03.24-01.31.38:861][  0]LogDerivedDataCache: Display: Performance to C:/Users/iwane/AppData/Local/UnrealEngine/Common/DerivedDataCache: Latency=0.26ms. RandomReadSpeed=131.81MBs, RandomWriteSpeed=208.76MBs. Assigned SpeedClass 'Local'
[2022.03.24-01.31.38:861][  0]LogDerivedDataCache: Using Local data cache path C:/Users/iwane/AppData/Local/UnrealEngine/Common/DerivedDataCache: Writable
[2022.03.24-01.31.38:861][  0]LogDerivedDataCache: Shared data cache path not found in *engine.ini, will not use an Shared cache.
[2022.03.24-01.31.38:861][  0]LogDerivedDataCache: Unable to find inner node Shared for hierarchical cache Hierarchy.
[2022.03.24-01.31.39:356][  0]LogSlate: Using FreeType 2.10.0
[2022.03.24-01.31.39:671][  0]LogSlate: SlateFontServices - WITH_FREETYPE: 1, WITH_HARFBUZZ: 1
[2022.03.24-01.31.43:511][  0]LogAssetRegistry: FAssetRegistry took 0.0079 seconds to start up
[2022.03.24-01.32.12:555][  0]LogInit: Selected Device Profile: [Windows]
[2022.03.24-01.32.12:555][  0]LogInit: Active device profile: [000001B921039000][000001B91AA9F300 49] Windows
[2022.03.24-01.32.12:555][  0]LogInit: Profiles: [000001B921039000][000001B91AA9F300 49] Windows, [000001B920FFE400][000001B91AD51480 49] WindowsNoEditor, [000001B92103A000][000001B91AD55600 49] WindowsServer, [000001B920FFC900][000001B91AD59780 49] WindowsClient, [000001B921039200][000001B91AD5D900 49] IOS, [000001B920FFFB00][000001B91AD61A80 49] iPadAir, [000001B92103B500][000001B91AD65C00 49] iPadAir2, [000001B920FA5300][000001B91AD6C340 49] IPadPro, [000001B920FA5400][000001B91AD68380 49] iPadAir3, [000001B920FFCB00][000001B91AD76500 49] iPadAir4, [000001B920FA6100][000001B91AD7A680 49] iPadMini2, [000001B920FFF000][000001B91F85E800 49] iPadMini3, [000001B920FA6C00][000001B91F862980 49] iPadMini4, [000001B920FFDD00][000001B91F866B00 49] iPadMini5, [000001B920FD0F00][000001B91F86AD40 49] iPhone6, [000001B920FD1000][000001B91AAA2D80 49] iPodTouch6, [000001B92103B800][000001B91F872FC0 49] iPhone7, [000001B92103A900][000001B91F86F000 49] iPodTouch7, [000001B920FA5B00][000001B91F87B180 49] iPhone5S, [000001B921039400][000001B91F87F300 49] iPhone6Plus, [000001B921038700][000001B91F883480 49] iPhone6S, [000001B920FD0900][000001B91F887600 49] iPhone6SPlus, [000001B921039500][000001B91F88B780 49] iPhone7Plus, [000001B92103B100][000001B91F88F900 49] iPhoneSE, [000001B92103B700][000001B91F893A80 49] iPhone8, [000001B920FD1700][000001B91F897C00 49] iPhone8Plus, [000001B920FA7B00][000001B91F89A200 49] iPhoneX, [000001B920FD3F00][000001B91F89E380 49] iPhoneXS, [000001B920FA7200][000001B91F8A2500 49] iPhoneXSMax, [000001B920FD3800][000001B91F8A6680 49] iPhoneXR, [000001B920FA5200][000001B91F8AA800 49] iPhone11, [000001B920FD1F00][000001B91E244980 49] iPhone11Pro, [000001B920FA6500][000001B91E248B00 49] iPhone11ProMax, [000001B920FD3000][000001B91E24CC80 49] iPhoneSE2, [000001B920FA4100][000001B91F876DC0 49] iPhone12Mini, [000001B920FD2300][000001B91E250F00 49] iPhone12, [000001B920FA7C00][000001B91E255040 49] iPhone12Pro, [000001B920FD0500][000001B91E259180 49] iPhone12ProMax, [000001B920FA5700][000001B91E261300 49] iPadPro105, [000001B920FD1300][000001B91E265480 49] iPadPro129, [000001B920FA6F00][000001B91E269600 49] iPadPro97, [000001B920FD1200][000001B91E26D780 49] iPadPro2_129, [000001B920FA7500][000001B91E271900 49] iPad5, [000001B920FD0C00][000001B91E275A80 49] iPad6, [000001B920FA5C00][000001B91E279C00 49] iPad7, [000001B920FD2500][000001B91E27C200 49] iPad8, [000001B920FA6600][000001B91E280380 49] iPadPro11, [000001B920FD0200][000001B91E284500 49] iPadPro2_11, [000001B920FA5800][000001B91E288680 49] iPadPro3_129, [000001B920FD2600][000001B91E28C800 49] iPadPro4_129, [000001B920FA6700][000001B91E290980 49] AppleTV, [000001B920FD2000][000001B91E294B00 49] AppleTV4K, [000001B920FA7F00][000001B91E298C80 49] TVOS, [000001B920FD1600][000001B91E29CE00 49] Mac, [000001B920FA6300][000001B91E25CF40 49] MacClient, [000001B920FD0400][000001B91E2A1080 49] MacNoEditor, [000001B920FA6E00][000001B9200E11C0 49] MacServer, [000001B920FD1B00][000001B9200E5300 49] Linux, [000001B920FA5900][000001B9200ED480 49] LinuxAArch64, [000001B920FD3E00][000001B9200F1600 49] LinuxNoEditor, [000001B920FA5F00][000001B9200F5780 49] LinuxAArch64NoEditor, [000001B920FD3C00][000001B9200F9900 49] LinuxClient, [000001B920FA4400][000001B9200FDA80 49] LinuxAArch64Client, [000001B920FD2200][000001B920101C00 49] LinuxServer, [000001B920FA7D00][000001B920104200 49] LinuxAArch64Server, [000001B920FD0A00][000001B920108380 49] Android, [000001B920FA5A00][000001B92010C500 49] Android_Low, [000001B920FD3A00][000001B920110680 49] Android_Mid, [000001B920FA7300][000001B920114800 49] Android_High, [000001B920FD3900][000001B920118980 49] Android_Default, [000001B920FA5E00][000001B92011CB00 49] Android_Adreno4xx, [000001B920FD1500][000001B920120C80 49] Android_Adreno5xx_Low, [000001B920FA6A00][000001B920124E00 49] Android_Adreno5xx, [000001B920FD3700][000001B920128F80 49] Android_Adreno6xx, [000001B920FA7600][000001B92012D100 49] Android_Adreno6xx_Vulkan, [000001B920FD0B00][000001B9200E9240 49] Android_Mali_T6xx, [000001B921039800][000001B920131380 49] Android_Mali_T7xx, [000001B920FFCF00][000001B9201354C0 49] Android_Mali_T8xx, [000001B921039B00][000001B92013D640 49] Android_Mali_G71, [000001B920FFE700][000001B9201417C0 49] Android_Mali_G72, [000001B92103BA00][000001B920145940 49] Android_Mali_G72_Vulkan, [000001B920FFD900][000001B920149AC0 49] Android_Mali_G76, [000001B92103B400][000001B92014C0C0 49] Android_Mali_G76_Vulkan, [000001B920FFC400][000001B920150240 49] Android_Mali_G77, [000001B92103B200][000001B9201543C0 49] Android_Mali_G77_Vulkan, [000001B920FFC700][000001B920158540 49] Android_Mali_G78, [000001B92103B300][000001B92015C6C0 49] Android_Mali_G78_Vulkan, [000001B920FFDA00][000001B920160840 49] Android_Mali_G710, [000001B92103BB00][000001B9201649C0 49] Android_Mali_G710_Vulkan, [000001B920FFF100][000001B920168B40 49] Android_Vulkan_SM5, [000001B921039F00][000001B92016CCC0 49] Android_PowerVR_G6xxx, [000001B920FFE500][000001B920170E40 49] Android_PowerVR_GT7xxx, [000001B92103AC00][000001B920174FC0 49] Android_PowerVR_GE8xxx, [000001B920FFEC00][000001B920179140 49] Android_PowerVR_GM9xxx, [000001B921039900][000001B92017D2C0 49] Android_PowerVR_GM9xxx_Vulkan, [000001B920FFFF00][000001B920139400 49] Android_TegraK1, [000001B921038200][000001B920181540 49] Android_Unknown_Vulkan, [000001B920FFE800][000001B920185680 49] Lumin, [000001B921038F00][000001B9201897C0 49] Lumin_Desktop, [000001B920FFC600][000001B920191940 49] HoloLens, 
[2022.03.24-01.32.16:202][  0]LogMeshReduction: Using QuadricMeshReduction for automatic static mesh reduction
[2022.03.24-01.32.16:202][  0]LogMeshReduction: Using SimplygonMeshReduction for automatic skeletal mesh reduction
[2022.03.24-01.32.16:202][  0]LogMeshReduction: Using ProxyLODMeshReduction for automatic mesh merging
[2022.03.24-01.32.16:202][  0]LogMeshReduction: No distributed automatic mesh merging module available
[2022.03.24-01.32.16:204][  0]LogMeshMerging: No distributed automatic mesh merging module available
[2022.03.24-01.32.17:633][  0]LogNetVersion: KIA_Game_Project 1.0.0, NetCL: 17155196, EngineNetVer: 17, GameNetVer: 0 (Checksum: 2241242739)
[2022.03.24-01.32.49:393][  0]LogTexture: Default maximum texture size for cubemaps generated from long-lat sources has been changed from 512 to unlimited. In order to preserve old behaiour for '/Engine/MapTemplates/Sky/DaylightAmbientCubemap.DaylightAmbientCubemap', its maximum texture size has been explicitly set to 512.
[2022.03.24-01.32.51:637][  0]LogHMD: PokeAHoleMaterial loaded successfully
[2022.03.24-01.32.51:863][  0]LogUObjectArray: 17178 objects as part of root set at end of initial load.
[2022.03.24-01.32.51:863][  0]LogUObjectAllocator: 4302048 out of 0 bytes used by permanent object pool.
[2022.03.24-01.32.51:863][  0]LogUObjectArray: CloseDisregardForGC: 0/0 objects in disregard for GC pool
