Log file open, 02/06/22 03:17:24
LogWindows: Failed to load 'aqProf.dll' (GetLastError=126)
LogWindows: File 'aqProf.dll' does not exist
LogWindows: Failed to load 'VtuneApi.dll' (GetLastError=126)
LogWindows: File 'VtuneApi.dll' does not exist
LogWindows: Failed to load 'VtuneApi32e.dll' (GetLastError=126)
LogWindows: File 'VtuneApi32e.dll' does not exist
LogConsoleResponse: Display: Failed to find resolution value strings in scalability ini. Falling back to default.
LogConsoleResponse: Display: Failed to find resolution value strings in scalability ini. Falling back to default.
LogInit: Display: Running engine for game: KIA_Game_Project
LogPlatformFile: Not using cached read wrapper
LogTaskGraph: Started task graph with 5 named threads and 47 total threads with 3 sets of task threads.
LogStats: Stats thread started at 4.718508
LogICUInternationalization: ICU TimeZone Detection - Raw Offset: +0:00, Platform Override: ''
LogInit: Display: Loading text-based GConfig....
LogPluginManager: Mounting plugin MeshPainting
LogPluginManager: Mounting plugin XGEController
LogPluginManager: Mounting plugin Paper2D
LogPluginManager: Mounting plugin EnvironmentQueryEditor
LogPluginManager: Mounting plugin LiveLink
LogPluginManager: Mounting plugin AISupport
LogPluginManager: Mounting plugin GameplayCameras
LogPluginManager: Mounting plugin LightPropagationVolume
LogPluginManager: Mounting plugin CameraShakePreviewer
LogPluginManager: Mounting plugin OodleNetwork
LogPluginManager: Mounting plugin OodleData
LogPluginManager: Mounting plugin AssetManagerEditor
LogPluginManager: Mounting plugin CryptoKeys
LogPluginManager: Mounting plugin CurveEditorTools
LogPluginManager: Mounting plugin DataValidation
LogPluginManager: Mounting plugin FacialAnimation
LogPluginManager: Mounting plugin GeometryMode
LogPluginManager: Mounting plugin MacGraphicsSwitching
LogPluginManager: Mounting plugin MobileLauncherProfileWizard
LogPluginManager: Mounting plugin GameplayTagsEditor
LogPluginManager: Mounting plugin PluginBrowser
LogPluginManager: Mounting plugin MaterialAnalyzer
LogPluginManager: Mounting plugin SpeedTreeImporter
LogPluginManager: Mounting plugin Niagara
LogPluginManager: Mounting plugin AnimationSharing
LogPluginManager: Mounting plugin GitSourceControl
LogPluginManager: Mounting plugin CodeLiteSourceCodeAccess
LogPluginManager: Mounting plugin CLionSourceCodeAccess
LogPluginManager: Mounting plugin NullSourceCodeAccess
LogPluginManager: Mounting plugin KDevelopSourceCodeAccess
LogPluginManager: Mounting plugin PerforceSourceControl
LogPluginManager: Mounting plugin PlasticSourceControl
LogPluginManager: Mounting plugin PixWinPlugin
LogPluginManager: Mounting plugin DatasmithContent
LogPluginManager: Mounting plugin PropertyAccessNode
LogPluginManager: Mounting plugin RiderSourceCodeAccess
LogPluginManager: Mounting plugin PluginUtils
LogPluginManager: Mounting plugin SubversionSourceControl
LogPluginManager: Mounting plugin TextureFormatOodle
LogPluginManager: Mounting plugin UObjectPlugin
LogPluginManager: Mounting plugin AlembicImporter
LogPluginManager: Mounting plugin AutomationUtils
LogPluginManager: Mounting plugin BackChannel
LogPluginManager: Mounting plugin VisualStudioSourceCodeAccess
LogPluginManager: Mounting plugin ChaosCloth
LogPluginManager: Mounting plugin ChaosClothEditor
LogPluginManager: Mounting plugin VisualStudioCodeSourceCodeAccess
LogPluginManager: Mounting plugin ChaosEditor
LogPluginManager: Mounting plugin ChaosNiagara
LogPluginManager: Mounting plugin ChaosSolverPlugin
LogPluginManager: Mounting plugin VariantManagerContent
LogPluginManager: Mounting plugin XCodeSourceCodeAccess
LogPluginManager: Mounting plugin CharacterAI
LogPluginManager: Mounting plugin GeometryCache
LogPluginManager: Mounting plugin GeometryCollectionPlugin
LogPluginManager: Mounting plugin GeometryProcessing
LogPluginManager: Mounting plugin OpenImageDenoise
LogPluginManager: Mounting plugin MotoSynth
LogPluginManager: Mounting plugin PlanarCut
LogPluginManager: Mounting plugin PlatformCrypto
LogPluginManager: Mounting plugin ProxyLODPlugin
LogPluginManager: Mounting plugin PythonScriptPlugin
LogPluginManager: Mounting plugin SkeletalReduction
LogPluginManager: Mounting plugin RawInput
LogPluginManager: Mounting plugin LuminPlatformFeatures
LogPluginManager: Mounting plugin MagicLeapLightEstimation
LogPluginManager: Mounting plugin MagicLeapMedia
LogPluginManager: Mounting plugin MagicLeap
LogPluginManager: Mounting plugin MagicLeapPassableWorld
LogPluginManager: Mounting plugin MLSDK
LogPluginManager: Mounting plugin AndroidMedia
LogPluginManager: Mounting plugin TcpMessaging
LogPluginManager: Mounting plugin AvfMedia
LogPluginManager: Mounting plugin UdpMessaging
LogPluginManager: Mounting plugin ImgMedia
LogPluginManager: Mounting plugin MediaCompositing
LogPluginManager: Mounting plugin ActorSequence
LogPluginManager: Mounting plugin LevelSequenceEditor
LogPluginManager: Mounting plugin MatineeToLevelSequence
LogPluginManager: Mounting plugin MediaPlayerEditor
LogPluginManager: Mounting plugin OnlineSubsystem
LogPluginManager: Mounting plugin TemplateSequence
LogPluginManager: Mounting plugin WmfMedia
LogPluginManager: Mounting plugin OnlineSubsystemNull
LogPluginManager: Mounting plugin WebMMedia
LogPluginManager: Mounting plugin OnlineSubsystemUtils
LogPluginManager: Mounting plugin ActorLayerUtilities
LogPluginManager: Mounting plugin AndroidDeviceProfileSelector
LogPluginManager: Mounting plugin AndroidMoviePlayer
LogPluginManager: Mounting plugin AndroidPermission
LogPluginManager: Mounting plugin AppleImageUtils
LogPluginManager: Mounting plugin AssetTags
LogPluginManager: Mounting plugin ArchVisCharacter
LogPluginManager: Mounting plugin AudioCapture
LogPluginManager: Mounting plugin AudioSynesthesia
LogPluginManager: Mounting plugin AppleMoviePlayer
LogPluginManager: Mounting plugin CableComponent
LogPluginManager: Mounting plugin ChunkDownloader
LogPluginManager: Mounting plugin EditableMesh
LogPluginManager: Mounting plugin ExampleDeviceProfileSelector
LogPluginManager: Mounting plugin CustomMeshComponent
LogPluginManager: Mounting plugin GooglePAD
LogPluginManager: Mounting plugin GoogleCloudMessaging
LogPluginManager: Mounting plugin IOSDeviceProfileSelector
LogPluginManager: Mounting plugin LinuxDeviceProfileSelector
LogPluginManager: Mounting plugin LocationServicesBPLibrary
LogPluginManager: Mounting plugin MobilePatchingUtils
LogPluginManager: Mounting plugin OpenXR
LogPluginManager: Mounting plugin OpenXRHandTracking
LogPluginManager: Mounting plugin PhysXVehicles
LogPluginManager: Mounting plugin OpenXREyeTracker
LogPluginManager: Mounting plugin ProceduralMeshComponent
LogPluginManager: Mounting plugin PropertyAccessEditor
LogPluginManager: Mounting plugin PostSplashScreen
LogPluginManager: Mounting plugin SignificanceManager
LogPluginManager: Mounting plugin SoundFields
LogPluginManager: Mounting plugin RuntimePhysXCooking
LogPluginManager: Mounting plugin Synthesis
LogPluginManager: Mounting plugin WebMMoviePlayer
LogPluginManager: Mounting plugin LauncherChunkInstaller
LogPluginManager: Mounting plugin WindowsMoviePlayer
LogPluginManager: Mounting plugin ScreenshotTools
LogPluginManager: Mounting plugin Takes
LogPluginManager: Mounting plugin ContentBrowserAssetDataSource
LogPluginManager: Mounting plugin ContentBrowserClassDataSource
LogPluginManager: Mounting plugin ContentBrowserFileDataSource
LogPluginManager: Mounting plugin OnlineSubsystemGooglePlay
LogPluginManager: Mounting plugin OnlineSubsystemIOS
LogPluginManager: Mounting plugin OculusVR
LogPluginManager: Mounting plugin SteamVR
PixWinPlugin: PIX capture plugin failed to initialize! Check that the process is launched from PIX.
LogInit: Using libcurl 7.55.1-DEV
LogInit:  - built for x86_64-pc-win32
LogInit:  - supports SSL with OpenSSL/1.1.1
LogInit:  - supports HTTP deflate (compression) using libz 1.2.8
LogInit:  - other features:
LogInit:      CURL_VERSION_SSL
LogInit:      CURL_VERSION_LIBZ
LogInit:      CURL_VERSION_IPV6
LogInit:      CURL_VERSION_ASYNCHDNS
LogInit:      CURL_VERSION_LARGEFILE
LogInit:      CURL_VERSION_IDN
LogInit:  CurlRequestOptions (configurable via config and command line):
LogInit:  - bVerifyPeer = true  - Libcurl will verify peer certificate
LogInit:  - bUseHttpProxy = false  - Libcurl will NOT use HTTP proxy
LogInit:  - bDontReuseConnections = false  - Libcurl will reuse connections
LogInit:  - MaxHostConnections = 16  - Libcurl will limit the number of connections to a host
LogInit:  - LocalHostAddr = Default
LogInit:  - BufferSize = 65536
LogOnline: OSS: Creating online subsystem instance for: NULL
LogInit: WinSock: version 1.1 (2.2), MaxSocks=32767, MaxUdp=65467
LogOnline: OSS: TryLoadSubsystemAndSetDefault: Loaded subsystem for module [NULL]
LogOculusPluginWrapper: OculusPlugin initialized successfully
LogHMD: Failed initializing OVRPlugin 1.59.0
LogInit: Build: ++UE4+Release-4.27-CL-18319896
LogInit: Engine Version: 4.27.2-18319896+++UE4+Release-4.27
LogInit: Compatible Engine Version: 4.27.0-17155196+++UE4+Release-4.27
LogInit: Net CL: 17155196
LogInit: OS: Windows 10 (Release 2009) (), CPU: AMD Ryzen 7 2700X Eight-Core Processor         , GPU: NVIDIA GeForce RTX 2060 SUPER
LogInit: Compiled (64-bit): Nov 30 2021 07:12:08
LogInit: Compiled with Visual C++: 19.24.28315.00
LogInit: Build Configuration: Development
LogInit: Branch Name: ++UE4+Release-4.27
LogInit: Command Line: 
LogInit: Base Directory: D:/epic games/UE_4.27/Engine/Binaries/Win64/
LogInit: Allocator: TBB
LogInit: Installed Engine Build: 1
LogDevObjectVersion: Number of dev versions registered: 29
LogDevObjectVersion:   Dev-Blueprints (B0D832E4-1F89-4F0D-ACCF-7EB736FD4AA2): 10
LogDevObjectVersion:   Dev-Build (E1C64328-A22C-4D53-A36C-8E866417BD8C): 0
LogDevObjectVersion:   Dev-Core (375EC13C-06E4-48FB-B500-84F0262A717E): 4
LogDevObjectVersion:   Dev-Editor (E4B068ED-F494-42E9-A231-DA0B2E46BB41): 40
LogDevObjectVersion:   Dev-Framework (CFFC743F-43B0-4480-9391-14DF171D2073): 37
LogDevObjectVersion:   Dev-Mobile (B02B49B5-BB20-44E9-A304-32B752E40360): 3
LogDevObjectVersion:   Dev-Networking (A4E4105C-59A1-49B5-A7C5-40C4547EDFEE): 0
LogDevObjectVersion:   Dev-Online (39C831C9-5AE6-47DC-9A44-9C173E1C8E7C): 0
LogDevObjectVersion:   Dev-Physics (78F01B33-EBEA-4F98-B9B4-84EACCB95AA2): 14
LogDevObjectVersion:   Dev-Platform (6631380F-2D4D-43E0-8009-CF276956A95A): 0
LogDevObjectVersion:   Dev-Rendering (12F88B9F-8875-4AFC-A67C-D90C383ABD29): 45
LogDevObjectVersion:   Dev-Sequencer (7B5AE74C-D270-4C10-A958-57980B212A5A): 13
LogDevObjectVersion:   Dev-VR (D7296918-1DD6-4BDD-9DE2-64A83CC13884): 3
LogDevObjectVersion:   Dev-LoadTimes (C2A15278-BFE7-4AFE-6C17-90FF531DF755): 1
LogDevObjectVersion:   Private-Geometry (6EACA3D4-40EC-4CC1-B786-8BED09428FC5): 3
LogDevObjectVersion:   Dev-AnimPhys (29E575DD-E0A3-4627-9D10-D276232CDCEA): 17
LogDevObjectVersion:   Dev-Anim (AF43A65D-7FD3-4947-9873-3E8ED9C1BB05): 15
LogDevObjectVersion:   Dev-ReflectionCapture (6B266CEC-1EC7-4B8F-A30B-E4D90942FC07): 1
LogDevObjectVersion:   Dev-Automation (0DF73D61-A23F-47EA-B727-89E90C41499A): 1
LogDevObjectVersion:   FortniteMain (601D1886-AC64-4F84-AA16-D3DE0DEAC7D6): 47
LogDevObjectVersion:   FortniteRelease (E7086368-6B23-4C58-8439-1B7016265E91): 1
LogDevObjectVersion:   Dev-Enterprise (9DFFBCD6-494F-0158-E221-12823C92A888): 10
LogDevObjectVersion:   Dev-Niagara (F2AED0AC-9AFE-416F-8664-AA7FFA26D6FC): 1
LogDevObjectVersion:   Dev-Destruction (174F1F0B-B4C6-45A5-B13F-2EE8D0FB917D): 10
LogDevObjectVersion:   Dev-Physics-Ext (35F94A83-E258-406C-A318-09F59610247C): 41
LogDevObjectVersion:   Dev-PhysicsMaterial-Chaos (B68FC16E-8B1B-42E2-B453-215C058844FE): 1
LogDevObjectVersion:   Dev-CineCamera (B2E18506-4273-CFC2-A54E-F4BB758BBA07): 1
LogDevObjectVersion:   Dev-VirtualProduction (64F58936-FD1B-42BA-BA96-7289D5D0FA4E): 1
LogDevObjectVersion:   Dev-MediaFramework (6F0ED827-A609-4895-9C91-998D90180EA4): 2
LogInit: Presizing for max 25165824 objects, including 0 objects not considered by GC, pre-allocating 0 bytes for permanent pool.
LogConfig: Applying CVar settings from Section [/Script/Engine.StreamingSettings] File [C:/Users/keiro/Documents/GitHub/RacingGame/KIA_Game_Project/Saved/Config/Windows/Engine.ini]
LogConfig: Setting CVar [[s.MinBulkDataSizeForAsyncLoading:131072]]
LogConfig: Setting CVar [[s.AsyncLoadingThreadEnabled:0]]
LogConfig: Setting CVar [[s.EventDrivenLoaderEnabled:1]]
LogConfig: Setting CVar [[s.WarnIfTimeLimitExceeded:0]]
LogConfig: Setting CVar [[s.TimeLimitExceededMultiplier:1.5]]
LogConfig: Setting CVar [[s.TimeLimitExceededMinTime:0.005]]
LogConfig: Setting CVar [[s.UseBackgroundLevelStreaming:1]]
LogConfig: Setting CVar [[s.PriorityAsyncLoadingExtraTime:15.0]]
LogConfig: Setting CVar [[s.LevelStreamingActorsUpdateTimeLimit:5.0]]
LogConfig: Setting CVar [[s.PriorityLevelStreamingActorsUpdateExtraTime:5.0]]
LogConfig: Setting CVar [[s.LevelStreamingComponentsRegistrationGranularity:10]]
LogConfig: Setting CVar [[s.UnregisterComponentsTimeLimit:1.0]]
LogConfig: Setting CVar [[s.LevelStreamingComponentsUnregistrationGranularity:5]]
LogConfig: Setting CVar [[s.FlushStreamingOnExit:1]]
LogInit: Object subsystem initialized
LogConfig: Setting CVar [[con.DebugEarlyDefault:1]]
LogConfig: Setting CVar [[r.setres:1280x720]]
[2022.02.06-03.17.29:344][  0]LogConfig: Setting CVar [[r.VSync:0]]
[2022.02.06-03.17.29:344][  0]LogConfig: Setting CVar [[r.RHICmdBypass:0]]
[2022.02.06-03.17.29:345][  0]LogConfig: Applying CVar settings from Section [/Script/Engine.RendererSettings] File [C:/Users/keiro/Documents/GitHub/RacingGame/KIA_Game_Project/Saved/Config/Windows/Engine.ini]
[2022.02.06-03.17.29:345][  0]LogConfig: Setting CVar [[r.GPUCrashDebugging:0]]
[2022.02.06-03.17.29:345][  0]LogConfig: Setting CVar [[r.DefaultFeature.MotionBlur:0]]
[2022.02.06-03.17.29:345][  0]LogConfig: Setting CVar [[r.DefaultFeature.AutoExposure:0]]
[2022.02.06-03.17.29:345][  0]LogConfig: Applying CVar settings from Section [/Script/Engine.RendererOverrideSettings] File [C:/Users/keiro/Documents/GitHub/RacingGame/KIA_Game_Project/Saved/Config/Windows/Engine.ini]
[2022.02.06-03.17.29:345][  0]LogConfig: Applying CVar settings from Section [/Script/Engine.StreamingSettings] File [C:/Users/keiro/Documents/GitHub/RacingGame/KIA_Game_Project/Saved/Config/Windows/Engine.ini]
[2022.02.06-03.17.29:345][  0]LogConfig: Setting CVar [[s.MinBulkDataSizeForAsyncLoading:131072]]
[2022.02.06-03.17.29:345][  0]LogConfig: Setting CVar [[s.AsyncLoadingThreadEnabled:0]]
[2022.02.06-03.17.29:345][  0]LogConfig: Setting CVar [[s.EventDrivenLoaderEnabled:1]]
[2022.02.06-03.17.29:345][  0]LogConfig: Setting CVar [[s.WarnIfTimeLimitExceeded:0]]
[2022.02.06-03.17.29:345][  0]LogConfig: Setting CVar [[s.TimeLimitExceededMultiplier:1.5]]
[2022.02.06-03.17.29:345][  0]LogConfig: Setting CVar [[s.TimeLimitExceededMinTime:0.005]]
[2022.02.06-03.17.29:345][  0]LogConfig: Setting CVar [[s.UseBackgroundLevelStreaming:1]]
[2022.02.06-03.17.29:345][  0]LogConfig: Setting CVar [[s.PriorityAsyncLoadingExtraTime:15.0]]
[2022.02.06-03.17.29:345][  0]LogConfig: Setting CVar [[s.LevelStreamingActorsUpdateTimeLimit:5.0]]
[2022.02.06-03.17.29:345][  0]LogConfig: Setting CVar [[s.PriorityLevelStreamingActorsUpdateExtraTime:5.0]]
[2022.02.06-03.17.29:345][  0]LogConfig: Setting CVar [[s.LevelStreamingComponentsRegistrationGranularity:10]]
[2022.02.06-03.17.29:345][  0]LogConfig: Setting CVar [[s.UnregisterComponentsTimeLimit:1.0]]
[2022.02.06-03.17.29:345][  0]LogConfig: Setting CVar [[s.LevelStreamingComponentsUnregistrationGranularity:5]]
[2022.02.06-03.17.29:345][  0]LogConfig: Setting CVar [[s.FlushStreamingOnExit:1]]
[2022.02.06-03.17.29:345][  0]LogConfig: Applying CVar settings from Section [/Script/Engine.GarbageCollectionSettings] File [C:/Users/keiro/Documents/GitHub/RacingGame/KIA_Game_Project/Saved/Config/Windows/Engine.ini]
[2022.02.06-03.17.29:345][  0]LogConfig: Setting CVar [[gc.MaxObjectsNotConsideredByGC:1]]
[2022.02.06-03.17.29:345][  0]LogConfig: Setting CVar [[gc.SizeOfPermanentObjectPool:0]]
[2022.02.06-03.17.29:345][  0]LogConfig: Setting CVar [[gc.FlushStreamingOnGC:0]]
[2022.02.06-03.17.29:345][  0]LogConfig: Setting CVar [[gc.NumRetriesBeforeForcingGC:10]]
[2022.02.06-03.17.29:345][  0]LogConfig: Setting CVar [[gc.AllowParallelGC:1]]
[2022.02.06-03.17.29:345][  0]LogConfig: Setting CVar [[gc.TimeBetweenPurgingPendingKillObjects:61.1]]
[2022.02.06-03.17.29:345][  0]LogConfig: Setting CVar [[gc.MaxObjectsInEditor:25165824]]
[2022.02.06-03.17.29:345][  0]LogConfig: Setting CVar [[gc.IncrementalBeginDestroyEnabled:1]]
[2022.02.06-03.17.29:345][  0]LogConfig: Setting CVar [[gc.CreateGCClusters:1]]
[2022.02.06-03.17.29:345][  0]LogConfig: Setting CVar [[gc.MinGCClusterSize:5]]
[2022.02.06-03.17.29:345][  0]LogConfig: Setting CVar [[gc.ActorClusteringEnabled:0]]
[2022.02.06-03.17.29:345][  0]LogConfig: Setting CVar [[gc.BlueprintClusteringEnabled:0]]
[2022.02.06-03.17.29:345][  0]LogConfig: Setting CVar [[gc.UseDisregardForGCOnDedicatedServers:0]]
[2022.02.06-03.17.29:345][  0]LogConfig: Setting CVar [[gc.MultithreadedDestructionEnabled:1]]
[2022.02.06-03.17.29:345][  0]LogConfig: Applying CVar settings from Section [/Script/Engine.NetworkSettings] File [C:/Users/keiro/Documents/GitHub/RacingGame/KIA_Game_Project/Saved/Config/Windows/Engine.ini]
[2022.02.06-03.17.29:345][  0]LogConfig: Applying CVar settings from Section [/Script/UnrealEd.CookerSettings] File [C:/Users/keiro/Documents/GitHub/RacingGame/KIA_Game_Project/Saved/Config/Windows/Engine.ini]
[2022.02.06-03.17.29:441][  0]LogConfig: Applying CVar settings from Section [ViewDistanceQuality@3] File [C:/Users/keiro/Documents/GitHub/RacingGame/KIA_Game_Project/Saved/Config/Windows/Scalability.ini]
[2022.02.06-03.17.29:441][  0]LogConfig: Setting CVar [[r.SkeletalMeshLODBias:0]]
[2022.02.06-03.17.29:441][  0]LogConfig: Setting CVar [[r.ViewDistanceScale:1.0]]
[2022.02.06-03.17.29:441][  0]LogConfig: Applying CVar settings from Section [AntiAliasingQuality@3] File [C:/Users/keiro/Documents/GitHub/RacingGame/KIA_Game_Project/Saved/Config/Windows/Scalability.ini]
[2022.02.06-03.17.29:441][  0]LogConfig: Setting CVar [[r.PostProcessAAQuality:4]]
[2022.02.06-03.17.29:441][  0]LogConfig: Applying CVar settings from Section [ShadowQuality@3] File [C:/Users/keiro/Documents/GitHub/RacingGame/KIA_Game_Project/Saved/Config/Windows/Scalability.ini]
[2022.02.06-03.17.29:441][  0]LogConfig: Setting CVar [[r.LightFunctionQuality:1]]
[2022.02.06-03.17.29:441][  0]LogConfig: Setting CVar [[r.ShadowQuality:5]]
[2022.02.06-03.17.29:441][  0]LogConfig: Setting CVar [[r.Shadow.CSM.MaxCascades:10]]
[2022.02.06-03.17.29:441][  0]LogConfig: Setting CVar [[r.Shadow.MaxResolution:2048]]
[2022.02.06-03.17.29:441][  0]LogConfig: Setting CVar [[r.Shadow.MaxCSMResolution:2048]]
[2022.02.06-03.17.29:441][  0]LogConfig: Setting CVar [[r.Shadow.RadiusThreshold:0.01]]
[2022.02.06-03.17.29:441][  0]LogConfig: Setting CVar [[r.Shadow.DistanceScale:1.0]]
[2022.02.06-03.17.29:441][  0]LogConfig: Setting CVar [[r.Shadow.CSM.TransitionScale:1.0]]
[2022.02.06-03.17.29:441][  0]LogConfig: Setting CVar [[r.Shadow.PreShadowResolutionFactor:1.0]]
[2022.02.06-03.17.29:441][  0]LogConfig: Setting CVar [[r.DistanceFieldShadowing:1]]
[2022.02.06-03.17.29:441][  0]LogConfig: Setting CVar [[r.DistanceFieldAO:1]]
[2022.02.06-03.17.29:441][  0]LogConfig: Setting CVar [[r.AOQuality:2]]
[2022.02.06-03.17.29:441][  0]LogConfig: Setting CVar [[r.VolumetricFog:1]]
[2022.02.06-03.17.29:441][  0]LogConfig: Setting CVar [[r.VolumetricFog.GridPixelSize:8]]
[2022.02.06-03.17.29:441][  0]LogConfig: Setting CVar [[r.VolumetricFog.GridSizeZ:128]]
[2022.02.06-03.17.29:441][  0]LogConfig: Setting CVar [[r.VolumetricFog.HistoryMissSupersampleCount:4]]
[2022.02.06-03.17.29:441][  0]LogConfig: Setting CVar [[r.LightMaxDrawDistanceScale:1]]
[2022.02.06-03.17.29:441][  0]LogConfig: Setting CVar [[r.CapsuleShadows:1]]
[2022.02.06-03.17.29:441][  0]LogConfig: Applying CVar settings from Section [PostProcessQuality@3] File [C:/Users/keiro/Documents/GitHub/RacingGame/KIA_Game_Project/Saved/Config/Windows/Scalability.ini]
[2022.02.06-03.17.29:441][  0]LogConfig: Setting CVar [[r.MotionBlurQuality:4]]
[2022.02.06-03.17.29:441][  0]LogConfig: Setting CVar [[r.AmbientOcclusionMipLevelFactor:0.4]]
[2022.02.06-03.17.29:441][  0]LogConfig: Setting CVar [[r.AmbientOcclusionMaxQuality:100]]
[2022.02.06-03.17.29:441][  0]LogConfig: Setting CVar [[r.AmbientOcclusionLevels:-1]]
[2022.02.06-03.17.29:441][  0]LogConfig: Setting CVar [[r.AmbientOcclusionRadiusScale:1.0]]
[2022.02.06-03.17.29:441][  0]LogConfig: Setting CVar [[r.DepthOfFieldQuality:2]]
[2022.02.06-03.17.29:441][  0]LogConfig: Setting CVar [[r.RenderTargetPoolMin:400]]
[2022.02.06-03.17.29:441][  0]LogConfig: Setting CVar [[r.LensFlareQuality:2]]
[2022.02.06-03.17.29:441][  0]LogConfig: Setting CVar [[r.SceneColorFringeQuality:1]]
[2022.02.06-03.17.29:441][  0]LogConfig: Setting CVar [[r.EyeAdaptationQuality:2]]
[2022.02.06-03.17.29:441][  0]LogConfig: Setting CVar [[r.BloomQuality:5]]
[2022.02.06-03.17.29:441][  0]LogConfig: Setting CVar [[r.FastBlurThreshold:100]]
[2022.02.06-03.17.29:441][  0]LogConfig: Setting CVar [[r.Upscale.Quality:3]]
[2022.02.06-03.17.29:442][  0]LogConfig: Setting CVar [[r.Tonemapper.GrainQuantization:1]]
[2022.02.06-03.17.29:442][  0]LogConfig: Setting CVar [[r.LightShaftQuality:1]]
[2022.02.06-03.17.29:442][  0]LogConfig: Setting CVar [[r.Filter.SizeScale:1]]
[2022.02.06-03.17.29:442][  0]LogConfig: Setting CVar [[r.Tonemapper.Quality:5]]
[2022.02.06-03.17.29:442][  0]LogConfig: Setting CVar [[r.DOF.Gather.AccumulatorQuality:1        ; higher gathering accumulator quality]]
[2022.02.06-03.17.29:442][  0]LogConfig: Setting CVar [[r.DOF.Gather.PostfilterMethod:1          ; Median3x3 postfilering method]]
[2022.02.06-03.17.29:442][  0]LogConfig: Setting CVar [[r.DOF.Gather.EnableBokehSettings:0       ; no bokeh simulation when gathering]]
[2022.02.06-03.17.29:442][  0]LogConfig: Setting CVar [[r.DOF.Gather.RingCount:4                 ; medium number of samples when gathering]]
[2022.02.06-03.17.29:442][  0]LogConfig: Setting CVar [[r.DOF.Scatter.ForegroundCompositing:1    ; additive foreground scattering]]
[2022.02.06-03.17.29:442][  0]LogConfig: Setting CVar [[r.DOF.Scatter.BackgroundCompositing:2    ; additive background scattering]]
[2022.02.06-03.17.29:442][  0]LogConfig: Setting CVar [[r.DOF.Scatter.EnableBokehSettings:1      ; bokeh simulation when scattering]]
[2022.02.06-03.17.29:442][  0]LogConfig: Setting CVar [[r.DOF.Scatter.MaxSpriteRatio:0.1         ; only a maximum of 10% of scattered bokeh]]
[2022.02.06-03.17.29:442][  0]LogConfig: Setting CVar [[r.DOF.Recombine.Quality:1                ; cheap slight out of focus]]
[2022.02.06-03.17.29:442][  0]LogConfig: Setting CVar [[r.DOF.Recombine.EnableBokehSettings:0    ; no bokeh simulation on slight out of focus]]
[2022.02.06-03.17.29:442][  0]LogConfig: Setting CVar [[r.DOF.TemporalAAQuality:1                ; more stable temporal accumulation]]
[2022.02.06-03.17.29:442][  0]LogConfig: Setting CVar [[r.DOF.Kernel.MaxForegroundRadius:0.025]]
[2022.02.06-03.17.29:442][  0]LogConfig: Setting CVar [[r.DOF.Kernel.MaxBackgroundRadius:0.025]]
[2022.02.06-03.17.29:442][  0]LogConfig: Applying CVar settings from Section [TextureQuality@3] File [C:/Users/keiro/Documents/GitHub/RacingGame/KIA_Game_Project/Saved/Config/Windows/Scalability.ini]
[2022.02.06-03.17.29:442][  0]LogConfig: Setting CVar [[r.Streaming.MipBias:0]]
[2022.02.06-03.17.29:442][  0]LogConfig: Setting CVar [[r.Streaming.AmortizeCPUToGPUCopy:0]]
[2022.02.06-03.17.29:442][  0]LogConfig: Setting CVar [[r.Streaming.MaxNumTexturesToStreamPerFrame:0]]
[2022.02.06-03.17.29:442][  0]LogConfig: Setting CVar [[r.Streaming.Boost:1]]
[2022.02.06-03.17.29:442][  0]LogConfig: Setting CVar [[r.MaxAnisotropy:8]]
[2022.02.06-03.17.29:442][  0]LogConfig: Setting CVar [[r.VT.MaxAnisotropy:8]]
[2022.02.06-03.17.29:442][  0]LogConfig: Setting CVar [[r.Streaming.LimitPoolSizeToVRAM:0]]
[2022.02.06-03.17.29:442][  0]LogConfig: Setting CVar [[r.Streaming.PoolSize:5000]]
[2022.02.06-03.17.29:442][  0]LogConfig: Setting CVar [[r.Streaming.MaxEffectiveScreenSize:0]]
[2022.02.06-03.17.29:442][  0]LogConfig: Applying CVar settings from Section [EffectsQuality@3] File [C:/Users/keiro/Documents/GitHub/RacingGame/KIA_Game_Project/Saved/Config/Windows/Scalability.ini]
[2022.02.06-03.17.29:442][  0]LogConfig: Setting CVar [[r.TranslucencyLightingVolumeDim:64]]
[2022.02.06-03.17.29:442][  0]LogConfig: Setting CVar [[r.RefractionQuality:2]]
[2022.02.06-03.17.29:442][  0]LogConfig: Setting CVar [[r.SSR.Quality:3]]
[2022.02.06-03.17.29:442][  0]LogConfig: Setting CVar [[r.SSR.HalfResSceneColor:0]]
[2022.02.06-03.17.29:442][  0]LogConfig: Setting CVar [[r.SceneColorFormat:4]]
[2022.02.06-03.17.29:442][  0]LogConfig: Setting CVar [[r.DetailMode:2]]
[2022.02.06-03.17.29:442][  0]LogConfig: Setting CVar [[r.TranslucencyVolumeBlur:1]]
[2022.02.06-03.17.29:442][  0]LogConfig: Setting CVar [[r.MaterialQualityLevel:1 ; High quality]]
[2022.02.06-03.17.29:442][  0]LogConfig: Setting CVar [[r.AnisotropicMaterials:1]]
[2022.02.06-03.17.29:442][  0]LogConfig: Setting CVar [[r.SSS.Scale:1]]
[2022.02.06-03.17.29:442][  0]LogConfig: Setting CVar [[r.SSS.SampleSet:2]]
[2022.02.06-03.17.29:442][  0]LogConfig: Setting CVar [[r.SSS.Quality:1]]
[2022.02.06-03.17.29:442][  0]LogConfig: Setting CVar [[r.SSS.HalfRes:0]]
[2022.02.06-03.17.29:442][  0]LogConfig: Setting CVar [[r.SSGI.Quality:3]]
[2022.02.06-03.17.29:442][  0]LogConfig: Setting CVar [[r.EmitterSpawnRateScale:1.0]]
[2022.02.06-03.17.29:442][  0]LogConfig: Setting CVar [[r.ParticleLightQuality:2]]
[2022.02.06-03.17.29:442][  0]LogConfig: Setting CVar [[r.SkyAtmosphere.AerialPerspectiveLUT.FastApplyOnOpaque:1 ; Always have FastSkyLUT 1 in this case to avoid wrong sky]]
[2022.02.06-03.17.29:442][  0]LogConfig: Setting CVar [[r.SkyAtmosphere.AerialPerspectiveLUT.SampleCountMaxPerSlice:4]]
[2022.02.06-03.17.29:442][  0]LogConfig: Setting CVar [[r.SkyAtmosphere.AerialPerspectiveLUT.DepthResolution:16.0]]
[2022.02.06-03.17.29:442][  0]LogConfig: Setting CVar [[r.SkyAtmosphere.FastSkyLUT:1]]
[2022.02.06-03.17.29:442][  0]LogConfig: Setting CVar [[r.SkyAtmosphere.FastSkyLUT.SampleCountMin:4.0]]
[2022.02.06-03.17.29:442][  0]LogConfig: Setting CVar [[r.SkyAtmosphere.FastSkyLUT.SampleCountMax:128.0]]
[2022.02.06-03.17.29:442][  0]LogConfig: Setting CVar [[r.SkyAtmosphere.SampleCountMin:4.0]]
[2022.02.06-03.17.29:442][  0]LogConfig: Setting CVar [[r.SkyAtmosphere.SampleCountMax:128.0]]
[2022.02.06-03.17.29:442][  0]LogConfig: Setting CVar [[r.SkyAtmosphere.TransmittanceLUT.UseSmallFormat:0]]
[2022.02.06-03.17.29:442][  0]LogConfig: Setting CVar [[r.SkyAtmosphere.TransmittanceLUT.SampleCount:10.0]]
[2022.02.06-03.17.29:442][  0]LogConfig: Setting CVar [[r.SkyAtmosphere.MultiScatteringLUT.SampleCount:15.0]]
[2022.02.06-03.17.29:442][  0]LogConfig: Setting CVar [[r.SkyLight.RealTimeReflectionCapture:1]]
[2022.02.06-03.17.29:442][  0]LogConfig: Applying CVar settings from Section [FoliageQuality@3] File [C:/Users/keiro/Documents/GitHub/RacingGame/KIA_Game_Project/Saved/Config/Windows/Scalability.ini]
[2022.02.06-03.17.29:442][  0]LogConfig: Setting CVar [[foliage.DensityScale:1.0]]
[2022.02.06-03.17.29:442][  0]LogConfig: Setting CVar [[grass.DensityScale:1.0]]
[2022.02.06-03.17.29:442][  0]LogConfig: Applying CVar settings from Section [ShadingQuality@3] File [C:/Users/keiro/Documents/GitHub/RacingGame/KIA_Game_Project/Saved/Config/Windows/Scalability.ini]
[2022.02.06-03.17.29:442][  0]LogConfig: Setting CVar [[r.HairStrands.SkyLighting.IntegrationType:2]]
[2022.02.06-03.17.29:442][  0]LogConfig: Setting CVar [[r.HairStrands.SkyAO.SampleCount:4]]
[2022.02.06-03.17.29:442][  0]LogConfig: Setting CVar [[r.HairStrands.Visibility.MSAA.SamplePerPixel:4]]
[2022.02.06-03.17.29:453][  0]LogInit: Selected Device Profile: [Windows]
[2022.02.06-03.17.29:464][  0]LogInit: Applying CVar settings loaded from the selected device profile: [Windows]
[2022.02.06-03.17.29:465][  0]LogHAL: Display: Platform has ~ 64 GB [68645998592 / 68719476736 / 64], which maps to Largest [LargestMinGB=32, LargerMinGB=12, DefaultMinGB=8, SmallerMinGB=6, SmallestMinGB=0)
[2022.02.06-03.17.29:465][  0]LogInit: Going up to parent DeviceProfile []
[2022.02.06-03.17.29:469][  0]LogConfig: Applying CVar settings from Section [ViewDistanceQuality@3] File [C:/Users/keiro/Documents/GitHub/RacingGame/KIA_Game_Project/Saved/Config/Windows/Scalability.ini]
[2022.02.06-03.17.29:469][  0]LogConfig: Setting CVar [[r.SkeletalMeshLODBias:0]]
[2022.02.06-03.17.29:469][  0]LogConfig: Setting CVar [[r.ViewDistanceScale:1.0]]
[2022.02.06-03.17.29:469][  0]LogConfig: Applying CVar settings from Section [AntiAliasingQuality@3] File [C:/Users/keiro/Documents/GitHub/RacingGame/KIA_Game_Project/Saved/Config/Windows/Scalability.ini]
[2022.02.06-03.17.29:469][  0]LogConfig: Setting CVar [[r.PostProcessAAQuality:4]]
[2022.02.06-03.17.29:469][  0]LogConfig: Applying CVar settings from Section [ShadowQuality@3] File [C:/Users/keiro/Documents/GitHub/RacingGame/KIA_Game_Project/Saved/Config/Windows/Scalability.ini]
[2022.02.06-03.17.29:469][  0]LogConfig: Setting CVar [[r.LightFunctionQuality:1]]
[2022.02.06-03.17.29:469][  0]LogConfig: Setting CVar [[r.ShadowQuality:5]]
[2022.02.06-03.17.29:469][  0]LogConfig: Setting CVar [[r.Shadow.CSM.MaxCascades:10]]
[2022.02.06-03.17.29:469][  0]LogConfig: Setting CVar [[r.Shadow.MaxResolution:2048]]
[2022.02.06-03.17.29:469][  0]LogConfig: Setting CVar [[r.Shadow.MaxCSMResolution:2048]]
[2022.02.06-03.17.29:469][  0]LogConfig: Setting CVar [[r.Shadow.RadiusThreshold:0.01]]
[2022.02.06-03.17.29:469][  0]LogConfig: Setting CVar [[r.Shadow.DistanceScale:1.0]]
[2022.02.06-03.17.29:469][  0]LogConfig: Setting CVar [[r.Shadow.CSM.TransitionScale:1.0]]
[2022.02.06-03.17.29:469][  0]LogConfig: Setting CVar [[r.Shadow.PreShadowResolutionFactor:1.0]]
[2022.02.06-03.17.29:469][  0]LogConfig: Setting CVar [[r.DistanceFieldShadowing:1]]
[2022.02.06-03.17.29:469][  0]LogConfig: Setting CVar [[r.DistanceFieldAO:1]]
[2022.02.06-03.17.29:469][  0]LogConfig: Setting CVar [[r.AOQuality:2]]
[2022.02.06-03.17.29:469][  0]LogConfig: Setting CVar [[r.VolumetricFog:1]]
[2022.02.06-03.17.29:469][  0]LogConfig: Setting CVar [[r.VolumetricFog.GridPixelSize:8]]
[2022.02.06-03.17.29:469][  0]LogConfig: Setting CVar [[r.VolumetricFog.GridSizeZ:128]]
[2022.02.06-03.17.29:469][  0]LogConfig: Setting CVar [[r.VolumetricFog.HistoryMissSupersampleCount:4]]
[2022.02.06-03.17.29:469][  0]LogConfig: Setting CVar [[r.LightMaxDrawDistanceScale:1]]
[2022.02.06-03.17.29:469][  0]LogConfig: Setting CVar [[r.CapsuleShadows:1]]
[2022.02.06-03.17.29:469][  0]LogConfig: Applying CVar settings from Section [PostProcessQuality@3] File [C:/Users/keiro/Documents/GitHub/RacingGame/KIA_Game_Project/Saved/Config/Windows/Scalability.ini]
[2022.02.06-03.17.29:469][  0]LogConfig: Setting CVar [[r.MotionBlurQuality:4]]
[2022.02.06-03.17.29:469][  0]LogConfig: Setting CVar [[r.AmbientOcclusionMipLevelFactor:0.4]]
[2022.02.06-03.17.29:469][  0]LogConfig: Setting CVar [[r.AmbientOcclusionMaxQuality:100]]
[2022.02.06-03.17.29:469][  0]LogConfig: Setting CVar [[r.AmbientOcclusionLevels:-1]]
[2022.02.06-03.17.29:469][  0]LogConfig: Setting CVar [[r.AmbientOcclusionRadiusScale:1.0]]
[2022.02.06-03.17.29:469][  0]LogConfig: Setting CVar [[r.DepthOfFieldQuality:2]]
[2022.02.06-03.17.29:469][  0]LogConfig: Setting CVar [[r.RenderTargetPoolMin:400]]
[2022.02.06-03.17.29:469][  0]LogConfig: Setting CVar [[r.LensFlareQuality:2]]
[2022.02.06-03.17.29:469][  0]LogConfig: Setting CVar [[r.SceneColorFringeQuality:1]]
[2022.02.06-03.17.29:469][  0]LogConfig: Setting CVar [[r.EyeAdaptationQuality:2]]
[2022.02.06-03.17.29:469][  0]LogConfig: Setting CVar [[r.BloomQuality:5]]
[2022.02.06-03.17.29:469][  0]LogConfig: Setting CVar [[r.FastBlurThreshold:100]]
[2022.02.06-03.17.29:469][  0]LogConfig: Setting CVar [[r.Upscale.Quality:3]]
[2022.02.06-03.17.29:469][  0]LogConfig: Setting CVar [[r.Tonemapper.GrainQuantization:1]]
[2022.02.06-03.17.29:469][  0]LogConfig: Setting CVar [[r.LightShaftQuality:1]]
[2022.02.06-03.17.29:469][  0]LogConfig: Setting CVar [[r.Filter.SizeScale:1]]
[2022.02.06-03.17.29:469][  0]LogConfig: Setting CVar [[r.Tonemapper.Quality:5]]
[2022.02.06-03.17.29:469][  0]LogConfig: Setting CVar [[r.DOF.Gather.AccumulatorQuality:1        ; higher gathering accumulator quality]]
[2022.02.06-03.17.29:469][  0]LogConfig: Setting CVar [[r.DOF.Gather.PostfilterMethod:1          ; Median3x3 postfilering method]]
[2022.02.06-03.17.29:469][  0]LogConfig: Setting CVar [[r.DOF.Gather.EnableBokehSettings:0       ; no bokeh simulation when gathering]]
[2022.02.06-03.17.29:469][  0]LogConfig: Setting CVar [[r.DOF.Gather.RingCount:4                 ; medium number of samples when gathering]]
[2022.02.06-03.17.29:469][  0]LogConfig: Setting CVar [[r.DOF.Scatter.ForegroundCompositing:1    ; additive foreground scattering]]
[2022.02.06-03.17.29:469][  0]LogConfig: Setting CVar [[r.DOF.Scatter.BackgroundCompositing:2    ; additive background scattering]]
[2022.02.06-03.17.29:469][  0]LogConfig: Setting CVar [[r.DOF.Scatter.EnableBokehSettings:1      ; bokeh simulation when scattering]]
[2022.02.06-03.17.29:469][  0]LogConfig: Setting CVar [[r.DOF.Scatter.MaxSpriteRatio:0.1         ; only a maximum of 10% of scattered bokeh]]
[2022.02.06-03.17.29:469][  0]LogConfig: Setting CVar [[r.DOF.Recombine.Quality:1                ; cheap slight out of focus]]
[2022.02.06-03.17.29:469][  0]LogConfig: Setting CVar [[r.DOF.Recombine.EnableBokehSettings:0    ; no bokeh simulation on slight out of focus]]
[2022.02.06-03.17.29:469][  0]LogConfig: Setting CVar [[r.DOF.TemporalAAQuality:1                ; more stable temporal accumulation]]
[2022.02.06-03.17.29:469][  0]LogConfig: Setting CVar [[r.DOF.Kernel.MaxForegroundRadius:0.025]]
[2022.02.06-03.17.29:469][  0]LogConfig: Setting CVar [[r.DOF.Kernel.MaxBackgroundRadius:0.025]]
[2022.02.06-03.17.29:469][  0]LogConfig: Applying CVar settings from Section [TextureQuality@3] File [C:/Users/keiro/Documents/GitHub/RacingGame/KIA_Game_Project/Saved/Config/Windows/Scalability.ini]
[2022.02.06-03.17.29:469][  0]LogConfig: Setting CVar [[r.Streaming.MipBias:0]]
[2022.02.06-03.17.29:469][  0]LogConfig: Setting CVar [[r.Streaming.AmortizeCPUToGPUCopy:0]]
[2022.02.06-03.17.29:469][  0]LogConfig: Setting CVar [[r.Streaming.MaxNumTexturesToStreamPerFrame:0]]
[2022.02.06-03.17.29:469][  0]LogConfig: Setting CVar [[r.Streaming.Boost:1]]
[2022.02.06-03.17.29:469][  0]LogConfig: Setting CVar [[r.MaxAnisotropy:8]]
[2022.02.06-03.17.29:469][  0]LogConfig: Setting CVar [[r.VT.MaxAnisotropy:8]]
[2022.02.06-03.17.29:469][  0]LogConfig: Setting CVar [[r.Streaming.LimitPoolSizeToVRAM:0]]
[2022.02.06-03.17.29:469][  0]LogConfig: Setting CVar [[r.Streaming.PoolSize:5000]]
[2022.02.06-03.17.29:469][  0]LogConfig: Setting CVar [[r.Streaming.MaxEffectiveScreenSize:0]]
[2022.02.06-03.17.29:469][  0]LogConfig: Applying CVar settings from Section [EffectsQuality@3] File [C:/Users/keiro/Documents/GitHub/RacingGame/KIA_Game_Project/Saved/Config/Windows/Scalability.ini]
[2022.02.06-03.17.29:470][  0]LogConfig: Setting CVar [[r.TranslucencyLightingVolumeDim:64]]
[2022.02.06-03.17.29:470][  0]LogConfig: Setting CVar [[r.RefractionQuality:2]]
[2022.02.06-03.17.29:470][  0]LogConfig: Setting CVar [[r.SSR.Quality:3]]
[2022.02.06-03.17.29:470][  0]LogConfig: Setting CVar [[r.SSR.HalfResSceneColor:0]]
[2022.02.06-03.17.29:470][  0]LogConfig: Setting CVar [[r.SceneColorFormat:4]]
[2022.02.06-03.17.29:470][  0]LogConfig: Setting CVar [[r.DetailMode:2]]
[2022.02.06-03.17.29:470][  0]LogConfig: Setting CVar [[r.TranslucencyVolumeBlur:1]]
[2022.02.06-03.17.29:470][  0]LogConfig: Setting CVar [[r.MaterialQualityLevel:1 ; High quality]]
[2022.02.06-03.17.29:470][  0]LogConfig: Setting CVar [[r.AnisotropicMaterials:1]]
[2022.02.06-03.17.29:470][  0]LogConfig: Setting CVar [[r.SSS.Scale:1]]
[2022.02.06-03.17.29:470][  0]LogConfig: Setting CVar [[r.SSS.SampleSet:2]]
[2022.02.06-03.17.29:470][  0]LogConfig: Setting CVar [[r.SSS.Quality:1]]
[2022.02.06-03.17.29:470][  0]LogConfig: Setting CVar [[r.SSS.HalfRes:0]]
[2022.02.06-03.17.29:470][  0]LogConfig: Setting CVar [[r.SSGI.Quality:3]]
[2022.02.06-03.17.29:470][  0]LogConfig: Setting CVar [[r.EmitterSpawnRateScale:1.0]]
[2022.02.06-03.17.29:470][  0]LogConfig: Setting CVar [[r.ParticleLightQuality:2]]
[2022.02.06-03.17.29:470][  0]LogConfig: Setting CVar [[r.SkyAtmosphere.AerialPerspectiveLUT.FastApplyOnOpaque:1 ; Always have FastSkyLUT 1 in this case to avoid wrong sky]]
[2022.02.06-03.17.29:470][  0]LogConfig: Setting CVar [[r.SkyAtmosphere.AerialPerspectiveLUT.SampleCountMaxPerSlice:4]]
[2022.02.06-03.17.29:470][  0]LogConfig: Setting CVar [[r.SkyAtmosphere.AerialPerspectiveLUT.DepthResolution:16.0]]
[2022.02.06-03.17.29:470][  0]LogConfig: Setting CVar [[r.SkyAtmosphere.FastSkyLUT:1]]
[2022.02.06-03.17.29:470][  0]LogConfig: Setting CVar [[r.SkyAtmosphere.FastSkyLUT.SampleCountMin:4.0]]
[2022.02.06-03.17.29:470][  0]LogConfig: Setting CVar [[r.SkyAtmosphere.FastSkyLUT.SampleCountMax:128.0]]
[2022.02.06-03.17.29:470][  0]LogConfig: Setting CVar [[r.SkyAtmosphere.SampleCountMin:4.0]]
[2022.02.06-03.17.29:470][  0]LogConfig: Setting CVar [[r.SkyAtmosphere.SampleCountMax:128.0]]
[2022.02.06-03.17.29:470][  0]LogConfig: Setting CVar [[r.SkyAtmosphere.TransmittanceLUT.UseSmallFormat:0]]
[2022.02.06-03.17.29:470][  0]LogConfig: Setting CVar [[r.SkyAtmosphere.TransmittanceLUT.SampleCount:10.0]]
[2022.02.06-03.17.29:470][  0]LogConfig: Setting CVar [[r.SkyAtmosphere.MultiScatteringLUT.SampleCount:15.0]]
[2022.02.06-03.17.29:470][  0]LogConfig: Setting CVar [[r.SkyLight.RealTimeReflectionCapture:1]]
[2022.02.06-03.17.29:470][  0]LogConfig: Applying CVar settings from Section [FoliageQuality@3] File [C:/Users/keiro/Documents/GitHub/RacingGame/KIA_Game_Project/Saved/Config/Windows/Scalability.ini]
[2022.02.06-03.17.29:470][  0]LogConfig: Setting CVar [[foliage.DensityScale:1.0]]
[2022.02.06-03.17.29:470][  0]LogConfig: Setting CVar [[grass.DensityScale:1.0]]
[2022.02.06-03.17.29:470][  0]LogConfig: Applying CVar settings from Section [ShadingQuality@3] File [C:/Users/keiro/Documents/GitHub/RacingGame/KIA_Game_Project/Saved/Config/Windows/Scalability.ini]
[2022.02.06-03.17.29:470][  0]LogConfig: Setting CVar [[r.HairStrands.SkyLighting.IntegrationType:2]]
[2022.02.06-03.17.29:470][  0]LogConfig: Setting CVar [[r.HairStrands.SkyAO.SampleCount:4]]
[2022.02.06-03.17.29:470][  0]LogConfig: Setting CVar [[r.HairStrands.Visibility.MSAA.SamplePerPixel:4]]
[2022.02.06-03.17.29:470][  0]LogConfig: Applying CVar settings from Section [Startup] File [../../../Engine/Config/ConsoleVariables.ini]
[2022.02.06-03.17.29:492][  0]LogConfig: Setting CVar [[net.UseAdaptiveNetUpdateFrequency:0]]
[2022.02.06-03.17.29:492][  0]LogConfig: Setting CVar [[p.chaos.AllowCreatePhysxBodies:1]]
[2022.02.06-03.17.29:492][  0]LogConfig: Setting CVar [[fx.SkipVectorVMBackendOptimizations:1]]
[2022.02.06-03.17.29:492][  0]LogConfig: Applying CVar settings from Section [ConsoleVariables] File [C:/Users/keiro/Documents/GitHub/RacingGame/KIA_Game_Project/Saved/Config/Windows/Engine.ini]
[2022.02.06-03.17.29:492][  0]LogConfig: Applying CVar settings from Section [ConsoleVariables] File [C:/Users/keiro/Documents/GitHub/RacingGame/KIA_Game_Project/Saved/Config/Windows/Editor.ini]
[2022.02.06-03.17.29:507][  0]LogInit: Computer: DESKTOP-9LD5IM5
[2022.02.06-03.17.29:507][  0]LogInit: User: keiro
[2022.02.06-03.17.29:507][  0]LogInit: CPU Page size=4096, Cores=8
[2022.02.06-03.17.29:507][  0]LogInit: High frequency timer resolution =10.000000 MHz
[2022.02.06-03.17.29:507][  0]LogMemory: Memory total: Physical=63.9GB (64GB approx)
[2022.02.06-03.17.29:507][  0]LogMemory: Platform Memory Stats for Windows
[2022.02.06-03.17.29:507][  0]LogMemory: Process Physical Memory: 148.34 MB used, 148.35 MB peak
[2022.02.06-03.17.29:507][  0]LogMemory: Process Virtual Memory: 130.98 MB used, 130.98 MB peak
[2022.02.06-03.17.29:507][  0]LogMemory: Physical Memory: 14230.24 MB used,  51235.69 MB free, 65465.93 MB total
[2022.02.06-03.17.29:507][  0]LogMemory: Virtual Memory: 134163688.00 MB used,  54043.71 MB free, 134217728.00 MB total
[2022.02.06-03.17.29:515][  0]LogWindows: WindowsPlatformFeatures enabled
[2022.02.06-03.17.30:323][  0]LogInit: Physics initialised using underlying interface: PhysX
[2022.02.06-03.17.30:351][  0]LogInit: Using OS detected language (en-GB).
[2022.02.06-03.17.30:351][  0]LogInit: Using OS detected locale (en-GB).
[2022.02.06-03.17.30:355][  0]LogTextLocalizationManager: No specific localization for 'en-GB' exists, so the 'en' localization will be used.
[2022.02.06-03.17.31:032][  0]LogInit: Setting process to per monitor DPI aware
[2022.02.06-03.17.31:147][  0]LogWindowsTextInputMethodSystem: Display: IME system deactivated.
[2022.02.06-03.17.31:418][  0]LogSlate: New Slate User Created.  User Index 0, Is Virtual User: 0
[2022.02.06-03.17.31:418][  0]LogSlate: Slate User Registered.  User Index 0, Is Virtual User: 0
[2022.02.06-03.17.35:378][  0]LogD3D11RHI: Loaded GFSDK_Aftermath_Lib.x64.dll
[2022.02.06-03.17.35:386][  0]LogHMD: Failed to initialize OpenVR with code 110
[2022.02.06-03.17.35:386][  0]LogD3D11RHI: D3D11 min allowed feature level: 11_0
[2022.02.06-03.17.35:386][  0]LogD3D11RHI: D3D11 max allowed feature level: 11_0
[2022.02.06-03.17.35:386][  0]LogD3D11RHI: D3D11 adapters:
[2022.02.06-03.17.35:564][  0]LogD3D11RHI:    0. 'NVIDIA GeForce RTX 2060 SUPER' (Feature Level 11_0)
[2022.02.06-03.17.35:564][  0]LogD3D11RHI:       8031/0/32732 MB DedicatedVideo/DedicatedSystem/SharedSystem, Outputs:3, VendorId:0x10de
[2022.02.06-03.17.35:568][  0]LogD3D11RHI:    1. 'Microsoft Basic Render Driver' (Feature Level 11_0)
[2022.02.06-03.17.35:568][  0]LogD3D11RHI:       0/0/32732 MB DedicatedVideo/DedicatedSystem/SharedSystem, Outputs:0, VendorId:0x1414
[2022.02.06-03.17.35:568][  0]LogD3D11RHI: Chosen D3D11 Adapter:
[2022.02.06-03.17.35:568][  0]LogD3D11RHI:     Description : NVIDIA GeForce RTX 2060 SUPER
[2022.02.06-03.17.35:568][  0]LogD3D11RHI:     VendorId    : 10de
[2022.02.06-03.17.35:568][  0]LogD3D11RHI:     DeviceId    : 1f06
[2022.02.06-03.17.35:568][  0]LogD3D11RHI:     SubSysId    : 87301043
[2022.02.06-03.17.35:568][  0]LogD3D11RHI:     Revision    : 00a1
[2022.02.06-03.17.35:568][  0]LogD3D11RHI:     DedicatedVideoMemory : 8421113856 bytes
[2022.02.06-03.17.35:568][  0]LogD3D11RHI:     DedicatedSystemMemory : 0 bytes
[2022.02.06-03.17.35:568][  0]LogD3D11RHI:     SharedSystemMemory : 34322999296 bytes
[2022.02.06-03.17.35:568][  0]LogD3D11RHI:     AdapterLuid : 0 130430374
[2022.02.06-03.17.35:581][  0]LogD3D11RHI: Creating new Direct3DDevice
[2022.02.06-03.17.35:581][  0]LogD3D11RHI:     GPU DeviceId: 0x1f06 (for the marketing name, search the web for "GPU Device Id")
[2022.02.06-03.17.35:581][  0]LogWindows: EnumDisplayDevices:
[2022.02.06-03.17.35:581][  0]LogWindows:    0. 'NVIDIA GeForce RTX 2060 SUPER' (P:0 D:1)
[2022.02.06-03.17.35:582][  0]LogWindows:    1. 'NVIDIA GeForce RTX 2060 SUPER' (P:0 D:1)
[2022.02.06-03.17.35:582][  0]LogWindows:    2. 'NVIDIA GeForce RTX 2060 SUPER' (P:1 D:1)
[2022.02.06-03.17.35:582][  0]LogWindows:    3. 'NVIDIA GeForce RTX 2060 SUPER' (P:0 D:0)
[2022.02.06-03.17.35:582][  0]LogWindows: DebugString: FoundDriverCount:4 
[2022.02.06-03.17.35:582][  0]LogD3D11RHI:     Adapter Name: NVIDIA GeForce RTX 2060 SUPER
[2022.02.06-03.17.35:583][  0]LogD3D11RHI:   Driver Version: 511.65 (internal:30.0.15.1165, unified:511.65)
[2022.02.06-03.17.35:583][  0]LogD3D11RHI:      Driver Date: 1-28-2022
[2022.02.06-03.17.35:583][  0]LogRHI: Texture pool is 5621 MB (70% of 8031 MB)
[2022.02.06-03.17.35:583][  0]LogD3D11RHI: Creating D3DDevice using adapter:
[2022.02.06-03.17.35:583][  0]LogD3D11RHI:     Description : NVIDIA GeForce RTX 2060 SUPER
[2022.02.06-03.17.35:583][  0]LogD3D11RHI:     VendorId    : 10de
[2022.02.06-03.17.35:583][  0]LogD3D11RHI:     DeviceId    : 1f06
[2022.02.06-03.17.35:583][  0]LogD3D11RHI:     SubSysId    : 87301043
[2022.02.06-03.17.35:583][  0]LogD3D11RHI:     Revision    : 00a1
[2022.02.06-03.17.35:583][  0]LogD3D11RHI:     DedicatedVideoMemory : 8421113856 bytes
[2022.02.06-03.17.35:583][  0]LogD3D11RHI:     DedicatedSystemMemory : 0 bytes
[2022.02.06-03.17.35:583][  0]LogD3D11RHI:     SharedSystemMemory : 34322999296 bytes
[2022.02.06-03.17.35:583][  0]LogD3D11RHI:     AdapterLuid : 0 130430374
[2022.02.06-03.17.35:701][  0]LogD3D11RHI: RHI has support for 64 bit atomics
[2022.02.06-03.17.35:702][  0]LogD3D11RHI: Async texture creation enabled
[2022.02.06-03.17.35:702][  0]LogD3D11RHI: Array index from any shader is supported
[2022.02.06-03.17.36:030][  0]LogD3D11RHI: GPU Timing Frequency: 1000.000000 (Debug: 2 1)
[2022.02.06-03.17.36:185][  0]LogRHI: GeForceNow SDK initialized: 1
[2022.02.06-03.17.37:090][  0]LogTargetPlatformManager: Display: Loaded TargetPlatform 'AllDesktop'
[2022.02.06-03.17.37:160][  0]LogTargetPlatformManager: Display: Loaded TargetPlatform 'Android'
[2022.02.06-03.17.37:160][  0]LogTargetPlatformManager: Display: Loaded TargetPlatform 'Android_ASTC'
[2022.02.06-03.17.37:161][  0]LogTargetPlatformManager: Display: Loaded TargetPlatform 'Android_DXT'
[2022.02.06-03.17.37:161][  0]LogTargetPlatformManager: Display: Loaded TargetPlatform 'Android_ETC2'
[2022.02.06-03.17.37:161][  0]LogTargetPlatformManager: Display: Loaded TargetPlatform 'AndroidClient'
[2022.02.06-03.17.37:161][  0]LogTargetPlatformManager: Display: Loaded TargetPlatform 'Android_ASTCClient'
[2022.02.06-03.17.37:161][  0]LogTargetPlatformManager: Display: Loaded TargetPlatform 'Android_DXTClient'
[2022.02.06-03.17.37:161][  0]LogTargetPlatformManager: Display: Loaded TargetPlatform 'Android_ETC2Client'
[2022.02.06-03.17.37:161][  0]LogTargetPlatformManager: Display: Loaded TargetPlatform 'Android_Multi'
[2022.02.06-03.17.37:161][  0]LogTargetPlatformManager: Display: Loaded TargetPlatform 'Android_MultiClient'
[2022.02.06-03.17.37:270][  0]LogTargetPlatformManager: Display: Loaded TargetPlatform 'IOSClient'
[2022.02.06-03.17.37:270][  0]LogTargetPlatformManager: Display: Loaded TargetPlatform 'IOS'
[2022.02.06-03.17.37:323][  0]LogTargetPlatformManager: Display: Loaded TargetPlatform 'Linux'
[2022.02.06-03.17.37:354][  0]LogTargetPlatformManager: Display: Loaded TargetPlatform 'LinuxNoEditor'
[2022.02.06-03.17.37:389][  0]LogTargetPlatformManager: Display: Loaded TargetPlatform 'LinuxClient'
[2022.02.06-03.17.37:421][  0]LogTargetPlatformManager: Display: Loaded TargetPlatform 'LinuxServer'
[2022.02.06-03.17.37:481][  0]LogTargetPlatformManager: Display: Loaded TargetPlatform 'LinuxAArch64NoEditor'
[2022.02.06-03.17.37:505][  0]LogTargetPlatformManager: Display: Loaded TargetPlatform 'LinuxAArch64Client'
[2022.02.06-03.17.37:537][  0]LogTargetPlatformManager: Display: Loaded TargetPlatform 'LinuxAArch64Server'
[2022.02.06-03.17.37:600][  0]LogTargetPlatformManager: Display: Loaded TargetPlatform 'Lumin'
[2022.02.06-03.17.37:600][  0]LogTargetPlatformManager: Display: Loaded TargetPlatform 'LuminClient'
[2022.02.06-03.17.37:663][  0]LogTargetPlatformManager: Display: Loaded TargetPlatform 'MacNoEditor'
[2022.02.06-03.17.37:698][  0]LogTargetPlatformManager: Display: Loaded TargetPlatform 'Mac'
[2022.02.06-03.17.37:730][  0]LogTargetPlatformManager: Display: Loaded TargetPlatform 'MacClient'
[2022.02.06-03.17.37:767][  0]LogTargetPlatformManager: Display: Loaded TargetPlatform 'MacServer'
[2022.02.06-03.17.37:803][  0]LogTargetPlatformManager: Display: Loaded TargetPlatform 'TVOSClient'
[2022.02.06-03.17.37:803][  0]LogTargetPlatformManager: Display: Loaded TargetPlatform 'TVOS'
[2022.02.06-03.17.37:857][  0]LogTargetPlatformManager: Display: Loaded TargetPlatform 'WindowsNoEditor'
[2022.02.06-03.17.37:890][  0]LogTargetPlatformManager: Display: Loaded TargetPlatform 'Windows'
[2022.02.06-03.17.37:932][  0]LogTargetPlatformManager: Display: Loaded TargetPlatform 'WindowsClient'
[2022.02.06-03.17.37:974][  0]LogTargetPlatformManager: Display: Loaded TargetPlatform 'WindowsServer'
[2022.02.06-03.17.37:974][  0]LogTargetPlatformManager: Display: Building Assets For Windows
[2022.02.06-03.17.38:162][  0]LogAudioDebug: Display: Lib vorbis DLL was dynamically loaded.
[2022.02.06-03.17.38:586][  0]LogTextureFormatOodle: Display: Oodle Texture 2.9.0 init RDO Off
[2022.02.06-03.17.39:353][  0]LogRendererCore: Ray tracing is disabled. Reason: r.RayTracing=0.
[2022.02.06-03.17.39:380][  0]LogShaderCompilers: Guid format shader working directory is -14 characters bigger than the processId version (C:/Users/keiro/Documents/GitHub/RacingGame/KIA_Game_Project/Intermediate/Shaders/WorkingDirectory/31068/).
[2022.02.06-03.17.39:381][  0]LogShaderCompilers: Cleaned the shader compiler working directory 'C:/Users/keiro/AppData/Local/Temp/UnrealShaderWorkingDir/9FE20076466E94A2CF74A2BDBA5BBA15/'.
[2022.02.06-03.17.39:383][  0]LogXGEController: Cleaning working directory: C:/Users/keiro/AppData/Local/Temp/UnrealXGEWorkingDir/
[2022.02.06-03.17.39:384][  0]LogShaderCompilers: Display: Using XGE Controller for Shader Compilation.
[2022.02.06-03.17.43:975][  0]LogDerivedDataCache: Display: Max Cache Size: 512 MB
[2022.02.06-03.17.44:075][  0]LogDerivedDataCache: Loaded boot cache 0.10s 94MB C:/Users/keiro/AppData/Local/UnrealEngine/4.27/DerivedDataCache/Boot.ddc.
[2022.02.06-03.17.44:075][  0]LogDerivedDataCache: Display: Loaded Boot cache: C:/Users/keiro/AppData/Local/UnrealEngine/4.27/DerivedDataCache/Boot.ddc
[2022.02.06-03.17.44:076][  0]LogDerivedDataCache: FDerivedDataBackendGraph:  Pak pak cache file C:/Users/keiro/Documents/GitHub/RacingGame/KIA_Game_Project/DerivedDataCache/DDC.ddp not found, will not use a pak cache.
[2022.02.06-03.17.44:076][  0]LogDerivedDataCache: Unable to find inner node Pak for hierarchical cache Hierarchy.
[2022.02.06-03.17.44:076][  0]LogDerivedDataCache: FDerivedDataBackendGraph:  CompressedPak pak cache file C:/Users/keiro/Documents/GitHub/RacingGame/KIA_Game_Project/DerivedDataCache/Compressed.ddp not found, will not use a pak cache.
[2022.02.06-03.17.44:076][  0]LogDerivedDataCache: Unable to find inner node CompressedPak for hierarchical cache Hierarchy.
[2022.02.06-03.17.44:130][  0]LogDerivedDataCache: Display: Pak cache opened for reading ../../../Engine/DerivedDataCache/Compressed.ddp.
[2022.02.06-03.17.44:130][  0]LogDerivedDataCache: FDerivedDataBackendGraph:  EnterprisePak pak cache file ../../../Enterprise/DerivedDataCache/Compressed.ddp not found, will not use a pak cache.
[2022.02.06-03.17.44:130][  0]LogDerivedDataCache: Unable to find inner node EnterprisePak for hierarchical cache Hierarchy.
[2022.02.06-03.17.44:198][  0]LogDerivedDataCache: Speed tests for C:/Users/keiro/AppData/Local/UnrealEngine/Common/DerivedDataCache took 0.07 seconds
[2022.02.06-03.17.44:198][  0]LogDerivedDataCache: Display: Performance to C:/Users/keiro/AppData/Local/UnrealEngine/Common/DerivedDataCache: Latency=0.22ms. RandomReadSpeed=16.63MBs, RandomWriteSpeed=94.47MBs. Assigned SpeedClass 'Local'
[2022.02.06-03.17.44:199][  0]LogDerivedDataCache: Using Local data cache path C:/Users/keiro/AppData/Local/UnrealEngine/Common/DerivedDataCache: Writable
[2022.02.06-03.17.44:200][  0]LogDerivedDataCache: Shared data cache path not found in *engine.ini, will not use an Shared cache.
[2022.02.06-03.17.44:200][  0]LogDerivedDataCache: Unable to find inner node Shared for hierarchical cache Hierarchy.
[2022.02.06-03.17.44:338][  0]LogSlate: Using FreeType 2.10.0
[2022.02.06-03.17.44:393][  0]LogSlate: SlateFontServices - WITH_FREETYPE: 1, WITH_HARFBUZZ: 1
[2022.02.06-03.17.44:871][  0]LogAssetRegistry: FAssetRegistry took 0.0170 seconds to start up
[2022.02.06-03.17.46:835][  0]LogInit: Selected Device Profile: [Windows]
[2022.02.06-03.17.46:835][  0]LogInit: Active device profile: [000001BEC0818900][000001BEBE6EEA00 49] Windows
[2022.02.06-03.17.46:835][  0]LogInit: Profiles: [000001BEC0818900][000001BEBE6EEA00 49] Windows, [000001BEC07DB800][000001BEBE6F2B40 49] WindowsNoEditor, [000001BEC081B500][000001BEBE6FACC0 49] WindowsServer, [000001BEC07D8E00][000001BEBDFDAE40 49] WindowsClient, [000001BEC081B800][000001BEBDFDEFC0 49] IOS, [000001BEC07DA800][000001BEBDFE3140 49] iPadAir, [000001BEC081A000][000001BEBDFE72C0 49] iPadAir2, [000001BEC0778A00][000001BEBDFEF580 49] IPadPro, [000001BEC0778B00][000001BEBDFEB5C0 49] iPadAir3, [000001BEC07D9700][000001BEBDFF3740 49] iPadAir4, [000001BEC077B400][000001BEBDFF78C0 49] iPadMini2, [000001BEC07DAA00][000001BEBE553A40 49] iPadMini3, [000001BEC0779700][000001BEBE557BC0 49] iPadMini4, [000001BEC0818F00][000001BEBE55A1C0 49] iPadMini5, [000001BEC079C300][000001BEBE562480 49] iPhone6, [000001BEC079C400][000001BEBE55E4C0 49] iPodTouch6, [000001BEC077B600][000001BEBE56A780 49] iPhone7, [000001BEC0779800][000001BEBE5667C0 49] iPodTouch7, [000001BEC079FF00][000001BEBE56E940 49] iPhone5S, [000001BEC07DA300][000001BEBE6F6A80 49] iPhone6Plus, [000001BEC0778200][000001BEBE572BC0 49] iPhone6S, [000001BEC07DA200][000001BEBE576D00 49] iPhone6SPlus, [000001BEC077BC00][000001BEBE57EE80 49] iPhone7Plus, [000001BEC07DBD00][000001BEBE2A3000 49] iPhoneSE, [000001BEC077B500][000001BEBE2A7180 49] iPhone8, [000001BEC07D9E00][000001BEBE2AB300 49] iPhone8Plus, [000001BEC077A600][000001BEBE2AF480 49] iPhoneX, [000001BEC07DA500][000001BEBE2B3600 49] iPhoneXS, [000001BEC077A000][000001BEBE2B7780 49] iPhoneXSMax, [000001BEC07DBA00][000001BEBE2BB900 49] iPhoneXR, [000001BEC077B700][000001BEBE2BFA80 49] iPhone11, [000001BEC07D8D00][000001BEBE2C3C00 49] iPhone11Pro, [000001BEC077B800][000001BEBE2C6200 49] iPhone11ProMax, [000001BEC07D8F00][000001BEBE2CA380 49] iPhoneSE2, [000001BEC077AE00][000001BEBE2CE500 49] iPhone12Mini, [000001BEC07DA700][000001BEBE2D2680 49] iPhone12, [000001BEC0779100][000001BEBE2D6800 49] iPhone12Pro, [000001BEC07DB600][000001BEBE2DA980 49] iPhone12ProMax, [000001BEC077A300][000001BEBE2DEB00 49] iPadPro105, [000001BEC07D8C00][000001BEBE57AC40 49] iPadPro129, [000001BEC077B300][000001BEC1710D80 49] iPadPro97, [000001BEC07D9F00][000001BEC1714EC0 49] iPadPro2_129, [000001BEC0779400][000001BEC171D040 49] iPad5, [000001BEC07DB400][000001BEC17211C0 49] iPad6, [000001BEC077B100][000001BEC1725340 49] iPad7, [000001BEC07D9A00][000001BEC17294C0 49] iPad8, [000001BEC077A800][000001BEC172D640 49] iPadPro11, [000001BEC07D9B00][000001BEC17317C0 49] iPadPro2_11, [000001BEC0779B00][000001BEC1735940 49] iPadPro3_129, [000001BEC07DB900][000001BEC1739AC0 49] iPadPro4_129, [000001BEC0779500][000001BEC173C0C0 49] AppleTV, [000001BEC07DA000][000001BEC1740240 49] AppleTV4K, [000001BEC0778100][000001BEC17443C0 49] TVOS, [000001BEC07DA600][000001BEC1748540 49] Mac, [000001BEC077A700][000001BEC174C6C0 49] MacClient, [000001BEC07DAF00][000001BEC1750840 49] MacNoEditor, [000001BEC077B900][000001BEC17549C0 49] MacServer, [000001BEC07DB500][000001BEC1758B40 49] Linux, [000001BEC077A200][000001BEC175CCC0 49] LinuxAArch64, [000001BEC07D8B00][000001BEC1718E00 49] LinuxNoEditor, [000001BEC077BB00][000001BEC1760F40 49] LinuxAArch64NoEditor, [000001BEC07D8100][000001BEC1765080 49] LinuxClient, [000001BEC0779D00][000001BEC17691C0 49] LinuxAArch64Client, [000001BEC07D9600][000001BEC1771340 49] LinuxServer, [000001BEC077A100][000001BEC17754C0 49] LinuxAArch64Server, [000001BEC07D9300][000001BEC1779640 49] Android, [000001BEC0778500][000001BEC177D7C0 49] Android_Low, [000001BEC07DAB00][000001BEC1781940 49] Android_Mid, [000001BEC081BA00][000001BEC1785AC0 49] Android_High, [000001BEC079DC00][000001BEC17880C0 49] Android_Default, [000001BEC081A100][000001BEC178C240 49] Android_Adreno4xx, [000001BEC079E700][000001BEC17903C0 49] Android_Adreno5xx_Low, [000001BEC0818B00][000001BEC1794540 49] Android_Adreno5xx, [000001BEC079ED00][000001BEC17986C0 49] Android_Adreno6xx, [000001BEC0819200][000001BEC179C840 49] Android_Adreno6xx_Vulkan, [000001BEC079E800][000001BEC17A09C0 49] Android_Mali_T6xx, [000001BEC081B200][000001BEC17A4B40 49] Android_Mali_T7xx, [000001BEC079EE00][000001BEC17A8CC0 49] Android_Mali_T8xx, [000001BEC081A500][000001BEC17ACE40 49] Android_Mali_G71, [000001BEC079FE00][000001BEC176CF80 49] Android_Mali_G72, [000001BEC081AA00][000001BEC17B10C0 49] Android_Mali_G72_Vulkan, [000001BEC079DB00][000001BEC17B5200 49] Android_Mali_G76, [000001BEC0819D00][000001BEC17B9340 49] Android_Mali_G76_Vulkan, [000001BEC079F000][000001BEC17C14C0 49] Android_Mali_G77, [000001BEC081AD00][000001BEC17C5640 49] Android_Mali_G77_Vulkan, [000001BEC079FA00][000001BEC17C97C0 49] Android_Mali_G78, [000001BEC0818D00][000001BEC17CD940 49] Android_Mali_G78_Vulkan, [000001BEC079C500][000001BEC17D1AC0 49] Android_Mali_G710, [000001BEC0819300][000001BEC17D40C0 49] Android_Mali_G710_Vulkan, [000001BEC079F500][000001BEC17D8240 49] Android_Vulkan_SM5, [000001BEC081B300][000001BEC17DC3C0 49] Android_PowerVR_G6xxx, [000001BEC079EC00][000001BEC17E0540 49] Android_PowerVR_GT7xxx, [000001BEC081BC00][000001BEC17E46C0 49] Android_PowerVR_GE8xxx, [000001BEC079D200][000001BEC17E8840 49] Android_PowerVR_GM9xxx, [000001BEC081B000][000001BEC17EC9C0 49] Android_PowerVR_GM9xxx_Vulkan, [000001BEC079E900][000001BEC17F0B40 49] Android_TegraK1, [000001BEC0819100][000001BEC17F4CC0 49] Android_Unknown_Vulkan, [000001BEC07D8600][000001BEC17F8E40 49] Lumin, [000001BEC081A900][000001BEC17FCFC0 49] Lumin_Desktop, [000001BEC07D9200][000001BEC1801140 49] HoloLens, 
[2022.02.06-03.17.48:294][  0]LogMeshReduction: Using QuadricMeshReduction for automatic static mesh reduction
[2022.02.06-03.17.48:294][  0]LogMeshReduction: Using SimplygonMeshReduction for automatic skeletal mesh reduction
[2022.02.06-03.17.48:294][  0]LogMeshReduction: Using ProxyLODMeshReduction for automatic mesh merging
[2022.02.06-03.17.48:294][  0]LogMeshReduction: No distributed automatic mesh merging module available
[2022.02.06-03.17.48:294][  0]LogMeshMerging: No distributed automatic mesh merging module available
[2022.02.06-03.17.48:709][  0]LogNetVersion: KIA_Game_Project 1.0.0, NetCL: 17155196, EngineNetVer: 17, GameNetVer: 0 (Checksum: 2241242739)
[2022.02.06-03.17.58:506][  0]LogTexture: Default maximum texture size for cubemaps generated from long-lat sources has been changed from 512 to unlimited. In order to preserve old behaiour for '/Engine/MapTemplates/Sky/DaylightAmbientCubemap.DaylightAmbientCubemap', its maximum texture size has been explicitly set to 512.
[2022.02.06-03.17.59:141][  0]LogHMD: PokeAHoleMaterial loaded successfully
[2022.02.06-03.17.59:206][  0]LogUObjectArray: 17178 objects as part of root set at end of initial load.
[2022.02.06-03.17.59:206][  0]LogUObjectAllocator: 4302048 out of 0 bytes used by permanent object pool.
[2022.02.06-03.17.59:206][  0]LogUObjectArray: CloseDisregardForGC: 0/0 objects in disregard for GC pool
[2022.02.06-03.18.03:902][  0]LogNiagaraDebuggerClient: Niagara Debugger Client Initialized | Session: BE6B59264A01B9525E27448997A049A2 | Instance: C202C76F4285305F347D6596B8A4524B (DESKTOP-9LD5IM5-31068).
[2022.02.06-03.18.04:774][  0]LogPython: Using Python 3.7.7
[2022.02.06-03.18.07:385][  0]LogTcpMessaging: Initializing TcpMessaging bridge
[2022.02.06-03.18.07:447][  0]LogUdpMessaging: Initializing bridge on interface 0.0.0.0:0 to multicast group 230.0.0.1:6666.
[2022.02.06-03.18.10:309][  0]SourceControl: Source control is disabled
[2022.02.06-03.18.10:309][  0]SourceControl: Source control is disabled
[2022.02.06-03.18.10:451][  0]SourceControl: Source control is disabled
[2022.02.06-03.18.10:507][  0]SourceControl: Source control is disabled
[2022.02.06-03.18.10:698][  0]SourceControl: Source control is disabled
[2022.02.06-03.18.11:227][  0]LogUProjectInfo: Found projects:
[2022.02.06-03.18.12:622][  0]LogOpenImageDenoise: OIDN starting up
[2022.02.06-03.18.13:196][  0]LogAndroidPermission: UAndroidPermissionCallbackProxy::GetInstance
[2022.02.06-03.18.13:405][  0]LogAudioCaptureCore: Display: No Audio Capture implementations found. Audio input will be silent.
[2022.02.06-03.18.13:405][  0]LogAudioCaptureCore: Display: No Audio Capture implementations found. Audio input will be silent.
[2022.02.06-03.18.14:818][  0]LogCollectionManager: Loaded 0 collections in 0.001342 seconds
[2022.02.06-03.18.15:102][  0]LogFileCache: Scanning file cache for directory 'C:/Users/keiro/Documents/GitHub/RacingGame/KIA_Game_Project/Saved/Collections/' took 0.01s
[2022.02.06-03.18.15:103][  0]LogFileCache: Scanning file cache for directory 'C:/Users/keiro/Documents/GitHub/RacingGame/KIA_Game_Project/Content/Developers/keiro/Collections/' took 0.00s
[2022.02.06-03.18.15:103][  0]LogFileCache: Scanning file cache for directory 'C:/Users/keiro/Documents/GitHub/RacingGame/KIA_Game_Project/Content/Collections/' took 0.00s
[2022.02.06-03.18.15:103][  0]LogOcInput: OculusInput pre-init called
[2022.02.06-03.18.16:597][  0]LogClass: Display: IntProperty FRegisteredDeviceInfo::Handle is not initialized properly. Module:RawInput File:Public/RawInputFunctionLibrary.h
[2022.02.06-03.18.16:597][  0]LogClass: Display: IntProperty FRegisteredDeviceInfo::VendorID is not initialized properly. Module:RawInput File:Public/RawInputFunctionLibrary.h
[2022.02.06-03.18.16:597][  0]LogClass: Display: IntProperty FRegisteredDeviceInfo::ProductID is not initialized properly. Module:RawInput File:Public/RawInputFunctionLibrary.h
[2022.02.06-03.18.16:598][  0]LogClass: Display: 3 Uninitialized script struct members found including 0 object properties
[2022.02.06-03.18.16:727][  0]LogEngine: Initializing Engine...
[2022.02.06-03.18.16:838][  0]LogHMD: Failed to enumerate extensions. Please check that you have a valid OpenXR runtime installed.
[2022.02.06-03.18.16:839][  0]LogHMD: Failed to initialize OpenVR with code 110
[2022.02.06-03.18.16:853][  0]LogMagicLeap: Warning: VR disabled because ZI is not enabled.  To enable, in the editor, Edit -> Project Settings -> Plugins -> Magic Leap Plugin -> Enable Zero Iteration
[2022.02.06-03.18.16:892][  0]LogStats: UGameplayTagsManager::InitializeManager -  0.001 s
[2022.02.06-03.18.17:686][  0]LogInit: Initializing FReadOnlyCVARCache
[2022.02.06-03.18.18:097][  0]LogAIModule: Creating AISystem for world Untitled
[2022.02.06-03.18.18:132][  0]LogAudio: Display: Initializing Audio Device Manager...
[2022.02.06-03.18.18:164][  0]LogAudio: Display: Loading Default Audio Settings Objects...
[2022.02.06-03.18.18:186][  0]LogAudio: Display: No default SoundConcurrencyObject specified (or failed to load).
[2022.02.06-03.18.18:205][  0]LogAudio: Display: Audio Device Manager Initialized
[2022.02.06-03.18.18:205][  0]LogAudio: Display: Creating Audio Device:                 Id: 1, Scope: Shared, Realtime: True
[2022.02.06-03.18.18:222][  0]LogAudioMixer: Display: Audio Mixer Platform Settings:
[2022.02.06-03.18.18:222][  0]LogAudioMixer: Display: 	Sample Rate:						  48000
[2022.02.06-03.18.18:222][  0]LogAudioMixer: Display: 	Callback Buffer Frame Size Requested: 1024
[2022.02.06-03.18.18:222][  0]LogAudioMixer: Display: 	Callback Buffer Frame Size To Use:	  1024
[2022.02.06-03.18.18:222][  0]LogAudioMixer: Display: 	Number of buffers to queue:			  2
[2022.02.06-03.18.18:222][  0]LogAudioMixer: Display: 	Max Channels (voices):				  32
[2022.02.06-03.18.18:222][  0]LogAudioMixer: Display: 	Number of Async Source Workers:		  0
[2022.02.06-03.18.18:222][  0]LogAudio: Display: AudioDevice MaxSources: 32
[2022.02.06-03.18.18:227][  0]LogAudio: Display: Audio Spatialization Plugin: None (built-in).
[2022.02.06-03.18.18:227][  0]LogAudio: Display: Audio Reverb Plugin: None (built-in).
[2022.02.06-03.18.18:227][  0]LogAudio: Display: Audio Occlusion Plugin: None (built-in).
[2022.02.06-03.18.18:227][  0]LogAudioMixer: Display: Initializing audio mixer.
[2022.02.06-03.18.18:331][  0]LogAudioMixer: Display: 0: FrontLeft
[2022.02.06-03.18.18:331][  0]LogAudioMixer: Display: 1: FrontRight
[2022.02.06-03.18.18:349][  0]LogAudioMixer: Display: Using Audio Device Headphones (High Definition Audio Device)
[2022.02.06-03.18.18:374][  0]LogAudioMixer: Display: Initializing Sound Submixes...
[2022.02.06-03.18.18:428][  0]LogAudioMixer: Display: Creating Master Submix 'MasterSubmixDefault'
[2022.02.06-03.18.18:428][  0]LogAudioMixer: Display: Creating Master Submix 'MasterReverbSubmixDefault'
[2022.02.06-03.18.18:429][  0]LogAudioMixer: Display: Creating Master Submix 'MasterEQSubmixDefault'
[2022.02.06-03.18.18:429][  0]LogAudioMixer: FMixerPlatformXAudio2::StartAudioStream() called
[2022.02.06-03.18.18:429][  0]LogAudioMixer: Display: Output buffers initialized: Frames=1024, Channels=2, Samples=2048
[2022.02.06-03.18.18:432][  0]LogAudioMixer: Display: Starting AudioMixerPlatformInterface::RunInternal()
[2022.02.06-03.18.18:432][  0]LogAudioMixer: Display: FMixerPlatformXAudio2::SubmitBuffer() called for the first time
[2022.02.06-03.18.18:432][  0]LogInit: FAudioDevice initialized.
[2022.02.06-03.18.18:432][  0]LogAudio: Display: Audio Device (ID: 1) registered with world 'Untitled'.
[2022.02.06-03.18.18:433][  0]LogNetVersion: Set ProjectVersion to 1.0.0.0. Version Checksum will be recalculated on next use.
[2022.02.06-03.18.18:505][  0]LogDerivedDataCache: Saved boot cache 0.07s 94MB C:/Users/keiro/AppData/Local/UnrealEngine/4.27/DerivedDataCache/Boot.ddc.
[2022.02.06-03.18.18:506][  0]LogInit: Texture streaming: Enabled
[2022.02.06-03.18.18:661][  0]LogAnalytics: Display: [UEEditor.Rocket.Release] APIServer = https://datarouter.ol.epicgames.com/. AppVersion = 4.27.2-18319896+++UE4+Release-4.27
[2022.02.06-03.18.18:695][  0]LogEngineSessionManager: EngineSessionManager initialized
[2022.02.06-03.18.18:709][  0]LogEditorSessionSummary: Verbose: Initializing EditorSessionSummaryWriter for editor session tracking
[2022.02.06-03.18.18:722][  0]LogEditorSessionSummary: EditorSessionSummaryWriter initialized
[2022.02.06-03.18.18:924][  0]LogInit: Transaction tracking system initialized
[2022.02.06-03.18.19:291][  0]BlueprintLog: New page: Editor Load
[2022.02.06-03.18.20:456][  0]LocalizationService: Localization service is disabled
[2022.02.06-03.18.20:929][  0]TimingProfiler: Initialize
[2022.02.06-03.18.20:931][  0]TimingProfiler: OnSessionChanged
[2022.02.06-03.18.20:931][  0]LoadingProfiler: Initialize
[2022.02.06-03.18.20:951][  0]LoadingProfiler: OnSessionChanged
[2022.02.06-03.18.20:951][  0]NetworkingProfiler: Initialize
[2022.02.06-03.18.20:952][  0]NetworkingProfiler: OnSessionChanged
[2022.02.06-03.18.20:952][  0]MemoryProfiler: Initialize
[2022.02.06-03.18.20:952][  0]MemoryProfiler: OnSessionChanged
[2022.02.06-03.18.23:201][  0]LogCook: Display: CookSettings for Memory: MemoryMaxUsedVirtual 0MiB, MemoryMaxUsedPhysical 16384MiB, MemoryMinFreeVirtual 0MiB, MemoryMinFreePhysical 1024MiB
[2022.02.06-03.18.23:201][  0]LogCook: Display: Mobile HDR setting 1
[2022.02.06-03.18.23:626][  0]LogFileCache: Scanning file cache for directory 'C:/Users/keiro/Documents/GitHub/RacingGame/KIA_Game_Project/Content/' took 0.03s
[2022.02.06-03.18.26:368][  0]LogInit: Display: Engine is initialized. Leaving FEngineLoop::Init()
[2022.02.06-03.18.26:458][  0]SourceControl: Source control is disabled
[2022.02.06-03.18.26:461][  0]LogUnrealEdMisc: Loading editor; pre map load, took 72.609
[2022.02.06-03.18.26:496][  0]Cmd: MAP LOAD FILE="C:/Users/keiro/Documents/GitHub/RacingGame/KIA_Game_Project/Content/VehicleBP/Maps/VehicleExampleMap.umap" TEMPLATE=0 SHOWPROGRESS=1 FEATURELEVEL=3
[2022.02.06-03.18.26:496][  0]LogEditorServer: Warning: Can't find file 'C:/Users/keiro/Documents/GitHub/RacingGame/KIA_Game_Project/Content/VehicleBP/Maps/VehicleExampleMap.umap'
[2022.02.06-03.18.26:510][  0]Cmd: MAP CHECKDEP NOCLEARLOG
[2022.02.06-03.18.26:521][  0]MapCheck: Map check complete: 0 Error(s), 0 Warning(s), took 10.954ms to complete.
[2022.02.06-03.18.26:521][  0]LogFileHelpers: Loading map 'VehicleExampleMap' took 0.031
[2022.02.06-03.18.27:309][  0]LogUnrealEdMisc: Total Editor Startup Time, took 73.457
[2022.02.06-03.18.27:976][  0]LogSlate: Updating window title bar state: overlay mode, drag disabled, window buttons hidden, title bar hidden
[2022.02.06-03.18.27:984][  0]LogSlate: Updating window title bar state: overlay mode, drag disabled, window buttons hidden, title bar hidden
[2022.02.06-03.18.27:992][  0]LogSlate: Updating window title bar state: overlay mode, drag disabled, window buttons hidden, title bar hidden
[2022.02.06-03.18.28:001][  0]LogSlate: Updating window title bar state: overlay mode, drag disabled, window buttons hidden, title bar hidden
[2022.02.06-03.18.28:135][  0]LogNativeClassHierarchy: Verbose: Native class hierarchy populated in 0.0118 seconds. Added 3824 classes and 931 folders.
[2022.02.06-03.18.28:259][  0]LogNativeClassHierarchy: Verbose: Native class hierarchy updated for 'WidgetCarousel' in 0.0003 seconds. Added 0 classes and 0 folders.
[2022.02.06-03.18.28:359][  0]LogPakFile: PakFile PrimaryIndexSize=187
[2022.02.06-03.18.28:360][  0]LogPakFile: PakFile PathHashIndexSize=101
[2022.02.06-03.18.28:360][  0]LogPakFile: PakFile FullDirectoryIndexSize=148
[2022.02.06-03.18.28:360][  0]LogShaderLibrary: Display: ShaderCodeLibraryPakFileMountedCallback: PakFile 'D:/epic games/UE_4.27/FeaturePacks/FP_FirstPerson.upack' (chunk index -1, root 'root:/') mounted
[2022.02.06-03.18.28:360][  0]LogShaderLibrary: Display: ShaderCodeLibraryPakFileMountedCallback: pending pak file info (ChunkID:-1 Root:root:/ File:D:/epic games/UE_4.27/FeaturePacks/FP_FirstPerson.upack)
[2022.02.06-03.18.28:360][  0]LogPakFile: OnPakFileMounted2Time == 0.000085
[2022.02.06-03.18.28:395][  0]LogPakFile: PakFile PrimaryIndexSize=189
[2022.02.06-03.18.28:395][  0]LogPakFile: PakFile PathHashIndexSize=101
[2022.02.06-03.18.28:395][  0]LogPakFile: PakFile FullDirectoryIndexSize=152
[2022.02.06-03.18.28:395][  0]LogShaderLibrary: Display: ShaderCodeLibraryPakFileMountedCallback: PakFile 'D:/epic games/UE_4.27/FeaturePacks/FP_FirstPersonBP.upack' (chunk index -1, root 'root:/') mounted
[2022.02.06-03.18.28:395][  0]LogShaderLibrary: Display: ShaderCodeLibraryPakFileMountedCallback: pending pak file info (ChunkID:-1 Root:root:/ File:D:/epic games/UE_4.27/FeaturePacks/FP_FirstPersonBP.upack)
[2022.02.06-03.18.28:395][  0]LogPakFile: OnPakFileMounted2Time == 0.000068
[2022.02.06-03.18.28:402][  0]LogPakFile: PakFile PrimaryIndexSize=191
[2022.02.06-03.18.28:402][  0]LogPakFile: PakFile PathHashIndexSize=101
[2022.02.06-03.18.28:402][  0]LogPakFile: PakFile FullDirectoryIndexSize=160
[2022.02.06-03.18.28:402][  0]LogShaderLibrary: Display: ShaderCodeLibraryPakFileMountedCallback: PakFile 'D:/epic games/UE_4.27/FeaturePacks/MobileStarterContent.upack' (chunk index -1, root 'root:/') mounted
[2022.02.06-03.18.28:402][  0]LogShaderLibrary: Display: ShaderCodeLibraryPakFileMountedCallback: pending pak file info (ChunkID:-1 Root:root:/ File:D:/epic games/UE_4.27/FeaturePacks/MobileStarterContent.upack)
[2022.02.06-03.18.28:402][  0]LogPakFile: OnPakFileMounted2Time == 0.000058
[2022.02.06-03.18.28:409][  0]LogPakFile: PakFile PrimaryIndexSize=185
[2022.02.06-03.18.28:409][  0]LogPakFile: PakFile PathHashIndexSize=101
[2022.02.06-03.18.28:409][  0]LogPakFile: PakFile FullDirectoryIndexSize=148
[2022.02.06-03.18.28:409][  0]LogShaderLibrary: Display: ShaderCodeLibraryPakFileMountedCallback: PakFile 'D:/epic games/UE_4.27/FeaturePacks/StarterContent.upack' (chunk index -1, root 'root:/') mounted
[2022.02.06-03.18.28:409][  0]LogShaderLibrary: Display: ShaderCodeLibraryPakFileMountedCallback: pending pak file info (ChunkID:-1 Root:root:/ File:D:/epic games/UE_4.27/FeaturePacks/StarterContent.upack)
[2022.02.06-03.18.28:409][  0]LogPakFile: OnPakFileMounted2Time == 0.000062
[2022.02.06-03.18.28:416][  0]LogPakFile: PakFile PrimaryIndexSize=190
[2022.02.06-03.18.28:416][  0]LogPakFile: PakFile PathHashIndexSize=101
[2022.02.06-03.18.28:416][  0]LogPakFile: PakFile FullDirectoryIndexSize=154
[2022.02.06-03.18.28:416][  0]LogShaderLibrary: Display: ShaderCodeLibraryPakFileMountedCallback: PakFile 'D:/epic games/UE_4.27/FeaturePacks/TP_2DSideScroller.upack' (chunk index -1, root 'root:/') mounted
[2022.02.06-03.18.28:416][  0]LogShaderLibrary: Display: ShaderCodeLibraryPakFileMountedCallback: pending pak file info (ChunkID:-1 Root:root:/ File:D:/epic games/UE_4.27/FeaturePacks/TP_2DSideScroller.upack)
[2022.02.06-03.18.28:416][  0]LogPakFile: OnPakFileMounted2Time == 0.000059
[2022.02.06-03.18.28:422][  0]LogPakFile: PakFile PrimaryIndexSize=192
[2022.02.06-03.18.28:422][  0]LogPakFile: PakFile PathHashIndexSize=101
[2022.02.06-03.18.28:422][  0]LogPakFile: PakFile FullDirectoryIndexSize=158
[2022.02.06-03.18.28:422][  0]LogShaderLibrary: Display: ShaderCodeLibraryPakFileMountedCallback: PakFile 'D:/epic games/UE_4.27/FeaturePacks/TP_2DSideScrollerBP.upack' (chunk index -1, root 'root:/') mounted
[2022.02.06-03.18.28:422][  0]LogShaderLibrary: Display: ShaderCodeLibraryPakFileMountedCallback: pending pak file info (ChunkID:-1 Root:root:/ File:D:/epic games/UE_4.27/FeaturePacks/TP_2DSideScrollerBP.upack)
[2022.02.06-03.18.28:422][  0]LogPakFile: OnPakFileMounted2Time == 0.000064
[2022.02.06-03.18.28:428][  0]LogPakFile: PakFile PrimaryIndexSize=182
[2022.02.06-03.18.28:428][  0]LogPakFile: PakFile PathHashIndexSize=101
[2022.02.06-03.18.28:428][  0]LogPakFile: PakFile FullDirectoryIndexSize=138
[2022.02.06-03.18.28:428][  0]LogShaderLibrary: Display: ShaderCodeLibraryPakFileMountedCallback: PakFile 'D:/epic games/UE_4.27/FeaturePacks/TP_Flying.upack' (chunk index -1, root 'root:/') mounted
[2022.02.06-03.18.28:428][  0]LogShaderLibrary: Display: ShaderCodeLibraryPakFileMountedCallback: pending pak file info (ChunkID:-1 Root:root:/ File:D:/epic games/UE_4.27/FeaturePacks/TP_Flying.upack)
[2022.02.06-03.18.28:428][  0]LogPakFile: OnPakFileMounted2Time == 0.000057
[2022.02.06-03.18.28:436][  0]LogPakFile: PakFile PrimaryIndexSize=184
[2022.02.06-03.18.28:436][  0]LogPakFile: PakFile PathHashIndexSize=101
[2022.02.06-03.18.28:436][  0]LogPakFile: PakFile FullDirectoryIndexSize=142
[2022.02.06-03.18.28:436][  0]LogShaderLibrary: Display: ShaderCodeLibraryPakFileMountedCallback: PakFile 'D:/epic games/UE_4.27/FeaturePacks/TP_FlyingBP.upack' (chunk index -1, root 'root:/') mounted
[2022.02.06-03.18.28:436][  0]LogShaderLibrary: Display: ShaderCodeLibraryPakFileMountedCallback: pending pak file info (ChunkID:-1 Root:root:/ File:D:/epic games/UE_4.27/FeaturePacks/TP_FlyingBP.upack)
[2022.02.06-03.18.28:436][  0]LogPakFile: OnPakFileMounted2Time == 0.000058
[2022.02.06-03.18.28:443][  0]LogPakFile: PakFile PrimaryIndexSize=188
[2022.02.06-03.18.28:443][  0]LogPakFile: PakFile PathHashIndexSize=101
[2022.02.06-03.18.28:443][  0]LogPakFile: PakFile FullDirectoryIndexSize=150
[2022.02.06-03.18.28:443][  0]LogShaderLibrary: Display: ShaderCodeLibraryPakFileMountedCallback: PakFile 'D:/epic games/UE_4.27/FeaturePacks/TP_HandheldARBP.upack' (chunk index -1, root 'root:/') mounted
[2022.02.06-03.18.28:443][  0]LogShaderLibrary: Display: ShaderCodeLibraryPakFileMountedCallback: pending pak file info (ChunkID:-1 Root:root:/ File:D:/epic games/UE_4.27/FeaturePacks/TP_HandheldARBP.upack)
[2022.02.06-03.18.28:444][  0]LogPakFile: OnPakFileMounted2Time == 0.000068
[2022.02.06-03.18.28:453][  0]LogPakFile: PakFile PrimaryIndexSize=182
[2022.02.06-03.18.28:453][  0]LogPakFile: PakFile PathHashIndexSize=101
[2022.02.06-03.18.28:453][  0]LogPakFile: PakFile FullDirectoryIndexSize=138
[2022.02.06-03.18.28:453][  0]LogShaderLibrary: Display: ShaderCodeLibraryPakFileMountedCallback: PakFile 'D:/epic games/UE_4.27/FeaturePacks/TP_Puzzle.upack' (chunk index -1, root 'root:/') mounted
[2022.02.06-03.18.28:453][  0]LogShaderLibrary: Display: ShaderCodeLibraryPakFileMountedCallback: pending pak file info (ChunkID:-1 Root:root:/ File:D:/epic games/UE_4.27/FeaturePacks/TP_Puzzle.upack)
[2022.02.06-03.18.28:453][  0]LogPakFile: OnPakFileMounted2Time == 0.000057
[2022.02.06-03.18.28:459][  0]LogPakFile: PakFile PrimaryIndexSize=184
[2022.02.06-03.18.28:459][  0]LogPakFile: PakFile PathHashIndexSize=101
[2022.02.06-03.18.28:459][  0]LogPakFile: PakFile FullDirectoryIndexSize=142
[2022.02.06-03.18.28:459][  0]LogShaderLibrary: Display: ShaderCodeLibraryPakFileMountedCallback: PakFile 'D:/epic games/UE_4.27/FeaturePacks/TP_PuzzleBP.upack' (chunk index -1, root 'root:/') mounted
[2022.02.06-03.18.28:459][  0]LogShaderLibrary: Display: ShaderCodeLibraryPakFileMountedCallback: pending pak file info (ChunkID:-1 Root:root:/ File:D:/epic games/UE_4.27/FeaturePacks/TP_PuzzleBP.upack)
[2022.02.06-03.18.28:459][  0]LogPakFile: OnPakFileMounted2Time == 0.000056
[2022.02.06-03.18.28:500][  0]LogPakFile: PakFile PrimaryIndexSize=183
[2022.02.06-03.18.28:500][  0]LogPakFile: PakFile PathHashIndexSize=101
[2022.02.06-03.18.28:500][  0]LogPakFile: PakFile FullDirectoryIndexSize=140
[2022.02.06-03.18.28:500][  0]LogShaderLibrary: Display: ShaderCodeLibraryPakFileMountedCallback: PakFile 'D:/epic games/UE_4.27/FeaturePacks/TP_Rolling.upack' (chunk index -1, root 'root:/') mounted
[2022.02.06-03.18.28:500][  0]LogShaderLibrary: Display: ShaderCodeLibraryPakFileMountedCallback: pending pak file info (ChunkID:-1 Root:root:/ File:D:/epic games/UE_4.27/FeaturePacks/TP_Rolling.upack)
[2022.02.06-03.18.28:500][  0]LogPakFile: OnPakFileMounted2Time == 0.000057
[2022.02.06-03.18.28:507][  0]LogPakFile: PakFile PrimaryIndexSize=185
[2022.02.06-03.18.28:507][  0]LogPakFile: PakFile PathHashIndexSize=101
[2022.02.06-03.18.28:507][  0]LogPakFile: PakFile FullDirectoryIndexSize=144
[2022.02.06-03.18.28:507][  0]LogShaderLibrary: Display: ShaderCodeLibraryPakFileMountedCallback: PakFile 'D:/epic games/UE_4.27/FeaturePacks/TP_RollingBP.upack' (chunk index -1, root 'root:/') mounted
[2022.02.06-03.18.28:507][  0]LogShaderLibrary: Display: ShaderCodeLibraryPakFileMountedCallback: pending pak file info (ChunkID:-1 Root:root:/ File:D:/epic games/UE_4.27/FeaturePacks/TP_RollingBP.upack)
[2022.02.06-03.18.28:507][  0]LogPakFile: OnPakFileMounted2Time == 0.000057
[2022.02.06-03.18.28:514][  0]LogPakFile: PakFile PrimaryIndexSize=188
[2022.02.06-03.18.28:514][  0]LogPakFile: PakFile PathHashIndexSize=101
[2022.02.06-03.18.28:514][  0]LogPakFile: PakFile FullDirectoryIndexSize=150
[2022.02.06-03.18.28:514][  0]LogShaderLibrary: Display: ShaderCodeLibraryPakFileMountedCallback: PakFile 'D:/epic games/UE_4.27/FeaturePacks/TP_SideScroller.upack' (chunk index -1, root 'root:/') mounted
[2022.02.06-03.18.28:514][  0]LogShaderLibrary: Display: ShaderCodeLibraryPakFileMountedCallback: pending pak file info (ChunkID:-1 Root:root:/ File:D:/epic games/UE_4.27/FeaturePacks/TP_SideScroller.upack)
[2022.02.06-03.18.28:514][  0]LogPakFile: OnPakFileMounted2Time == 0.000059
[2022.02.06-03.18.28:521][  0]LogPakFile: PakFile PrimaryIndexSize=190
[2022.02.06-03.18.28:521][  0]LogPakFile: PakFile PathHashIndexSize=101
[2022.02.06-03.18.28:521][  0]LogPakFile: PakFile FullDirectoryIndexSize=154
[2022.02.06-03.18.28:521][  0]LogShaderLibrary: Display: ShaderCodeLibraryPakFileMountedCallback: PakFile 'D:/epic games/UE_4.27/FeaturePacks/TP_SideScrollerBP.upack' (chunk index -1, root 'root:/') mounted
[2022.02.06-03.18.28:521][  0]LogShaderLibrary: Display: ShaderCodeLibraryPakFileMountedCallback: pending pak file info (ChunkID:-1 Root:root:/ File:D:/epic games/UE_4.27/FeaturePacks/TP_SideScrollerBP.upack)
[2022.02.06-03.18.28:521][  0]LogPakFile: OnPakFileMounted2Time == 0.000045
[2022.02.06-03.18.28:528][  0]LogPakFile: PakFile PrimaryIndexSize=187
[2022.02.06-03.18.28:528][  0]LogPakFile: PakFile PathHashIndexSize=101
[2022.02.06-03.18.28:528][  0]LogPakFile: PakFile FullDirectoryIndexSize=148
[2022.02.06-03.18.28:528][  0]LogShaderLibrary: Display: ShaderCodeLibraryPakFileMountedCallback: PakFile 'D:/epic games/UE_4.27/FeaturePacks/TP_ThirdPerson.upack' (chunk index -1, root 'root:/') mounted
[2022.02.06-03.18.28:528][  0]LogShaderLibrary: Display: ShaderCodeLibraryPakFileMountedCallback: pending pak file info (ChunkID:-1 Root:root:/ File:D:/epic games/UE_4.27/FeaturePacks/TP_ThirdPerson.upack)
[2022.02.06-03.18.28:528][  0]LogPakFile: OnPakFileMounted2Time == 0.000043
[2022.02.06-03.18.28:534][  0]LogPakFile: PakFile PrimaryIndexSize=189
[2022.02.06-03.18.28:534][  0]LogPakFile: PakFile PathHashIndexSize=101
[2022.02.06-03.18.28:534][  0]LogPakFile: PakFile FullDirectoryIndexSize=152
[2022.02.06-03.18.28:534][  0]LogShaderLibrary: Display: ShaderCodeLibraryPakFileMountedCallback: PakFile 'D:/epic games/UE_4.27/FeaturePacks/TP_ThirdPersonBP.upack' (chunk index -1, root 'root:/') mounted
[2022.02.06-03.18.28:534][  0]LogShaderLibrary: Display: ShaderCodeLibraryPakFileMountedCallback: pending pak file info (ChunkID:-1 Root:root:/ File:D:/epic games/UE_4.27/FeaturePacks/TP_ThirdPersonBP.upack)
[2022.02.06-03.18.28:534][  0]LogPakFile: OnPakFileMounted2Time == 0.000047
[2022.02.06-03.18.28:541][  0]LogPakFile: PakFile PrimaryIndexSize=183
[2022.02.06-03.18.28:541][  0]LogPakFile: PakFile PathHashIndexSize=101
[2022.02.06-03.18.28:541][  0]LogPakFile: PakFile FullDirectoryIndexSize=140
[2022.02.06-03.18.28:541][  0]LogShaderLibrary: Display: ShaderCodeLibraryPakFileMountedCallback: PakFile 'D:/epic games/UE_4.27/FeaturePacks/TP_TopDown.upack' (chunk index -1, root 'root:/') mounted
[2022.02.06-03.18.28:541][  0]LogShaderLibrary: Display: ShaderCodeLibraryPakFileMountedCallback: pending pak file info (ChunkID:-1 Root:root:/ File:D:/epic games/UE_4.27/FeaturePacks/TP_TopDown.upack)
[2022.02.06-03.18.28:541][  0]LogPakFile: OnPakFileMounted2Time == 0.000053
[2022.02.06-03.18.28:547][  0]LogPakFile: PakFile PrimaryIndexSize=185
[2022.02.06-03.18.28:547][  0]LogPakFile: PakFile PathHashIndexSize=101
[2022.02.06-03.18.28:547][  0]LogPakFile: PakFile FullDirectoryIndexSize=144
[2022.02.06-03.18.28:547][  0]LogShaderLibrary: Display: ShaderCodeLibraryPakFileMountedCallback: PakFile 'D:/epic games/UE_4.27/FeaturePacks/TP_TopDownBP.upack' (chunk index -1, root 'root:/') mounted
[2022.02.06-03.18.28:547][  0]LogShaderLibrary: Display: ShaderCodeLibraryPakFileMountedCallback: pending pak file info (ChunkID:-1 Root:root:/ File:D:/epic games/UE_4.27/FeaturePacks/TP_TopDownBP.upack)
[2022.02.06-03.18.28:547][  0]LogPakFile: OnPakFileMounted2Time == 0.000042
[2022.02.06-03.18.28:557][  0]LogPakFile: PakFile PrimaryIndexSize=185
[2022.02.06-03.18.28:557][  0]LogPakFile: PakFile PathHashIndexSize=101
[2022.02.06-03.18.28:557][  0]LogPakFile: PakFile FullDirectoryIndexSize=144
[2022.02.06-03.18.28:557][  0]LogShaderLibrary: Display: ShaderCodeLibraryPakFileMountedCallback: PakFile 'D:/epic games/UE_4.27/FeaturePacks/TP_TwinStick.upack' (chunk index -1, root 'root:/') mounted
[2022.02.06-03.18.28:557][  0]LogShaderLibrary: Display: ShaderCodeLibraryPakFileMountedCallback: pending pak file info (ChunkID:-1 Root:root:/ File:D:/epic games/UE_4.27/FeaturePacks/TP_TwinStick.upack)
[2022.02.06-03.18.28:557][  0]LogPakFile: OnPakFileMounted2Time == 0.000043
[2022.02.06-03.18.28:563][  0]LogPakFile: PakFile PrimaryIndexSize=187
[2022.02.06-03.18.28:563][  0]LogPakFile: PakFile PathHashIndexSize=101
[2022.02.06-03.18.28:563][  0]LogPakFile: PakFile FullDirectoryIndexSize=148
[2022.02.06-03.18.28:564][  0]LogShaderLibrary: Display: ShaderCodeLibraryPakFileMountedCallback: PakFile 'D:/epic games/UE_4.27/FeaturePacks/TP_TwinStickBP.upack' (chunk index -1, root 'root:/') mounted
[2022.02.06-03.18.28:564][  0]LogShaderLibrary: Display: ShaderCodeLibraryPakFileMountedCallback: pending pak file info (ChunkID:-1 Root:root:/ File:D:/epic games/UE_4.27/FeaturePacks/TP_TwinStickBP.upack)
[2022.02.06-03.18.28:564][  0]LogPakFile: OnPakFileMounted2Time == 0.000077
[2022.02.06-03.18.28:571][  0]LogPakFile: PakFile PrimaryIndexSize=183
[2022.02.06-03.18.28:571][  0]LogPakFile: PakFile PathHashIndexSize=101
[2022.02.06-03.18.28:571][  0]LogPakFile: PakFile FullDirectoryIndexSize=140
[2022.02.06-03.18.28:571][  0]LogShaderLibrary: Display: ShaderCodeLibraryPakFileMountedCallback: PakFile 'D:/epic games/UE_4.27/FeaturePacks/TP_Vehicle.upack' (chunk index -1, root 'root:/') mounted
[2022.02.06-03.18.28:571][  0]LogShaderLibrary: Display: ShaderCodeLibraryPakFileMountedCallback: pending pak file info (ChunkID:-1 Root:root:/ File:D:/epic games/UE_4.27/FeaturePacks/TP_Vehicle.upack)
[2022.02.06-03.18.28:571][  0]LogPakFile: OnPakFileMounted2Time == 0.000042
[2022.02.06-03.18.28:577][  0]LogPakFile: PakFile PrimaryIndexSize=186
[2022.02.06-03.18.28:577][  0]LogPakFile: PakFile PathHashIndexSize=101
[2022.02.06-03.18.28:577][  0]LogPakFile: PakFile FullDirectoryIndexSize=146
[2022.02.06-03.18.28:577][  0]LogShaderLibrary: Display: ShaderCodeLibraryPakFileMountedCallback: PakFile 'D:/epic games/UE_4.27/FeaturePacks/TP_VehicleAdv.upack' (chunk index -1, root 'root:/') mounted
[2022.02.06-03.18.28:577][  0]LogShaderLibrary: Display: ShaderCodeLibraryPakFileMountedCallback: pending pak file info (ChunkID:-1 Root:root:/ File:D:/epic games/UE_4.27/FeaturePacks/TP_VehicleAdv.upack)
[2022.02.06-03.18.28:577][  0]LogPakFile: OnPakFileMounted2Time == 0.000048
[2022.02.06-03.18.28:584][  0]LogPakFile: PakFile PrimaryIndexSize=188
[2022.02.06-03.18.28:584][  0]LogPakFile: PakFile PathHashIndexSize=101
[2022.02.06-03.18.28:584][  0]LogPakFile: PakFile FullDirectoryIndexSize=150
[2022.02.06-03.18.28:584][  0]LogShaderLibrary: Display: ShaderCodeLibraryPakFileMountedCallback: PakFile 'D:/epic games/UE_4.27/FeaturePacks/TP_VehicleAdvBP.upack' (chunk index -1, root 'root:/') mounted
[2022.02.06-03.18.28:584][  0]LogShaderLibrary: Display: ShaderCodeLibraryPakFileMountedCallback: pending pak file info (ChunkID:-1 Root:root:/ File:D:/epic games/UE_4.27/FeaturePacks/TP_VehicleAdvBP.upack)
[2022.02.06-03.18.28:584][  0]LogPakFile: OnPakFileMounted2Time == 0.000050
[2022.02.06-03.18.28:599][  0]LogPakFile: PakFile PrimaryIndexSize=185
[2022.02.06-03.18.28:600][  0]LogPakFile: PakFile PathHashIndexSize=101
[2022.02.06-03.18.28:600][  0]LogPakFile: PakFile FullDirectoryIndexSize=144
[2022.02.06-03.18.28:600][  0]LogShaderLibrary: Display: ShaderCodeLibraryPakFileMountedCallback: PakFile 'D:/epic games/UE_4.27/FeaturePacks/TP_VehicleBP.upack' (chunk index -1, root 'root:/') mounted
[2022.02.06-03.18.28:600][  0]LogShaderLibrary: Display: ShaderCodeLibraryPakFileMountedCallback: pending pak file info (ChunkID:-1 Root:root:/ File:D:/epic games/UE_4.27/FeaturePacks/TP_VehicleBP.upack)
[2022.02.06-03.18.28:600][  0]LogPakFile: OnPakFileMounted2Time == 0.000046
[2022.02.06-03.18.28:606][  0]LogPakFile: PakFile PrimaryIndexSize=192
[2022.02.06-03.18.28:606][  0]LogPakFile: PakFile PathHashIndexSize=101
[2022.02.06-03.18.28:606][  0]LogPakFile: PakFile FullDirectoryIndexSize=158
[2022.02.06-03.18.28:606][  0]LogShaderLibrary: Display: ShaderCodeLibraryPakFileMountedCallback: PakFile 'D:/epic games/UE_4.27/FeaturePacks/TP_VirtualRealityBP.upack' (chunk index -1, root 'root:/') mounted
[2022.02.06-03.18.28:606][  0]LogShaderLibrary: Display: ShaderCodeLibraryPakFileMountedCallback: pending pak file info (ChunkID:-1 Root:root:/ File:D:/epic games/UE_4.27/FeaturePacks/TP_VirtualRealityBP.upack)
[2022.02.06-03.18.28:606][  0]LogPakFile: OnPakFileMounted2Time == 0.000048
[2022.02.06-03.18.29:274][  0]LogNativeClassHierarchy: Verbose: Native class hierarchy updated for 'AddContentDialog' in 0.0004 seconds. Added 0 classes and 0 folders.
[2022.02.06-03.18.29:320][  0]LogNativeClassHierarchy: Verbose: Native class hierarchy updated for 'SceneOutliner' in 0.0004 seconds. Added 2 classes and 0 folders.
[2022.02.06-03.18.29:862][  0]LogSlate: Took 0.015356 seconds to synchronously load lazily loaded font '../../../Engine/Content/Slate/Fonts/Roboto-Regular.ttf' (155K)
[2022.02.06-03.18.29:891][  0]LogSlate: Took 0.020282 seconds to synchronously load lazily loaded font '../../../Engine/Content/Editor/Slate/Fonts/FontAwesome.ttf' (139K)
[2022.02.06-03.18.29:903][  0]LogSlate: Took 0.010687 seconds to synchronously load lazily loaded font '../../../Engine/Content/Slate/Fonts/Roboto-Bold.ttf' (160K)
[2022.02.06-03.18.30:377][  0]LogRenderer: Reallocating scene render targets to support 1008x572 Format 10 NumSamples 1 (Frame:1).
[2022.02.06-03.18.31:317][  0]LogSlate: Took 0.013006 seconds to synchronously load lazily loaded font '../../../Engine/Content/Slate/Fonts/Roboto-Light.ttf' (167K)
[2022.02.06-03.18.31:492][  0]LogNativeClassHierarchy: Verbose: Native class hierarchy updated for 'HierarchicalLODOutliner' in 0.0004 seconds. Added 0 classes and 0 folders.
[2022.02.06-03.18.31:492][  0]LogLoad: (Engine Initialization) Total time: 77.64 seconds
[2022.02.06-03.18.31:492][  0]LogLoad: (Engine Initialization) Total Blueprint compile time: 0.00 seconds
[2022.02.06-03.18.31:507][  0]LogRawInputWindows: Warning: Found device 9 devices
[2022.02.06-03.18.31:508][  0]LogRawInputWindows: Warning: Found device 9 devices
[2022.02.06-03.18.31:508][  0]LogRawInputWindows: Warning: Device was registered succesfully but not connected (Usage:4 UsagePage:1)
[2022.02.06-03.18.31:509][  0]LogRawInputWindows: Warning: Found device 9 devices
[2022.02.06-03.18.31:509][  0]LogRawInputWindows: Warning: Device was registered succesfully but not connected (Usage:5 UsagePage:1)
[2022.02.06-03.18.31:617][  0]LogAssetRegistry: Asset discovery search completed in 46.7473 seconds
[2022.02.06-03.18.31:676][  0]LogCollectionManager: Fixed up redirectors for 0 collections in 0.000005 seconds (updated 0 objects)
[2022.02.06-03.18.31:853][  0]LogContentStreaming: Texture pool size now 5000 MB
[2022.02.06-03.18.50:471][424]LogContentBrowser: Deferred new asset folder creation: NewFolder
[2022.02.06-03.18.50:487][424]LogContentBrowser: Creating deferred item: NewFolder
[2022.02.06-03.18.54:787][940]LogContentBrowser: Attempting asset rename: NewFolder -> stands
[2022.02.06-03.18.54:788][940]LogContentBrowser: End creating deferred item NewFolder
[2022.02.06-03.19.08:614][384]LogSlate: Took 0.000236 seconds to synchronously load lazily loaded font '../../../Engine/Content/Slate/Fonts/Roboto-Light.ttf' (167K)
[2022.02.06-03.19.08:642][384]LogFactory: FactoryCreateFile: StaticMesh with FbxFactory (0 0 ../../../../../3d/stand.fbx)
[2022.02.06-03.19.08:780][384]LogFbx: Loading FBX Scene from ../../../../../3d/stand.fbx
[2022.02.06-03.19.08:804][384]LogFbx: FBX Scene Loaded Succesfully
[2022.02.06-03.19.10:283][384]LogSlate: Window 'FBX Import Options' being destroyed
[2022.02.06-03.19.10:331][384]LogFbx: Display: Triangulating static mesh Cube
[2022.02.06-03.19.10:473][384]LogStaticMesh: Building static mesh stand...
[2022.02.06-03.19.10:604][384]LogStaticMesh: Built static mesh [0.13s] /Game/KIA_Game/Assets_KIA/Scenery/stands/stand.stand
[2022.02.06-03.19.25:451][ 51]LogUObjectHash: Compacting FUObjectHashTables data took   1.04ms
[2022.02.06-03.19.26:680][ 51]LogSlate: Window 'Save Content' being destroyed
[2022.02.06-03.19.26:806][ 51]LogSavePackage: Moving 'C:/Users/keiro/Documents/GitHub/RacingGame/KIA_Game_Project/Saved/standE60F405041457163C4885BA6D2B0ECAA.tmp' to 'C:/Users/keiro/Documents/GitHub/RacingGame/KIA_Game_Project/Content/KIA_Game/Assets_KIA/Scenery/stands/stand.uasset'
[2022.02.06-03.19.31:992][ 51]LogAssetEditorSubsystem: Opening Asset editor for World /Game/KIA_Game/Levels/Game_Level_1.Game_Level_1
[2022.02.06-03.19.32:002][ 51]Cmd: MAP LOAD FILE="C:/Users/keiro/Documents/GitHub/RacingGame/KIA_Game_Project/Content/KIA_Game/Levels/Game_Level_1.umap" TEMPLATE=0 SHOWPROGRESS=1 FEATURELEVEL=3
[2022.02.06-03.19.32:002][ 51]LightingResults: New page: Lighting Build
[2022.02.06-03.19.32:019][ 51]LogNativeClassHierarchy: Verbose: Native class hierarchy updated for 'StatsViewer' in 0.0004 seconds. Added 6 classes and 0 folders.
[2022.02.06-03.19.32:020][ 51]LoadErrors: New page: Loading map: Game_Level_1.umap
[2022.02.06-03.19.32:065][ 51]LogWorld: UWorld::CleanupWorld for Untitled, bSessionEnded=true, bCleanupResources=true
[2022.02.06-03.19.32:082][ 51]LogSlate: InvalidateAllWidgets triggered.  All widgets were invalidated
[2022.02.06-03.19.32:109][ 51]MapCheck: New page: Map Check
[2022.02.06-03.19.32:109][ 51]LightingResults: New page: Lighting Build
[2022.02.06-03.19.32:122][ 51]LogAudio: Display: Audio Device unregistered from world 'None'.
[2022.02.06-03.19.32:163][ 51]LogUObjectHash: Compacting FUObjectHashTables data took   1.13ms
[2022.02.06-03.19.32:164][ 51]LogAudio: Display: Audio Device (ID: 1) registered with world 'Game_Level_1'.
[2022.02.06-03.19.33:453][ 51]LogEditorServer: Finished looking for orphan Actors (0.000 secs)
[2022.02.06-03.19.33:453][ 51]LogAIModule: Creating AISystem for world Game_Level_1
[2022.02.06-03.19.33:491][ 51]LogUObjectHash: Compacting FUObjectHashTables data took   0.80ms
[2022.02.06-03.19.33:510][ 51]Cmd: MAP CHECKDEP NOCLEARLOG
[2022.02.06-03.19.33:510][ 51]MapCheck: Map check complete: 0 Error(s), 0 Warning(s), took 0.226ms to complete.
[2022.02.06-03.19.33:510][ 51]LogFileHelpers: Loading map 'Game_Level_1' took 1.508
[2022.02.06-03.19.33:572][ 51]AssetCheck: New page: Asset Save: stand
[2022.02.06-03.19.33:572][ 51]LogContentValidation: Display: Validating StaticMesh /Game/KIA_Game/Assets_KIA/Scenery/stands/stand.stand
[2022.02.06-03.19.42:036][961]LogActorFactory: Actor Factory created stand
[2022.02.06-03.19.42:702][ 34]LogActorFactory: Actor Factory created stand
