Log file open, 12/16/21 08:14:00
LogWindows: Failed to load 'aqProf.dll' (GetLastError=126)
LogWindows: File 'aqProf.dll' does not exist
LogWindows: Failed to load 'VtuneApi.dll' (GetLastError=126)
LogWindows: File 'VtuneApi.dll' does not exist
LogWindows: Failed to load 'VtuneApi32e.dll' (GetLastError=126)
LogWindows: File 'VtuneApi32e.dll' does not exist
LogConsoleResponse: Display: Failed to find resolution value strings in scalability ini. Falling back to default.
LogConsoleResponse: Display: Failed to find resolution value strings in scalability ini. Falling back to default.
LogInit: Display: Running engine for game: KIA_Game_Project
LogPlatformFile: Not using cached read wrapper
LogTaskGraph: Started task graph with 5 named threads and 26 total threads with 3 sets of task threads.
LogStats: Stats thread started at 0.420234
LogICUInternationalization: ICU TimeZone Detection - Raw Offset: +0:00, Platform Override: ''
LogInit: Display: Loading text-based GConfig....
LogPluginManager: Mounting plugin MeshPainting
LogPluginManager: Mounting plugin XGEController
LogPluginManager: Mounting plugin Paper2D
LogPluginManager: Mounting plugin AISupport
LogPluginManager: Mounting plugin LiveLink
LogPluginManager: Mounting plugin EnvironmentQueryEditor
LogPluginManager: Mounting plugin LightPropagationVolume
LogPluginManager: Mounting plugin CameraShakePreviewer
LogPluginManager: Mounting plugin GameplayCameras
LogPluginManager: Mounting plugin OodleData
LogPluginManager: Mounting plugin OodleNetwork
LogPluginManager: Mounting plugin AnimationSharing
LogPluginManager: Mounting plugin CLionSourceCodeAccess
LogPluginManager: Mounting plugin CodeLiteSourceCodeAccess
LogPluginManager: Mounting plugin KDevelopSourceCodeAccess
LogPluginManager: Mounting plugin GitSourceControl
LogPluginManager: Mounting plugin NullSourceCodeAccess
LogPluginManager: Mounting plugin PerforceSourceControl
LogPluginManager: Mounting plugin PixWinPlugin
LogPluginManager: Mounting plugin PlasticSourceControl
LogPluginManager: Mounting plugin PluginUtils
LogPluginManager: Mounting plugin PropertyAccessNode
LogPluginManager: Mounting plugin RiderSourceCodeAccess
LogPluginManager: Mounting plugin TextureFormatOodle
LogPluginManager: Mounting plugin SubversionSourceControl
LogPluginManager: Mounting plugin UObjectPlugin
LogPluginManager: Mounting plugin VisualStudioSourceCodeAccess
LogPluginManager: Mounting plugin XCodeSourceCodeAccess
LogPluginManager: Mounting plugin VisualStudioCodeSourceCodeAccess
LogPluginManager: Mounting plugin DatasmithContent
LogPluginManager: Mounting plugin AssetManagerEditor
LogPluginManager: Mounting plugin VariantManagerContent
LogPluginManager: Mounting plugin CryptoKeys
LogPluginManager: Mounting plugin CurveEditorTools
LogPluginManager: Mounting plugin DataValidation
LogPluginManager: Mounting plugin FacialAnimation
LogPluginManager: Mounting plugin GameplayTagsEditor
LogPluginManager: Mounting plugin GeometryMode
LogPluginManager: Mounting plugin MacGraphicsSwitching
LogPluginManager: Mounting plugin MobileLauncherProfileWizard
LogPluginManager: Mounting plugin PluginBrowser
LogPluginManager: Mounting plugin MaterialAnalyzer
LogPluginManager: Mounting plugin AlembicImporter
LogPluginManager: Mounting plugin SpeedTreeImporter
LogPluginManager: Mounting plugin AutomationUtils
LogPluginManager: Mounting plugin BackChannel
LogPluginManager: Mounting plugin ChaosCloth
LogPluginManager: Mounting plugin ChaosClothEditor
LogPluginManager: Mounting plugin ChaosNiagara
LogPluginManager: Mounting plugin ChaosEditor
LogPluginManager: Mounting plugin ChaosSolverPlugin
LogPluginManager: Mounting plugin CharacterAI
LogPluginManager: Mounting plugin GeometryCache
LogPluginManager: Mounting plugin GeometryCollectionPlugin
LogPluginManager: Mounting plugin GeometryProcessing
LogPluginManager: Mounting plugin OpenImageDenoise
LogPluginManager: Mounting plugin MotoSynth
LogPluginManager: Mounting plugin PlanarCut
LogPluginManager: Mounting plugin PlatformCrypto
LogPluginManager: Mounting plugin ProxyLODPlugin
LogPluginManager: Mounting plugin PythonScriptPlugin
LogPluginManager: Mounting plugin RawInput
LogPluginManager: Mounting plugin SkeletalReduction
LogPluginManager: Mounting plugin Niagara
LogPluginManager: Mounting plugin LuminPlatformFeatures
LogPluginManager: Mounting plugin MagicLeap
LogPluginManager: Mounting plugin MagicLeapLightEstimation
LogPluginManager: Mounting plugin MagicLeapMedia
LogPluginManager: Mounting plugin MagicLeapPassableWorld
LogPluginManager: Mounting plugin MLSDK
LogPluginManager: Mounting plugin AndroidMedia
LogPluginManager: Mounting plugin AvfMedia
LogPluginManager: Mounting plugin ImgMedia
LogPluginManager: Mounting plugin MediaCompositing
LogPluginManager: Mounting plugin MediaPlayerEditor
LogPluginManager: Mounting plugin TcpMessaging
LogPluginManager: Mounting plugin WebMMedia
LogPluginManager: Mounting plugin UdpMessaging
LogPluginManager: Mounting plugin WmfMedia
LogPluginManager: Mounting plugin ActorSequence
LogPluginManager: Mounting plugin LevelSequenceEditor
LogPluginManager: Mounting plugin MatineeToLevelSequence
LogPluginManager: Mounting plugin TemplateSequence
LogPluginManager: Mounting plugin OnlineSubsystem
LogPluginManager: Mounting plugin OnlineSubsystemNull
LogPluginManager: Mounting plugin OnlineSubsystemUtils
LogPluginManager: Mounting plugin LauncherChunkInstaller
LogPluginManager: Mounting plugin ActorLayerUtilities
LogPluginManager: Mounting plugin AndroidDeviceProfileSelector
LogPluginManager: Mounting plugin AndroidMoviePlayer
LogPluginManager: Mounting plugin AndroidPermission
LogPluginManager: Mounting plugin AppleImageUtils
LogPluginManager: Mounting plugin AppleMoviePlayer
LogPluginManager: Mounting plugin ArchVisCharacter
LogPluginManager: Mounting plugin AssetTags
LogPluginManager: Mounting plugin AudioCapture
LogPluginManager: Mounting plugin AudioSynesthesia
LogPluginManager: Mounting plugin CableComponent
LogPluginManager: Mounting plugin ChunkDownloader
LogPluginManager: Mounting plugin CustomMeshComponent
LogPluginManager: Mounting plugin EditableMesh
LogPluginManager: Mounting plugin ExampleDeviceProfileSelector
LogPluginManager: Mounting plugin GoogleCloudMessaging
LogPluginManager: Mounting plugin GooglePAD
LogPluginManager: Mounting plugin IOSDeviceProfileSelector
LogPluginManager: Mounting plugin LinuxDeviceProfileSelector
LogPluginManager: Mounting plugin LocationServicesBPLibrary
LogPluginManager: Mounting plugin MobilePatchingUtils
LogPluginManager: Mounting plugin OpenXR
LogPluginManager: Mounting plugin OpenXREyeTracker
LogPluginManager: Mounting plugin OpenXRHandTracking
LogPluginManager: Mounting plugin PhysXVehicles
LogPluginManager: Mounting plugin PostSplashScreen
LogPluginManager: Mounting plugin ProceduralMeshComponent
LogPluginManager: Mounting plugin PropertyAccessEditor
LogPluginManager: Mounting plugin RuntimePhysXCooking
LogPluginManager: Mounting plugin SignificanceManager
LogPluginManager: Mounting plugin SoundFields
LogPluginManager: Mounting plugin Synthesis
LogPluginManager: Mounting plugin WebMMoviePlayer
LogPluginManager: Mounting plugin WindowsMoviePlayer
LogPluginManager: Mounting plugin ScreenshotTools
LogPluginManager: Mounting plugin Takes
LogPluginManager: Mounting plugin ContentBrowserAssetDataSource
LogPluginManager: Mounting plugin ContentBrowserClassDataSource
LogPluginManager: Mounting plugin ContentBrowserFileDataSource
LogPluginManager: Mounting plugin OnlineSubsystemGooglePlay
LogPluginManager: Mounting plugin OnlineSubsystemIOS
LogPluginManager: Mounting plugin OculusVR
LogPluginManager: Mounting plugin SteamVR
PixWinPlugin: PIX capture plugin failed to initialize! Check that the process is launched from PIX.
LogInit: Using libcurl 7.55.1-DEV
LogInit:  - built for x86_64-pc-win32
LogInit:  - supports SSL with OpenSSL/1.1.1
LogInit:  - supports HTTP deflate (compression) using libz 1.2.8
LogInit:  - other features:
LogInit:      CURL_VERSION_SSL
LogInit:      CURL_VERSION_LIBZ
LogInit:      CURL_VERSION_IPV6
LogInit:      CURL_VERSION_ASYNCHDNS
LogInit:      CURL_VERSION_LARGEFILE
LogInit:      CURL_VERSION_IDN
LogInit:  CurlRequestOptions (configurable via config and command line):
LogInit:  - bVerifyPeer = true  - Libcurl will verify peer certificate
LogInit:  - bUseHttpProxy = false  - Libcurl will NOT use HTTP proxy
LogInit:  - bDontReuseConnections = false  - Libcurl will reuse connections
LogInit:  - MaxHostConnections = 16  - Libcurl will limit the number of connections to a host
LogInit:  - LocalHostAddr = Default
LogInit:  - BufferSize = 65536
LogOnline: OSS: Creating online subsystem instance for: NULL
LogInit: WinSock: version 1.1 (2.2), MaxSocks=32767, MaxUdp=65467
LogOnline: OSS: TryLoadSubsystemAndSetDefault: Loaded subsystem for module [NULL]
LogOculusPluginWrapper: OculusPlugin initialized successfully
LogHMD: Failed initializing OVRPlugin 1.59.0
LogInit: Build: ++UE4+Release-4.27-CL-18319896
LogInit: Engine Version: 4.27.2-18319896+++UE4+Release-4.27
LogInit: Compatible Engine Version: 4.27.0-17155196+++UE4+Release-4.27
LogInit: Net CL: 17155196
LogInit: OS: Windows 10 (Release 2009) (), CPU: Intel(R) Core(TM) i7-9700F CPU @ 3.00GHz, GPU: NVIDIA GeForce RTX 2060 SUPER
LogInit: Compiled (64-bit): Nov 30 2021 07:12:08
LogInit: Compiled with Visual C++: 19.24.28315.00
LogInit: Build Configuration: Development
LogInit: Branch Name: ++UE4+Release-4.27
LogInit: Command Line: 
LogInit: Base Directory: D:/Program Files/Epic Games/UE_4.27/Engine/Binaries/Win64/
LogInit: Allocator: TBB
LogInit: Installed Engine Build: 1
LogDevObjectVersion: Number of dev versions registered: 29
LogDevObjectVersion:   Dev-Blueprints (B0D832E4-1F89-4F0D-ACCF-7EB736FD4AA2): 10
LogDevObjectVersion:   Dev-Build (E1C64328-A22C-4D53-A36C-8E866417BD8C): 0
LogDevObjectVersion:   Dev-Core (375EC13C-06E4-48FB-B500-84F0262A717E): 4
LogDevObjectVersion:   Dev-Editor (E4B068ED-F494-42E9-A231-DA0B2E46BB41): 40
LogDevObjectVersion:   Dev-Framework (CFFC743F-43B0-4480-9391-14DF171D2073): 37
LogDevObjectVersion:   Dev-Mobile (B02B49B5-BB20-44E9-A304-32B752E40360): 3
LogDevObjectVersion:   Dev-Networking (A4E4105C-59A1-49B5-A7C5-40C4547EDFEE): 0
LogDevObjectVersion:   Dev-Online (39C831C9-5AE6-47DC-9A44-9C173E1C8E7C): 0
LogDevObjectVersion:   Dev-Physics (78F01B33-EBEA-4F98-B9B4-84EACCB95AA2): 14
LogDevObjectVersion:   Dev-Platform (6631380F-2D4D-43E0-8009-CF276956A95A): 0
LogDevObjectVersion:   Dev-Rendering (12F88B9F-8875-4AFC-A67C-D90C383ABD29): 45
LogDevObjectVersion:   Dev-Sequencer (7B5AE74C-D270-4C10-A958-57980B212A5A): 13
LogDevObjectVersion:   Dev-VR (D7296918-1DD6-4BDD-9DE2-64A83CC13884): 3
LogDevObjectVersion:   Dev-LoadTimes (C2A15278-BFE7-4AFE-6C17-90FF531DF755): 1
LogDevObjectVersion:   Private-Geometry (6EACA3D4-40EC-4CC1-B786-8BED09428FC5): 3
LogDevObjectVersion:   Dev-AnimPhys (29E575DD-E0A3-4627-9D10-D276232CDCEA): 17
LogDevObjectVersion:   Dev-Anim (AF43A65D-7FD3-4947-9873-3E8ED9C1BB05): 15
LogDevObjectVersion:   Dev-ReflectionCapture (6B266CEC-1EC7-4B8F-A30B-E4D90942FC07): 1
LogDevObjectVersion:   Dev-Automation (0DF73D61-A23F-47EA-B727-89E90C41499A): 1
LogDevObjectVersion:   FortniteMain (601D1886-AC64-4F84-AA16-D3DE0DEAC7D6): 47
LogDevObjectVersion:   FortniteRelease (E7086368-6B23-4C58-8439-1B7016265E91): 1
LogDevObjectVersion:   Dev-Enterprise (9DFFBCD6-494F-0158-E221-12823C92A888): 10
LogDevObjectVersion:   Dev-Niagara (F2AED0AC-9AFE-416F-8664-AA7FFA26D6FC): 1
LogDevObjectVersion:   Dev-Destruction (174F1F0B-B4C6-45A5-B13F-2EE8D0FB917D): 10
LogDevObjectVersion:   Dev-Physics-Ext (35F94A83-E258-406C-A318-09F59610247C): 41
LogDevObjectVersion:   Dev-PhysicsMaterial-Chaos (B68FC16E-8B1B-42E2-B453-215C058844FE): 1
LogDevObjectVersion:   Dev-CineCamera (B2E18506-4273-CFC2-A54E-F4BB758BBA07): 1
LogDevObjectVersion:   Dev-VirtualProduction (64F58936-FD1B-42BA-BA96-7289D5D0FA4E): 1
LogDevObjectVersion:   Dev-MediaFramework (6F0ED827-A609-4895-9C91-998D90180EA4): 2
LogInit: Presizing for max 25165824 objects, including 0 objects not considered by GC, pre-allocating 0 bytes for permanent pool.
LogConfig: Applying CVar settings from Section [/Script/Engine.StreamingSettings] File [E:/Uni Work/Year 3/Unreal Projects/Group Project/RacingGame/KIA_Game_Project/Saved/Config/Windows/Engine.ini]
LogConfig: Setting CVar [[s.MinBulkDataSizeForAsyncLoading:131072]]
LogConfig: Setting CVar [[s.AsyncLoadingThreadEnabled:0]]
LogConfig: Setting CVar [[s.EventDrivenLoaderEnabled:1]]
LogConfig: Setting CVar [[s.WarnIfTimeLimitExceeded:0]]
LogConfig: Setting CVar [[s.TimeLimitExceededMultiplier:1.5]]
LogConfig: Setting CVar [[s.TimeLimitExceededMinTime:0.005]]
LogConfig: Setting CVar [[s.UseBackgroundLevelStreaming:1]]
LogConfig: Setting CVar [[s.PriorityAsyncLoadingExtraTime:15.0]]
LogConfig: Setting CVar [[s.LevelStreamingActorsUpdateTimeLimit:5.0]]
LogConfig: Setting CVar [[s.PriorityLevelStreamingActorsUpdateExtraTime:5.0]]
LogConfig: Setting CVar [[s.LevelStreamingComponentsRegistrationGranularity:10]]
LogConfig: Setting CVar [[s.UnregisterComponentsTimeLimit:1.0]]
LogConfig: Setting CVar [[s.LevelStreamingComponentsUnregistrationGranularity:5]]
LogConfig: Setting CVar [[s.FlushStreamingOnExit:1]]
LogInit: Object subsystem initialized
LogConfig: Setting CVar [[con.DebugEarlyDefault:1]]
LogConfig: Setting CVar [[r.setres:1280x720]]
[2021.12.16-08.14.11:533][  0]LogConfig: Setting CVar [[r.VSync:0]]
[2021.12.16-08.14.11:533][  0]LogConfig: Setting CVar [[r.RHICmdBypass:0]]
[2021.12.16-08.14.11:534][  0]LogConfig: Applying CVar settings from Section [/Script/Engine.RendererSettings] File [E:/Uni Work/Year 3/Unreal Projects/Group Project/RacingGame/KIA_Game_Project/Saved/Config/Windows/Engine.ini]
[2021.12.16-08.14.11:534][  0]LogConfig: Setting CVar [[r.GPUCrashDebugging:0]]
[2021.12.16-08.14.11:534][  0]LogConfig: Setting CVar [[r.DefaultFeature.MotionBlur:0]]
[2021.12.16-08.14.11:534][  0]LogConfig: Applying CVar settings from Section [/Script/Engine.RendererOverrideSettings] File [E:/Uni Work/Year 3/Unreal Projects/Group Project/RacingGame/KIA_Game_Project/Saved/Config/Windows/Engine.ini]
[2021.12.16-08.14.11:534][  0]LogConfig: Applying CVar settings from Section [/Script/Engine.StreamingSettings] File [E:/Uni Work/Year 3/Unreal Projects/Group Project/RacingGame/KIA_Game_Project/Saved/Config/Windows/Engine.ini]
[2021.12.16-08.14.11:534][  0]LogConfig: Setting CVar [[s.MinBulkDataSizeForAsyncLoading:131072]]
[2021.12.16-08.14.11:534][  0]LogConfig: Setting CVar [[s.AsyncLoadingThreadEnabled:0]]
[2021.12.16-08.14.11:534][  0]LogConfig: Setting CVar [[s.EventDrivenLoaderEnabled:1]]
[2021.12.16-08.14.11:534][  0]LogConfig: Setting CVar [[s.WarnIfTimeLimitExceeded:0]]
[2021.12.16-08.14.11:534][  0]LogConfig: Setting CVar [[s.TimeLimitExceededMultiplier:1.5]]
[2021.12.16-08.14.11:534][  0]LogConfig: Setting CVar [[s.TimeLimitExceededMinTime:0.005]]
[2021.12.16-08.14.11:534][  0]LogConfig: Setting CVar [[s.UseBackgroundLevelStreaming:1]]
[2021.12.16-08.14.11:534][  0]LogConfig: Setting CVar [[s.PriorityAsyncLoadingExtraTime:15.0]]
[2021.12.16-08.14.11:534][  0]LogConfig: Setting CVar [[s.LevelStreamingActorsUpdateTimeLimit:5.0]]
[2021.12.16-08.14.11:534][  0]LogConfig: Setting CVar [[s.PriorityLevelStreamingActorsUpdateExtraTime:5.0]]
[2021.12.16-08.14.11:534][  0]LogConfig: Setting CVar [[s.LevelStreamingComponentsRegistrationGranularity:10]]
[2021.12.16-08.14.11:534][  0]LogConfig: Setting CVar [[s.UnregisterComponentsTimeLimit:1.0]]
[2021.12.16-08.14.11:534][  0]LogConfig: Setting CVar [[s.LevelStreamingComponentsUnregistrationGranularity:5]]
[2021.12.16-08.14.11:534][  0]LogConfig: Setting CVar [[s.FlushStreamingOnExit:1]]
[2021.12.16-08.14.11:534][  0]LogConfig: Applying CVar settings from Section [/Script/Engine.GarbageCollectionSettings] File [E:/Uni Work/Year 3/Unreal Projects/Group Project/RacingGame/KIA_Game_Project/Saved/Config/Windows/Engine.ini]
[2021.12.16-08.14.11:534][  0]LogConfig: Setting CVar [[gc.MaxObjectsNotConsideredByGC:1]]
[2021.12.16-08.14.11:534][  0]LogConfig: Setting CVar [[gc.SizeOfPermanentObjectPool:0]]
[2021.12.16-08.14.11:534][  0]LogConfig: Setting CVar [[gc.FlushStreamingOnGC:0]]
[2021.12.16-08.14.11:534][  0]LogConfig: Setting CVar [[gc.NumRetriesBeforeForcingGC:10]]
[2021.12.16-08.14.11:534][  0]LogConfig: Setting CVar [[gc.AllowParallelGC:1]]
[2021.12.16-08.14.11:534][  0]LogConfig: Setting CVar [[gc.TimeBetweenPurgingPendingKillObjects:61.1]]
[2021.12.16-08.14.11:534][  0]LogConfig: Setting CVar [[gc.MaxObjectsInEditor:25165824]]
[2021.12.16-08.14.11:534][  0]LogConfig: Setting CVar [[gc.IncrementalBeginDestroyEnabled:1]]
[2021.12.16-08.14.11:534][  0]LogConfig: Setting CVar [[gc.CreateGCClusters:1]]
[2021.12.16-08.14.11:534][  0]LogConfig: Setting CVar [[gc.MinGCClusterSize:5]]
[2021.12.16-08.14.11:534][  0]LogConfig: Setting CVar [[gc.ActorClusteringEnabled:0]]
[2021.12.16-08.14.11:534][  0]LogConfig: Setting CVar [[gc.BlueprintClusteringEnabled:0]]
[2021.12.16-08.14.11:534][  0]LogConfig: Setting CVar [[gc.UseDisregardForGCOnDedicatedServers:0]]
[2021.12.16-08.14.11:534][  0]LogConfig: Setting CVar [[gc.MultithreadedDestructionEnabled:1]]
[2021.12.16-08.14.11:534][  0]LogConfig: Applying CVar settings from Section [/Script/Engine.NetworkSettings] File [E:/Uni Work/Year 3/Unreal Projects/Group Project/RacingGame/KIA_Game_Project/Saved/Config/Windows/Engine.ini]
[2021.12.16-08.14.11:534][  0]LogConfig: Applying CVar settings from Section [/Script/UnrealEd.CookerSettings] File [E:/Uni Work/Year 3/Unreal Projects/Group Project/RacingGame/KIA_Game_Project/Saved/Config/Windows/Engine.ini]
[2021.12.16-08.14.11:712][  0]LogConfig: Applying CVar settings from Section [ViewDistanceQuality@3] File [E:/Uni Work/Year 3/Unreal Projects/Group Project/RacingGame/KIA_Game_Project/Saved/Config/Windows/Scalability.ini]
[2021.12.16-08.14.11:712][  0]LogConfig: Setting CVar [[r.SkeletalMeshLODBias:0]]
[2021.12.16-08.14.11:712][  0]LogConfig: Setting CVar [[r.ViewDistanceScale:1.0]]
[2021.12.16-08.14.11:712][  0]LogConfig: Applying CVar settings from Section [AntiAliasingQuality@3] File [E:/Uni Work/Year 3/Unreal Projects/Group Project/RacingGame/KIA_Game_Project/Saved/Config/Windows/Scalability.ini]
[2021.12.16-08.14.11:712][  0]LogConfig: Setting CVar [[r.PostProcessAAQuality:4]]
[2021.12.16-08.14.11:712][  0]LogConfig: Applying CVar settings from Section [ShadowQuality@3] File [E:/Uni Work/Year 3/Unreal Projects/Group Project/RacingGame/KIA_Game_Project/Saved/Config/Windows/Scalability.ini]
[2021.12.16-08.14.11:712][  0]LogConfig: Setting CVar [[r.LightFunctionQuality:1]]
[2021.12.16-08.14.11:712][  0]LogConfig: Setting CVar [[r.ShadowQuality:5]]
[2021.12.16-08.14.11:712][  0]LogConfig: Setting CVar [[r.Shadow.CSM.MaxCascades:10]]
[2021.12.16-08.14.11:712][  0]LogConfig: Setting CVar [[r.Shadow.MaxResolution:2048]]
[2021.12.16-08.14.11:712][  0]LogConfig: Setting CVar [[r.Shadow.MaxCSMResolution:2048]]
[2021.12.16-08.14.11:712][  0]LogConfig: Setting CVar [[r.Shadow.RadiusThreshold:0.01]]
[2021.12.16-08.14.11:712][  0]LogConfig: Setting CVar [[r.Shadow.DistanceScale:1.0]]
[2021.12.16-08.14.11:712][  0]LogConfig: Setting CVar [[r.Shadow.CSM.TransitionScale:1.0]]
[2021.12.16-08.14.11:712][  0]LogConfig: Setting CVar [[r.Shadow.PreShadowResolutionFactor:1.0]]
[2021.12.16-08.14.11:712][  0]LogConfig: Setting CVar [[r.DistanceFieldShadowing:1]]
[2021.12.16-08.14.11:712][  0]LogConfig: Setting CVar [[r.DistanceFieldAO:1]]
[2021.12.16-08.14.11:712][  0]LogConfig: Setting CVar [[r.AOQuality:2]]
[2021.12.16-08.14.11:712][  0]LogConfig: Setting CVar [[r.VolumetricFog:1]]
[2021.12.16-08.14.11:712][  0]LogConfig: Setting CVar [[r.VolumetricFog.GridPixelSize:8]]
[2021.12.16-08.14.11:712][  0]LogConfig: Setting CVar [[r.VolumetricFog.GridSizeZ:128]]
[2021.12.16-08.14.11:712][  0]LogConfig: Setting CVar [[r.VolumetricFog.HistoryMissSupersampleCount:4]]
[2021.12.16-08.14.11:712][  0]LogConfig: Setting CVar [[r.LightMaxDrawDistanceScale:1]]
[2021.12.16-08.14.11:712][  0]LogConfig: Setting CVar [[r.CapsuleShadows:1]]
[2021.12.16-08.14.11:712][  0]LogConfig: Applying CVar settings from Section [PostProcessQuality@3] File [E:/Uni Work/Year 3/Unreal Projects/Group Project/RacingGame/KIA_Game_Project/Saved/Config/Windows/Scalability.ini]
[2021.12.16-08.14.11:712][  0]LogConfig: Setting CVar [[r.MotionBlurQuality:4]]
[2021.12.16-08.14.11:712][  0]LogConfig: Setting CVar [[r.AmbientOcclusionMipLevelFactor:0.4]]
[2021.12.16-08.14.11:712][  0]LogConfig: Setting CVar [[r.AmbientOcclusionMaxQuality:100]]
[2021.12.16-08.14.11:712][  0]LogConfig: Setting CVar [[r.AmbientOcclusionLevels:-1]]
[2021.12.16-08.14.11:712][  0]LogConfig: Setting CVar [[r.AmbientOcclusionRadiusScale:1.0]]
[2021.12.16-08.14.11:712][  0]LogConfig: Setting CVar [[r.DepthOfFieldQuality:2]]
[2021.12.16-08.14.11:712][  0]LogConfig: Setting CVar [[r.RenderTargetPoolMin:400]]
[2021.12.16-08.14.11:712][  0]LogConfig: Setting CVar [[r.LensFlareQuality:2]]
[2021.12.16-08.14.11:712][  0]LogConfig: Setting CVar [[r.SceneColorFringeQuality:1]]
[2021.12.16-08.14.11:712][  0]LogConfig: Setting CVar [[r.EyeAdaptationQuality:2]]
[2021.12.16-08.14.11:712][  0]LogConfig: Setting CVar [[r.BloomQuality:5]]
[2021.12.16-08.14.11:712][  0]LogConfig: Setting CVar [[r.FastBlurThreshold:100]]
[2021.12.16-08.14.11:712][  0]LogConfig: Setting CVar [[r.Upscale.Quality:3]]
[2021.12.16-08.14.11:712][  0]LogConfig: Setting CVar [[r.Tonemapper.GrainQuantization:1]]
[2021.12.16-08.14.11:712][  0]LogConfig: Setting CVar [[r.LightShaftQuality:1]]
[2021.12.16-08.14.11:712][  0]LogConfig: Setting CVar [[r.Filter.SizeScale:1]]
[2021.12.16-08.14.11:712][  0]LogConfig: Setting CVar [[r.Tonemapper.Quality:5]]
[2021.12.16-08.14.11:712][  0]LogConfig: Setting CVar [[r.DOF.Gather.AccumulatorQuality:1        ; higher gathering accumulator quality]]
[2021.12.16-08.14.11:712][  0]LogConfig: Setting CVar [[r.DOF.Gather.PostfilterMethod:1          ; Median3x3 postfilering method]]
[2021.12.16-08.14.11:712][  0]LogConfig: Setting CVar [[r.DOF.Gather.EnableBokehSettings:0       ; no bokeh simulation when gathering]]
[2021.12.16-08.14.11:713][  0]LogConfig: Setting CVar [[r.DOF.Gather.RingCount:4                 ; medium number of samples when gathering]]
[2021.12.16-08.14.11:713][  0]LogConfig: Setting CVar [[r.DOF.Scatter.ForegroundCompositing:1    ; additive foreground scattering]]
[2021.12.16-08.14.11:713][  0]LogConfig: Setting CVar [[r.DOF.Scatter.BackgroundCompositing:2    ; additive background scattering]]
[2021.12.16-08.14.11:713][  0]LogConfig: Setting CVar [[r.DOF.Scatter.EnableBokehSettings:1      ; bokeh simulation when scattering]]
[2021.12.16-08.14.11:713][  0]LogConfig: Setting CVar [[r.DOF.Scatter.MaxSpriteRatio:0.1         ; only a maximum of 10% of scattered bokeh]]
[2021.12.16-08.14.11:713][  0]LogConfig: Setting CVar [[r.DOF.Recombine.Quality:1                ; cheap slight out of focus]]
[2021.12.16-08.14.11:713][  0]LogConfig: Setting CVar [[r.DOF.Recombine.EnableBokehSettings:0    ; no bokeh simulation on slight out of focus]]
[2021.12.16-08.14.11:713][  0]LogConfig: Setting CVar [[r.DOF.TemporalAAQuality:1                ; more stable temporal accumulation]]
[2021.12.16-08.14.11:713][  0]LogConfig: Setting CVar [[r.DOF.Kernel.MaxForegroundRadius:0.025]]
[2021.12.16-08.14.11:713][  0]LogConfig: Setting CVar [[r.DOF.Kernel.MaxBackgroundRadius:0.025]]
[2021.12.16-08.14.11:713][  0]LogConfig: Applying CVar settings from Section [TextureQuality@3] File [E:/Uni Work/Year 3/Unreal Projects/Group Project/RacingGame/KIA_Game_Project/Saved/Config/Windows/Scalability.ini]
[2021.12.16-08.14.11:713][  0]LogConfig: Setting CVar [[r.Streaming.MipBias:0]]
[2021.12.16-08.14.11:713][  0]LogConfig: Setting CVar [[r.Streaming.AmortizeCPUToGPUCopy:0]]
[2021.12.16-08.14.11:713][  0]LogConfig: Setting CVar [[r.Streaming.MaxNumTexturesToStreamPerFrame:0]]
[2021.12.16-08.14.11:713][  0]LogConfig: Setting CVar [[r.Streaming.Boost:1]]
[2021.12.16-08.14.11:713][  0]LogConfig: Setting CVar [[r.MaxAnisotropy:8]]
[2021.12.16-08.14.11:713][  0]LogConfig: Setting CVar [[r.VT.MaxAnisotropy:8]]
[2021.12.16-08.14.11:713][  0]LogConfig: Setting CVar [[r.Streaming.LimitPoolSizeToVRAM:0]]
[2021.12.16-08.14.11:713][  0]LogConfig: Setting CVar [[r.Streaming.PoolSize:1000]]
[2021.12.16-08.14.11:713][  0]LogConfig: Setting CVar [[r.Streaming.MaxEffectiveScreenSize:0]]
[2021.12.16-08.14.11:713][  0]LogConfig: Applying CVar settings from Section [EffectsQuality@3] File [E:/Uni Work/Year 3/Unreal Projects/Group Project/RacingGame/KIA_Game_Project/Saved/Config/Windows/Scalability.ini]
[2021.12.16-08.14.11:713][  0]LogConfig: Setting CVar [[r.TranslucencyLightingVolumeDim:64]]
[2021.12.16-08.14.11:713][  0]LogConfig: Setting CVar [[r.RefractionQuality:2]]
[2021.12.16-08.14.11:713][  0]LogConfig: Setting CVar [[r.SSR.Quality:3]]
[2021.12.16-08.14.11:713][  0]LogConfig: Setting CVar [[r.SSR.HalfResSceneColor:0]]
[2021.12.16-08.14.11:713][  0]LogConfig: Setting CVar [[r.SceneColorFormat:4]]
[2021.12.16-08.14.11:713][  0]LogConfig: Setting CVar [[r.DetailMode:2]]
[2021.12.16-08.14.11:713][  0]LogConfig: Setting CVar [[r.TranslucencyVolumeBlur:1]]
[2021.12.16-08.14.11:713][  0]LogConfig: Setting CVar [[r.MaterialQualityLevel:1 ; High quality]]
[2021.12.16-08.14.11:713][  0]LogConfig: Setting CVar [[r.AnisotropicMaterials:1]]
[2021.12.16-08.14.11:713][  0]LogConfig: Setting CVar [[r.SSS.Scale:1]]
[2021.12.16-08.14.11:713][  0]LogConfig: Setting CVar [[r.SSS.SampleSet:2]]
[2021.12.16-08.14.11:713][  0]LogConfig: Setting CVar [[r.SSS.Quality:1]]
[2021.12.16-08.14.11:713][  0]LogConfig: Setting CVar [[r.SSS.HalfRes:0]]
[2021.12.16-08.14.11:713][  0]LogConfig: Setting CVar [[r.SSGI.Quality:3]]
[2021.12.16-08.14.11:713][  0]LogConfig: Setting CVar [[r.EmitterSpawnRateScale:1.0]]
[2021.12.16-08.14.11:713][  0]LogConfig: Setting CVar [[r.ParticleLightQuality:2]]
[2021.12.16-08.14.11:713][  0]LogConfig: Setting CVar [[r.SkyAtmosphere.AerialPerspectiveLUT.FastApplyOnOpaque:1 ; Always have FastSkyLUT 1 in this case to avoid wrong sky]]
[2021.12.16-08.14.11:713][  0]LogConfig: Setting CVar [[r.SkyAtmosphere.AerialPerspectiveLUT.SampleCountMaxPerSlice:4]]
[2021.12.16-08.14.11:713][  0]LogConfig: Setting CVar [[r.SkyAtmosphere.AerialPerspectiveLUT.DepthResolution:16.0]]
[2021.12.16-08.14.11:713][  0]LogConfig: Setting CVar [[r.SkyAtmosphere.FastSkyLUT:1]]
[2021.12.16-08.14.11:713][  0]LogConfig: Setting CVar [[r.SkyAtmosphere.FastSkyLUT.SampleCountMin:4.0]]
[2021.12.16-08.14.11:713][  0]LogConfig: Setting CVar [[r.SkyAtmosphere.FastSkyLUT.SampleCountMax:128.0]]
[2021.12.16-08.14.11:713][  0]LogConfig: Setting CVar [[r.SkyAtmosphere.SampleCountMin:4.0]]
[2021.12.16-08.14.11:713][  0]LogConfig: Setting CVar [[r.SkyAtmosphere.SampleCountMax:128.0]]
[2021.12.16-08.14.11:713][  0]LogConfig: Setting CVar [[r.SkyAtmosphere.TransmittanceLUT.UseSmallFormat:0]]
[2021.12.16-08.14.11:713][  0]LogConfig: Setting CVar [[r.SkyAtmosphere.TransmittanceLUT.SampleCount:10.0]]
[2021.12.16-08.14.11:713][  0]LogConfig: Setting CVar [[r.SkyAtmosphere.MultiScatteringLUT.SampleCount:15.0]]
[2021.12.16-08.14.11:713][  0]LogConfig: Setting CVar [[r.SkyLight.RealTimeReflectionCapture:1]]
[2021.12.16-08.14.11:713][  0]LogConfig: Applying CVar settings from Section [FoliageQuality@3] File [E:/Uni Work/Year 3/Unreal Projects/Group Project/RacingGame/KIA_Game_Project/Saved/Config/Windows/Scalability.ini]
[2021.12.16-08.14.11:713][  0]LogConfig: Setting CVar [[foliage.DensityScale:1.0]]
[2021.12.16-08.14.11:713][  0]LogConfig: Setting CVar [[grass.DensityScale:1.0]]
[2021.12.16-08.14.11:713][  0]LogConfig: Applying CVar settings from Section [ShadingQuality@3] File [E:/Uni Work/Year 3/Unreal Projects/Group Project/RacingGame/KIA_Game_Project/Saved/Config/Windows/Scalability.ini]
[2021.12.16-08.14.11:713][  0]LogConfig: Setting CVar [[r.HairStrands.SkyLighting.IntegrationType:2]]
[2021.12.16-08.14.11:713][  0]LogConfig: Setting CVar [[r.HairStrands.SkyAO.SampleCount:4]]
[2021.12.16-08.14.11:713][  0]LogConfig: Setting CVar [[r.HairStrands.Visibility.MSAA.SamplePerPixel:4]]
[2021.12.16-08.14.11:722][  0]LogInit: Selected Device Profile: [Windows]
[2021.12.16-08.14.11:729][  0]LogInit: Applying CVar settings loaded from the selected device profile: [Windows]
[2021.12.16-08.14.11:733][  0]LogHAL: Display: Platform has ~ 32 GB [34272268288 / 34359738368 / 32], which maps to Largest [LargestMinGB=32, LargerMinGB=12, DefaultMinGB=8, SmallerMinGB=6, SmallestMinGB=0)
[2021.12.16-08.14.11:733][  0]LogInit: Going up to parent DeviceProfile []
[2021.12.16-08.14.11:744][  0]LogConfig: Applying CVar settings from Section [ViewDistanceQuality@3] File [E:/Uni Work/Year 3/Unreal Projects/Group Project/RacingGame/KIA_Game_Project/Saved/Config/Windows/Scalability.ini]
[2021.12.16-08.14.11:744][  0]LogConfig: Setting CVar [[r.SkeletalMeshLODBias:0]]
[2021.12.16-08.14.11:744][  0]LogConfig: Setting CVar [[r.ViewDistanceScale:1.0]]
[2021.12.16-08.14.11:744][  0]LogConfig: Applying CVar settings from Section [AntiAliasingQuality@3] File [E:/Uni Work/Year 3/Unreal Projects/Group Project/RacingGame/KIA_Game_Project/Saved/Config/Windows/Scalability.ini]
[2021.12.16-08.14.11:744][  0]LogConfig: Setting CVar [[r.PostProcessAAQuality:4]]
[2021.12.16-08.14.11:744][  0]LogConfig: Applying CVar settings from Section [ShadowQuality@3] File [E:/Uni Work/Year 3/Unreal Projects/Group Project/RacingGame/KIA_Game_Project/Saved/Config/Windows/Scalability.ini]
[2021.12.16-08.14.11:744][  0]LogConfig: Setting CVar [[r.LightFunctionQuality:1]]
[2021.12.16-08.14.11:744][  0]LogConfig: Setting CVar [[r.ShadowQuality:5]]
[2021.12.16-08.14.11:744][  0]LogConfig: Setting CVar [[r.Shadow.CSM.MaxCascades:10]]
[2021.12.16-08.14.11:744][  0]LogConfig: Setting CVar [[r.Shadow.MaxResolution:2048]]
[2021.12.16-08.14.11:744][  0]LogConfig: Setting CVar [[r.Shadow.MaxCSMResolution:2048]]
[2021.12.16-08.14.11:745][  0]LogConfig: Setting CVar [[r.Shadow.RadiusThreshold:0.01]]
[2021.12.16-08.14.11:745][  0]LogConfig: Setting CVar [[r.Shadow.DistanceScale:1.0]]
[2021.12.16-08.14.11:745][  0]LogConfig: Setting CVar [[r.Shadow.CSM.TransitionScale:1.0]]
[2021.12.16-08.14.11:745][  0]LogConfig: Setting CVar [[r.Shadow.PreShadowResolutionFactor:1.0]]
[2021.12.16-08.14.11:745][  0]LogConfig: Setting CVar [[r.DistanceFieldShadowing:1]]
[2021.12.16-08.14.11:745][  0]LogConfig: Setting CVar [[r.DistanceFieldAO:1]]
[2021.12.16-08.14.11:745][  0]LogConfig: Setting CVar [[r.AOQuality:2]]
[2021.12.16-08.14.11:745][  0]LogConfig: Setting CVar [[r.VolumetricFog:1]]
[2021.12.16-08.14.11:745][  0]LogConfig: Setting CVar [[r.VolumetricFog.GridPixelSize:8]]
[2021.12.16-08.14.11:745][  0]LogConfig: Setting CVar [[r.VolumetricFog.GridSizeZ:128]]
[2021.12.16-08.14.11:745][  0]LogConfig: Setting CVar [[r.VolumetricFog.HistoryMissSupersampleCount:4]]
[2021.12.16-08.14.11:745][  0]LogConfig: Setting CVar [[r.LightMaxDrawDistanceScale:1]]
[2021.12.16-08.14.11:745][  0]LogConfig: Setting CVar [[r.CapsuleShadows:1]]
[2021.12.16-08.14.11:745][  0]LogConfig: Applying CVar settings from Section [PostProcessQuality@3] File [E:/Uni Work/Year 3/Unreal Projects/Group Project/RacingGame/KIA_Game_Project/Saved/Config/Windows/Scalability.ini]
[2021.12.16-08.14.11:745][  0]LogConfig: Setting CVar [[r.MotionBlurQuality:4]]
[2021.12.16-08.14.11:745][  0]LogConfig: Setting CVar [[r.AmbientOcclusionMipLevelFactor:0.4]]
[2021.12.16-08.14.11:745][  0]LogConfig: Setting CVar [[r.AmbientOcclusionMaxQuality:100]]
[2021.12.16-08.14.11:745][  0]LogConfig: Setting CVar [[r.AmbientOcclusionLevels:-1]]
[2021.12.16-08.14.11:745][  0]LogConfig: Setting CVar [[r.AmbientOcclusionRadiusScale:1.0]]
[2021.12.16-08.14.11:745][  0]LogConfig: Setting CVar [[r.DepthOfFieldQuality:2]]
[2021.12.16-08.14.11:745][  0]LogConfig: Setting CVar [[r.RenderTargetPoolMin:400]]
[2021.12.16-08.14.11:745][  0]LogConfig: Setting CVar [[r.LensFlareQuality:2]]
[2021.12.16-08.14.11:745][  0]LogConfig: Setting CVar [[r.SceneColorFringeQuality:1]]
[2021.12.16-08.14.11:745][  0]LogConfig: Setting CVar [[r.EyeAdaptationQuality:2]]
[2021.12.16-08.14.11:745][  0]LogConfig: Setting CVar [[r.BloomQuality:5]]
[2021.12.16-08.14.11:745][  0]LogConfig: Setting CVar [[r.FastBlurThreshold:100]]
[2021.12.16-08.14.11:745][  0]LogConfig: Setting CVar [[r.Upscale.Quality:3]]
[2021.12.16-08.14.11:746][  0]LogConfig: Setting CVar [[r.Tonemapper.GrainQuantization:1]]
[2021.12.16-08.14.11:746][  0]LogConfig: Setting CVar [[r.LightShaftQuality:1]]
[2021.12.16-08.14.11:746][  0]LogConfig: Setting CVar [[r.Filter.SizeScale:1]]
[2021.12.16-08.14.11:746][  0]LogConfig: Setting CVar [[r.Tonemapper.Quality:5]]
[2021.12.16-08.14.11:746][  0]LogConfig: Setting CVar [[r.DOF.Gather.AccumulatorQuality:1        ; higher gathering accumulator quality]]
[2021.12.16-08.14.11:746][  0]LogConfig: Setting CVar [[r.DOF.Gather.PostfilterMethod:1          ; Median3x3 postfilering method]]
[2021.12.16-08.14.11:746][  0]LogConfig: Setting CVar [[r.DOF.Gather.EnableBokehSettings:0       ; no bokeh simulation when gathering]]
[2021.12.16-08.14.11:746][  0]LogConfig: Setting CVar [[r.DOF.Gather.RingCount:4                 ; medium number of samples when gathering]]
[2021.12.16-08.14.11:746][  0]LogConfig: Setting CVar [[r.DOF.Scatter.ForegroundCompositing:1    ; additive foreground scattering]]
[2021.12.16-08.14.11:746][  0]LogConfig: Setting CVar [[r.DOF.Scatter.BackgroundCompositing:2    ; additive background scattering]]
[2021.12.16-08.14.11:746][  0]LogConfig: Setting CVar [[r.DOF.Scatter.EnableBokehSettings:1      ; bokeh simulation when scattering]]
[2021.12.16-08.14.11:746][  0]LogConfig: Setting CVar [[r.DOF.Scatter.MaxSpriteRatio:0.1         ; only a maximum of 10% of scattered bokeh]]
[2021.12.16-08.14.11:746][  0]LogConfig: Setting CVar [[r.DOF.Recombine.Quality:1                ; cheap slight out of focus]]
[2021.12.16-08.14.11:746][  0]LogConfig: Setting CVar [[r.DOF.Recombine.EnableBokehSettings:0    ; no bokeh simulation on slight out of focus]]
[2021.12.16-08.14.11:746][  0]LogConfig: Setting CVar [[r.DOF.TemporalAAQuality:1                ; more stable temporal accumulation]]
[2021.12.16-08.14.11:746][  0]LogConfig: Setting CVar [[r.DOF.Kernel.MaxForegroundRadius:0.025]]
[2021.12.16-08.14.11:746][  0]LogConfig: Setting CVar [[r.DOF.Kernel.MaxBackgroundRadius:0.025]]
[2021.12.16-08.14.11:746][  0]LogConfig: Applying CVar settings from Section [TextureQuality@3] File [E:/Uni Work/Year 3/Unreal Projects/Group Project/RacingGame/KIA_Game_Project/Saved/Config/Windows/Scalability.ini]
[2021.12.16-08.14.11:746][  0]LogConfig: Setting CVar [[r.Streaming.MipBias:0]]
[2021.12.16-08.14.11:746][  0]LogConfig: Setting CVar [[r.Streaming.AmortizeCPUToGPUCopy:0]]
[2021.12.16-08.14.11:746][  0]LogConfig: Setting CVar [[r.Streaming.MaxNumTexturesToStreamPerFrame:0]]
[2021.12.16-08.14.11:746][  0]LogConfig: Setting CVar [[r.Streaming.Boost:1]]
[2021.12.16-08.14.11:746][  0]LogConfig: Setting CVar [[r.MaxAnisotropy:8]]
[2021.12.16-08.14.11:746][  0]LogConfig: Setting CVar [[r.VT.MaxAnisotropy:8]]
[2021.12.16-08.14.11:746][  0]LogConfig: Setting CVar [[r.Streaming.LimitPoolSizeToVRAM:0]]
[2021.12.16-08.14.11:746][  0]LogConfig: Setting CVar [[r.Streaming.PoolSize:1000]]
[2021.12.16-08.14.11:746][  0]LogConfig: Setting CVar [[r.Streaming.MaxEffectiveScreenSize:0]]
[2021.12.16-08.14.11:746][  0]LogConfig: Applying CVar settings from Section [EffectsQuality@3] File [E:/Uni Work/Year 3/Unreal Projects/Group Project/RacingGame/KIA_Game_Project/Saved/Config/Windows/Scalability.ini]
[2021.12.16-08.14.11:746][  0]LogConfig: Setting CVar [[r.TranslucencyLightingVolumeDim:64]]
[2021.12.16-08.14.11:746][  0]LogConfig: Setting CVar [[r.RefractionQuality:2]]
[2021.12.16-08.14.11:746][  0]LogConfig: Setting CVar [[r.SSR.Quality:3]]
[2021.12.16-08.14.11:746][  0]LogConfig: Setting CVar [[r.SSR.HalfResSceneColor:0]]
[2021.12.16-08.14.11:746][  0]LogConfig: Setting CVar [[r.SceneColorFormat:4]]
[2021.12.16-08.14.11:746][  0]LogConfig: Setting CVar [[r.DetailMode:2]]
[2021.12.16-08.14.11:746][  0]LogConfig: Setting CVar [[r.TranslucencyVolumeBlur:1]]
[2021.12.16-08.14.11:746][  0]LogConfig: Setting CVar [[r.MaterialQualityLevel:1 ; High quality]]
[2021.12.16-08.14.11:746][  0]LogConfig: Setting CVar [[r.AnisotropicMaterials:1]]
[2021.12.16-08.14.11:746][  0]LogConfig: Setting CVar [[r.SSS.Scale:1]]
[2021.12.16-08.14.11:746][  0]LogConfig: Setting CVar [[r.SSS.SampleSet:2]]
[2021.12.16-08.14.11:746][  0]LogConfig: Setting CVar [[r.SSS.Quality:1]]
[2021.12.16-08.14.11:746][  0]LogConfig: Setting CVar [[r.SSS.HalfRes:0]]
[2021.12.16-08.14.11:746][  0]LogConfig: Setting CVar [[r.SSGI.Quality:3]]
[2021.12.16-08.14.11:746][  0]LogConfig: Setting CVar [[r.EmitterSpawnRateScale:1.0]]
[2021.12.16-08.14.11:746][  0]LogConfig: Setting CVar [[r.ParticleLightQuality:2]]
[2021.12.16-08.14.11:746][  0]LogConfig: Setting CVar [[r.SkyAtmosphere.AerialPerspectiveLUT.FastApplyOnOpaque:1 ; Always have FastSkyLUT 1 in this case to avoid wrong sky]]
[2021.12.16-08.14.11:746][  0]LogConfig: Setting CVar [[r.SkyAtmosphere.AerialPerspectiveLUT.SampleCountMaxPerSlice:4]]
[2021.12.16-08.14.11:746][  0]LogConfig: Setting CVar [[r.SkyAtmosphere.AerialPerspectiveLUT.DepthResolution:16.0]]
[2021.12.16-08.14.11:746][  0]LogConfig: Setting CVar [[r.SkyAtmosphere.FastSkyLUT:1]]
[2021.12.16-08.14.11:746][  0]LogConfig: Setting CVar [[r.SkyAtmosphere.FastSkyLUT.SampleCountMin:4.0]]
[2021.12.16-08.14.11:746][  0]LogConfig: Setting CVar [[r.SkyAtmosphere.FastSkyLUT.SampleCountMax:128.0]]
[2021.12.16-08.14.11:746][  0]LogConfig: Setting CVar [[r.SkyAtmosphere.SampleCountMin:4.0]]
[2021.12.16-08.14.11:746][  0]LogConfig: Setting CVar [[r.SkyAtmosphere.SampleCountMax:128.0]]
[2021.12.16-08.14.11:746][  0]LogConfig: Setting CVar [[r.SkyAtmosphere.TransmittanceLUT.UseSmallFormat:0]]
[2021.12.16-08.14.11:746][  0]LogConfig: Setting CVar [[r.SkyAtmosphere.TransmittanceLUT.SampleCount:10.0]]
[2021.12.16-08.14.11:746][  0]LogConfig: Setting CVar [[r.SkyAtmosphere.MultiScatteringLUT.SampleCount:15.0]]
[2021.12.16-08.14.11:746][  0]LogConfig: Setting CVar [[r.SkyLight.RealTimeReflectionCapture:1]]
[2021.12.16-08.14.11:746][  0]LogConfig: Applying CVar settings from Section [FoliageQuality@3] File [E:/Uni Work/Year 3/Unreal Projects/Group Project/RacingGame/KIA_Game_Project/Saved/Config/Windows/Scalability.ini]
[2021.12.16-08.14.11:746][  0]LogConfig: Setting CVar [[foliage.DensityScale:1.0]]
[2021.12.16-08.14.11:746][  0]LogConfig: Setting CVar [[grass.DensityScale:1.0]]
[2021.12.16-08.14.11:746][  0]LogConfig: Applying CVar settings from Section [ShadingQuality@3] File [E:/Uni Work/Year 3/Unreal Projects/Group Project/RacingGame/KIA_Game_Project/Saved/Config/Windows/Scalability.ini]
[2021.12.16-08.14.11:746][  0]LogConfig: Setting CVar [[r.HairStrands.SkyLighting.IntegrationType:2]]
[2021.12.16-08.14.11:746][  0]LogConfig: Setting CVar [[r.HairStrands.SkyAO.SampleCount:4]]
[2021.12.16-08.14.11:746][  0]LogConfig: Setting CVar [[r.HairStrands.Visibility.MSAA.SamplePerPixel:4]]
[2021.12.16-08.14.11:746][  0]LogConfig: Applying CVar settings from Section [Startup] File [../../../Engine/Config/ConsoleVariables.ini]
[2021.12.16-08.14.11:787][  0]LogConfig: Setting CVar [[net.UseAdaptiveNetUpdateFrequency:0]]
[2021.12.16-08.14.11:787][  0]LogConfig: Setting CVar [[p.chaos.AllowCreatePhysxBodies:1]]
[2021.12.16-08.14.11:787][  0]LogConfig: Setting CVar [[fx.SkipVectorVMBackendOptimizations:1]]
[2021.12.16-08.14.11:787][  0]LogConfig: Applying CVar settings from Section [ConsoleVariables] File [E:/Uni Work/Year 3/Unreal Projects/Group Project/RacingGame/KIA_Game_Project/Saved/Config/Windows/Engine.ini]
[2021.12.16-08.14.11:787][  0]LogConfig: Applying CVar settings from Section [ConsoleVariables] File [E:/Uni Work/Year 3/Unreal Projects/Group Project/RacingGame/KIA_Game_Project/Saved/Config/Windows/Editor.ini]
[2021.12.16-08.14.11:802][  0]LogInit: Computer: DESKTOP-2RRJ4PM
[2021.12.16-08.14.11:802][  0]LogInit: User: iwane
[2021.12.16-08.14.11:802][  0]LogInit: CPU Page size=4096, Cores=8
[2021.12.16-08.14.11:802][  0]LogInit: High frequency timer resolution =10.000000 MHz
[2021.12.16-08.14.11:802][  0]LogMemory: Memory total: Physical=31.9GB (32GB approx)
[2021.12.16-08.14.11:802][  0]LogMemory: Platform Memory Stats for Windows
[2021.12.16-08.14.11:802][  0]LogMemory: Process Physical Memory: 143.80 MB used, 143.80 MB peak
[2021.12.16-08.14.11:802][  0]LogMemory: Process Virtual Memory: 128.11 MB used, 128.11 MB peak
[2021.12.16-08.14.11:802][  0]LogMemory: Physical Memory: 8673.74 MB used,  24010.84 MB free, 32684.58 MB total
[2021.12.16-08.14.11:802][  0]LogMemory: Virtual Memory: 134191776.00 MB used,  25950.17 MB free, 134217728.00 MB total
[2021.12.16-08.14.11:811][  0]LogWindows: WindowsPlatformFeatures enabled
[2021.12.16-08.14.15:555][  0]LogInit: Physics initialised using underlying interface: PhysX
[2021.12.16-08.14.15:584][  0]LogInit: Using OS detected language (en-US).
[2021.12.16-08.14.15:584][  0]LogInit: Using OS detected locale (en-GB).
[2021.12.16-08.14.17:603][  0]LogTextLocalizationManager: No specific localization for 'en-US' exists, so the 'en' localization will be used.
[2021.12.16-08.14.18:967][  0]LogInit: Setting process to per monitor DPI aware
[2021.12.16-08.14.19:483][  0]LogWindowsTextInputMethodSystem: Display: IME system deactivated.
[2021.12.16-08.14.21:175][  0]LogSlate: New Slate User Created.  User Index 0, Is Virtual User: 0
[2021.12.16-08.14.21:176][  0]LogSlate: Slate User Registered.  User Index 0, Is Virtual User: 0
[2021.12.16-08.14.27:206][  0]LogD3D11RHI: Loaded GFSDK_Aftermath_Lib.x64.dll
[2021.12.16-08.14.28:229][  0]LogHMD: Failed to initialize OpenVR with code 126
[2021.12.16-08.14.28:229][  0]LogD3D11RHI: D3D11 min allowed feature level: 11_0
[2021.12.16-08.14.28:229][  0]LogD3D11RHI: D3D11 max allowed feature level: 11_0
[2021.12.16-08.14.28:229][  0]LogD3D11RHI: D3D11 adapters:
[2021.12.16-08.14.28:330][  0]LogD3D11RHI:    0. 'NVIDIA GeForce RTX 2060 SUPER' (Feature Level 11_0)
[2021.12.16-08.14.28:330][  0]LogD3D11RHI:       8031/0/16342 MB DedicatedVideo/DedicatedSystem/SharedSystem, Outputs:1, VendorId:0x10de
[2021.12.16-08.14.28:333][  0]LogD3D11RHI:    1. 'Microsoft Basic Render Driver' (Feature Level 11_0)
[2021.12.16-08.14.28:333][  0]LogD3D11RHI:       0/0/16342 MB DedicatedVideo/DedicatedSystem/SharedSystem, Outputs:0, VendorId:0x1414
[2021.12.16-08.14.28:333][  0]LogD3D11RHI: Chosen D3D11 Adapter:
[2021.12.16-08.14.28:333][  0]LogD3D11RHI:     Description : NVIDIA GeForce RTX 2060 SUPER
[2021.12.16-08.14.28:333][  0]LogD3D11RHI:     VendorId    : 10de
[2021.12.16-08.14.28:333][  0]LogD3D11RHI:     DeviceId    : 1f06
[2021.12.16-08.14.28:333][  0]LogD3D11RHI:     SubSysId    : 30673842
[2021.12.16-08.14.28:333][  0]LogD3D11RHI:     Revision    : 00a1
[2021.12.16-08.14.28:333][  0]LogD3D11RHI:     DedicatedVideoMemory : 8421113856 bytes
[2021.12.16-08.14.28:333][  0]LogD3D11RHI:     DedicatedSystemMemory : 0 bytes
[2021.12.16-08.14.28:333][  0]LogD3D11RHI:     SharedSystemMemory : 17136134144 bytes
[2021.12.16-08.14.28:333][  0]LogD3D11RHI:     AdapterLuid : 0 56928
[2021.12.16-08.14.28:417][  0]LogD3D11RHI: Creating new Direct3DDevice
[2021.12.16-08.14.28:417][  0]LogD3D11RHI:     GPU DeviceId: 0x1f06 (for the marketing name, search the web for "GPU Device Id")
[2021.12.16-08.14.28:417][  0]LogWindows: EnumDisplayDevices:
[2021.12.16-08.14.28:417][  0]LogWindows:    0. 'NVIDIA GeForce RTX 2060 SUPER' (P:1 D:1)
[2021.12.16-08.14.28:418][  0]LogWindows:    1. 'NVIDIA GeForce RTX 2060 SUPER' (P:0 D:0)
[2021.12.16-08.14.28:418][  0]LogWindows:    2. 'NVIDIA GeForce RTX 2060 SUPER' (P:0 D:0)
[2021.12.16-08.14.28:419][  0]LogWindows:    3. 'NVIDIA GeForce RTX 2060 SUPER' (P:0 D:0)
[2021.12.16-08.14.28:419][  0]LogWindows: DebugString: FoundDriverCount:4 
[2021.12.16-08.14.28:419][  0]LogD3D11RHI:     Adapter Name: NVIDIA GeForce RTX 2060 SUPER
[2021.12.16-08.14.28:420][  0]LogD3D11RHI:   Driver Version: 496.76 (internal:30.0.14.9676, unified:496.76)
[2021.12.16-08.14.28:420][  0]LogD3D11RHI:      Driver Date: 11-9-2021
[2021.12.16-08.14.28:420][  0]LogRHI: Texture pool is 5621 MB (70% of 8031 MB)
[2021.12.16-08.14.28:420][  0]LogD3D11RHI: Creating D3DDevice using adapter:
[2021.12.16-08.14.28:420][  0]LogD3D11RHI:     Description : NVIDIA GeForce RTX 2060 SUPER
[2021.12.16-08.14.28:420][  0]LogD3D11RHI:     VendorId    : 10de
[2021.12.16-08.14.28:420][  0]LogD3D11RHI:     DeviceId    : 1f06
[2021.12.16-08.14.28:420][  0]LogD3D11RHI:     SubSysId    : 30673842
[2021.12.16-08.14.28:420][  0]LogD3D11RHI:     Revision    : 00a1
[2021.12.16-08.14.28:420][  0]LogD3D11RHI:     DedicatedVideoMemory : 8421113856 bytes
[2021.12.16-08.14.28:420][  0]LogD3D11RHI:     DedicatedSystemMemory : 0 bytes
[2021.12.16-08.14.28:420][  0]LogD3D11RHI:     SharedSystemMemory : 17136134144 bytes
[2021.12.16-08.14.28:420][  0]LogD3D11RHI:     AdapterLuid : 0 56928
[2021.12.16-08.14.28:473][  0]LogD3D11RHI: RHI has support for 64 bit atomics
[2021.12.16-08.14.28:474][  0]LogD3D11RHI: Async texture creation enabled
[2021.12.16-08.14.28:474][  0]LogD3D11RHI: Array index from any shader is supported
[2021.12.16-08.14.30:508][  0]LogD3D11RHI: GPU Timing Frequency: 1000.000000 (Debug: 2 1)
[2021.12.16-08.14.31:078][  0]LogRHI: GeForceNow SDK initialized: 1
[2021.12.16-08.14.32:427][  0]LogTargetPlatformManager: Display: Loaded TargetPlatform 'AllDesktop'
[2021.12.16-08.14.32:643][  0]LogTargetPlatformManager: Display: Loaded TargetPlatform 'Android'
[2021.12.16-08.14.32:643][  0]LogTargetPlatformManager: Display: Loaded TargetPlatform 'Android_ASTC'
[2021.12.16-08.14.32:643][  0]LogTargetPlatformManager: Display: Loaded TargetPlatform 'Android_DXT'
[2021.12.16-08.14.32:643][  0]LogTargetPlatformManager: Display: Loaded TargetPlatform 'Android_ETC2'
[2021.12.16-08.14.32:643][  0]LogTargetPlatformManager: Display: Loaded TargetPlatform 'AndroidClient'
[2021.12.16-08.14.32:643][  0]LogTargetPlatformManager: Display: Loaded TargetPlatform 'Android_ASTCClient'
[2021.12.16-08.14.32:643][  0]LogTargetPlatformManager: Display: Loaded TargetPlatform 'Android_DXTClient'
[2021.12.16-08.14.32:643][  0]LogTargetPlatformManager: Display: Loaded TargetPlatform 'Android_ETC2Client'
[2021.12.16-08.14.32:643][  0]LogTargetPlatformManager: Display: Loaded TargetPlatform 'Android_Multi'
[2021.12.16-08.14.32:643][  0]LogTargetPlatformManager: Display: Loaded TargetPlatform 'Android_MultiClient'
[2021.12.16-08.14.32:917][  0]LogTargetPlatformManager: Display: Loaded TargetPlatform 'IOSClient'
[2021.12.16-08.14.32:917][  0]LogTargetPlatformManager: Display: Loaded TargetPlatform 'IOS'
[2021.12.16-08.14.33:106][  0]LogTargetPlatformManager: Display: Loaded TargetPlatform 'Linux'
[2021.12.16-08.14.33:127][  0]LogTargetPlatformManager: Display: Loaded TargetPlatform 'LinuxNoEditor'
[2021.12.16-08.14.33:153][  0]LogTargetPlatformManager: Display: Loaded TargetPlatform 'LinuxClient'
[2021.12.16-08.14.33:206][  0]LogTargetPlatformManager: Display: Loaded TargetPlatform 'LinuxServer'
[2021.12.16-08.14.33:242][  0]LogTargetPlatformManager: Display: Loaded TargetPlatform 'LinuxAArch64NoEditor'
[2021.12.16-08.14.33:264][  0]LogTargetPlatformManager: Display: Loaded TargetPlatform 'LinuxAArch64Client'
[2021.12.16-08.14.33:382][  0]LogTargetPlatformManager: Display: Loaded TargetPlatform 'LinuxAArch64Server'
[2021.12.16-08.14.33:475][  0]LogTargetPlatformManager: Display: Loaded TargetPlatform 'Lumin'
[2021.12.16-08.14.33:475][  0]LogTargetPlatformManager: Display: Loaded TargetPlatform 'LuminClient'
[2021.12.16-08.14.33:549][  0]LogTargetPlatformManager: Display: Loaded TargetPlatform 'MacNoEditor'
[2021.12.16-08.14.33:591][  0]LogTargetPlatformManager: Display: Loaded TargetPlatform 'Mac'
[2021.12.16-08.14.33:597][  0]LogTargetPlatformManager: Display: Loaded TargetPlatform 'MacClient'
[2021.12.16-08.14.33:627][  0]LogTargetPlatformManager: Display: Loaded TargetPlatform 'MacServer'
[2021.12.16-08.14.33:670][  0]LogTargetPlatformManager: Display: Loaded TargetPlatform 'TVOSClient'
[2021.12.16-08.14.33:670][  0]LogTargetPlatformManager: Display: Loaded TargetPlatform 'TVOS'
[2021.12.16-08.14.33:735][  0]LogTargetPlatformManager: Display: Loaded TargetPlatform 'WindowsNoEditor'
[2021.12.16-08.14.33:798][  0]LogTargetPlatformManager: Display: Loaded TargetPlatform 'Windows'
[2021.12.16-08.14.33:833][  0]LogTargetPlatformManager: Display: Loaded TargetPlatform 'WindowsClient'
[2021.12.16-08.14.33:872][  0]LogTargetPlatformManager: Display: Loaded TargetPlatform 'WindowsServer'
[2021.12.16-08.14.33:872][  0]LogTargetPlatformManager: Display: Building Assets For Windows
[2021.12.16-08.14.34:128][  0]LogAudioDebug: Display: Lib vorbis DLL was dynamically loaded.
[2021.12.16-08.14.34:442][  0]LogTextureFormatOodle: Display: Oodle Texture 2.9.0 init RDO Off
[2021.12.16-08.14.35:593][  0]LogRendererCore: Ray tracing is disabled. Reason: r.RayTracing=0.
[2021.12.16-08.14.35:644][  0]LogShaderCompilers: Guid format shader working directory is -31 characters bigger than the processId version (E:/Uni Work/Year 3/Unreal Projects/Group Project/RacingGame/KIA_Game_Project/Intermediate/Shaders/WorkingDirectory/15192/).
[2021.12.16-08.14.35:644][  0]LogShaderCompilers: Cleaned the shader compiler working directory 'C:/Users/iwane/AppData/Local/Temp/UnrealShaderWorkingDir/19AD6C86401ADECC4F4F3FA45843FE7F/'.
[2021.12.16-08.14.35:667][  0]LogXGEController: Cannot use XGE Controller as Incredibuild is not installed on this machine.
[2021.12.16-08.14.35:667][  0]LogShaderCompilers: Cannot use XGE Shader Compiler as Incredibuild is not installed on this machine.
[2021.12.16-08.14.35:667][  0]LogShaderCompilers: Display: Using Local Shader Compiler.
[2021.12.16-08.14.38:738][  0]LogDerivedDataCache: Display: Max Cache Size: 512 MB
[2021.12.16-08.14.38:855][  0]LogDerivedDataCache: Loaded boot cache 0.12s 94MB C:/Users/iwane/AppData/Local/UnrealEngine/4.27/DerivedDataCache/Boot.ddc.
[2021.12.16-08.14.38:855][  0]LogDerivedDataCache: Display: Loaded Boot cache: C:/Users/iwane/AppData/Local/UnrealEngine/4.27/DerivedDataCache/Boot.ddc
[2021.12.16-08.14.38:855][  0]LogDerivedDataCache: FDerivedDataBackendGraph:  Pak pak cache file E:/Uni Work/Year 3/Unreal Projects/Group Project/RacingGame/KIA_Game_Project/DerivedDataCache/DDC.ddp not found, will not use a pak cache.
[2021.12.16-08.14.38:855][  0]LogDerivedDataCache: Unable to find inner node Pak for hierarchical cache Hierarchy.
[2021.12.16-08.14.38:855][  0]LogDerivedDataCache: FDerivedDataBackendGraph:  CompressedPak pak cache file E:/Uni Work/Year 3/Unreal Projects/Group Project/RacingGame/KIA_Game_Project/DerivedDataCache/Compressed.ddp not found, will not use a pak cache.
[2021.12.16-08.14.38:855][  0]LogDerivedDataCache: Unable to find inner node CompressedPak for hierarchical cache Hierarchy.
[2021.12.16-08.14.38:896][  0]LogDerivedDataCache: Display: Pak cache opened for reading ../../../Engine/DerivedDataCache/Compressed.ddp.
[2021.12.16-08.14.38:896][  0]LogDerivedDataCache: FDerivedDataBackendGraph:  EnterprisePak pak cache file ../../../Enterprise/DerivedDataCache/Compressed.ddp not found, will not use a pak cache.
[2021.12.16-08.14.38:896][  0]LogDerivedDataCache: Unable to find inner node EnterprisePak for hierarchical cache Hierarchy.
[2021.12.16-08.14.38:908][  0]LogDerivedDataCache: Speed tests for C:/Users/iwane/AppData/Local/UnrealEngine/Common/DerivedDataCache took 0.01 seconds
[2021.12.16-08.14.38:908][  0]LogDerivedDataCache: Display: Performance to C:/Users/iwane/AppData/Local/UnrealEngine/Common/DerivedDataCache: Latency=0.32ms. RandomReadSpeed=182.48MBs, RandomWriteSpeed=246.33MBs. Assigned SpeedClass 'Local'
[2021.12.16-08.14.38:908][  0]LogDerivedDataCache: Using Local data cache path C:/Users/iwane/AppData/Local/UnrealEngine/Common/DerivedDataCache: Writable
[2021.12.16-08.14.38:908][  0]LogDerivedDataCache: Shared data cache path not found in *engine.ini, will not use an Shared cache.
[2021.12.16-08.14.38:908][  0]LogDerivedDataCache: Unable to find inner node Shared for hierarchical cache Hierarchy.
[2021.12.16-08.14.39:092][  0]LogSlate: Using FreeType 2.10.0
[2021.12.16-08.14.39:344][  0]LogSlate: SlateFontServices - WITH_FREETYPE: 1, WITH_HARFBUZZ: 1
[2021.12.16-08.14.41:277][  0]LogAssetRegistry: FAssetRegistry took 0.0067 seconds to start up
[2021.12.16-08.14.49:925][  0]LogInit: Selected Device Profile: [Windows]
[2021.12.16-08.14.49:925][  0]LogInit: Active device profile: [0000024E1F0E2D00][0000024E1D09C980 49] Windows
[2021.12.16-08.14.49:925][  0]LogInit: Profiles: [0000024E1F0E2D00][0000024E1D09C980 49] Windows, [0000024E1EE51A00][0000024E1D098AC0 49] WindowsNoEditor, [0000024E1F0E2100][0000024E1D0A0C00 49] WindowsServer, [0000024E1EE52500][0000024E1D0A4D40 49] WindowsClient, [0000024E1F0E1C00][0000024E1D0ACEC0 49] IOS, [0000024E1EE50900][0000024E1DC17040 49] iPadAir, [0000024E1F0E0300][0000024E1DC1B1C0 49] iPadAir2, [0000024E1EDF9100][0000024E1DC23480 49] IPadPro, [0000024E1EDF9200][0000024E1DC1F4C0 49] iPadAir3, [0000024E1F0E0700][0000024E1DC27640 49] iPadAir4, [0000024E1EDFB100][0000024E1DC2B7C0 49] iPadMini2, [0000024E1EDF8700][0000024E1DC2F940 49] iPadMini3, [0000024E1EE51F00][0000024E1DC33AC0 49] iPadMini4, [0000024E1EDF8E00][0000024E1DC360C0 49] iPadMini5, [0000024E1EE0CA00][0000024E1DC3E380 49] iPhone6, [0000024E1EE0CB00][0000024E1DC3A3C0 49] iPodTouch6, [0000024E1F0E2A00][0000024E1DC46680 49] iPhone7, [0000024E1F0E1400][0000024E1DC426C0 49] iPodTouch7, [0000024E1EE0C200][0000024E1DC4A840 49] iPhone5S, [0000024E1EE50300][0000024E1DC4E9C0 49] iPhone6Plus, [0000024E1EE0FC00][0000024E1DC52B40 49] iPhone6S, [0000024E1EE53800][0000024E1D0A8C80 49] iPhone6SPlus, [0000024E1EE0F600][0000024E1DC56DC0 49] iPhone7Plus, [0000024E1EE51C00][0000024E1DC5AF00 49] iPhoneSE, [0000024E1EE0E000][0000024E1DC63080 49] iPhone8, [0000024E1EE51200][0000024E1DC67200 49] iPhone8Plus, [0000024E1EE0EC00][0000024E1DC6B380 49] iPhoneX, [0000024E1EE53E00][0000024E1DC6F500 49] iPhoneXS, [0000024E1F0E1100][0000024E1DC73680 49] iPhoneXSMax, [0000024E1EE51E00][0000024E1DC77800 49] iPhoneXR, [0000024E1F0E2300][0000024E1DC7B980 49] iPhone11, [0000024E1EE52000][0000024E1DC7FB00 49] iPhone11Pro, [0000024E1F0E1800][0000024E1DC82100 49] iPhone11ProMax, [0000024E1EE52800][0000024E1DC86280 49] iPhoneSE2, [0000024E1F0E2F00][0000024E1DC8A400 49] iPhone12Mini, [0000024E1EE53D00][0000024E1DC8E580 49] iPhone12, [0000024E1F0E0D00][0000024E1DC92700 49] iPhone12Pro, [0000024E1EE53000][0000024E1DC96880 49] iPhone12ProMax, [0000024E1F0E3A00][0000024E1DC9AA00 49] iPadPro105, [0000024E1EE52900][0000024E1DC9EB80 49] iPadPro129, [0000024E1F0E3400][0000024E1DCA2D00 49] iPadPro97, [0000024E1EE53200][0000024E1DC5EE40 49] iPadPro2_129, [0000024E1F0E2600][0000024E1DCA6F80 49] iPad5, [0000024E1EE53600][0000024E1DCAB0C0 49] iPad6, [0000024E1F0E3200][0000024E1DCB3240 49] iPad7, [0000024E1EE52C00][0000024E1DCB73C0 49] iPad8, [0000024E1F0E3800][0000024E1DCBB540 49] iPadPro11, [0000024E1EE53500][0000024E1DCBF6C0 49] iPadPro2_11, [0000024E1F0E1700][0000024E1DCC3840 49] iPadPro3_129, [0000024E1EE51500][0000024E1DCC79C0 49] iPadPro4_129, [0000024E1F0E2000][0000024E1DCCBB40 49] AppleTV, [0000024E1EE50400][0000024E1DCCE140 49] AppleTV4K, [0000024E1F0E1A00][0000024E1DCD22C0 49] TVOS, [0000024E1EE52200][0000024E1DCD6440 49] Mac, [0000024E1F0E1600][0000024E1DCDA5C0 49] MacClient, [0000024E1EE50800][0000024E1D4D0740 49] MacNoEditor, [0000024E1F0E1300][0000024E1D4D48C0 49] MacServer, [0000024E1EE51000][0000024E1D4D8A40 49] Linux, [0000024E1F0E2800][0000024E1D4DCBC0 49] LinuxAArch64, [0000024E1EE51400][0000024E1D4E0D40 49] LinuxNoEditor, [0000024E1F0E0500][0000024E1D4E4EC0 49] LinuxAArch64NoEditor, [0000024E1EE50A00][0000024E1DCAF000 49] LinuxClient, [0000024E1F0E2400][0000024E1D4E9140 49] LinuxAArch64Client, [0000024E1EE52400][0000024E1D4ED280 49] LinuxServer, [0000024E1F0E1200][0000024E1D4F13C0 49] LinuxAArch64Server, [0000024E1EE50700][0000024E1D4F9540 49] Android, [0000024E1F0E2900][0000024E1D4FD6C0 49] Android_Low, [0000024E1EE51900][0000024E1D501840 49] Android_Mid, [0000024E1F0E0200][0000024E1D5059C0 49] Android_High, [0000024E1EE0C700][0000024E1D509B40 49] Android_Default, [0000024E1EDFB500][0000024E1D50C140 49] Android_Adreno4xx, [0000024E1EE0CE00][0000024E1D5102C0 49] Android_Adreno5xx_Low, [0000024E1EDF9A00][0000024E1D514440 49] Android_Adreno5xx, [0000024E1EE0D500][0000024E1D5185C0 49] Android_Adreno6xx, [0000024E1EDFA800][0000024E1D51C740 49] Android_Adreno6xx_Vulkan, [0000024E1EE0DA00][0000024E1D5208C0 49] Android_Mali_T6xx, [0000024E1EDFA600][0000024E1D524A40 49] Android_Mali_T7xx, [0000024E1EE0E700][0000024E1D528BC0 49] Android_Mali_T8xx, [0000024E1EDFA100][0000024E1D52CD40 49] Android_Mali_G71, [0000024E1EE0C100][0000024E1D530EC0 49] Android_Mali_G72, [0000024E1EDF8B00][0000024E1D535040 49] Android_Mali_G72_Vulkan, [0000024E1EE0E100][0000024E1D4F5180 49] Android_Mali_G76, [0000024E1EDF9800][0000024E1D5392C0 49] Android_Mali_G76_Vulkan, [0000024E1EE0C900][0000024E1D53D400 49] Android_Mali_G77, [0000024E1EDF8500][0000024E1D541540 49] Android_Mali_G77_Vulkan, [0000024E1EE0F900][0000024E1D5496C0 49] Android_Mali_G78, [0000024E1EDF8A00][0000024E1D54D840 49] Android_Mali_G78_Vulkan, [0000024E1EE0FD00][0000024E1D5519C0 49] Android_Mali_G710, [0000024E1EDFBD00][0000024E1D555B40 49] Android_Mali_G710_Vulkan, [0000024E1EE0F000][0000024E1D558140 49] Android_Vulkan_SM5, [0000024E1EDFA900][0000024E1D55C2C0 49] Android_PowerVR_G6xxx, [0000024E1EE0EF00][0000024E1D560440 49] Android_PowerVR_GT7xxx, [0000024E1EDF9F00][0000024E1D5645C0 49] Android_PowerVR_GE8xxx, [0000024E1EE0DD00][0000024E1D568740 49] Android_PowerVR_GM9xxx, [0000024E1EDF8400][0000024E1D56C8C0 49] Android_PowerVR_GM9xxx_Vulkan, [0000024E1EE0E800][0000024E1D570A40 49] Android_TegraK1, [0000024E1EDF9300][0000024E1D574BC0 49] Android_Unknown_Vulkan, [0000024E1EE0FA00][0000024E1D578D40 49] Lumin, [0000024E1EE52A00][0000024E1D57CEC0 49] Lumin_Desktop, [0000024E1EE0F100][0000024E1D581040 49] HoloLens, 
[2021.12.16-08.14.51:408][  0]LogMeshReduction: Using QuadricMeshReduction for automatic static mesh reduction
[2021.12.16-08.14.51:408][  0]LogMeshReduction: Using SimplygonMeshReduction for automatic skeletal mesh reduction
[2021.12.16-08.14.51:408][  0]LogMeshReduction: Using ProxyLODMeshReduction for automatic mesh merging
[2021.12.16-08.14.51:408][  0]LogMeshReduction: No distributed automatic mesh merging module available
[2021.12.16-08.14.51:409][  0]LogMeshMerging: No distributed automatic mesh merging module available
[2021.12.16-08.14.51:650][  0]LogNetVersion: KIA_Game_Project 1.0.0, NetCL: 17155196, EngineNetVer: 17, GameNetVer: 0 (Checksum: 2241242739)
